<?xml version="1.0" encoding="UTF-8"?>
<testsuite xmlns:xsi="http://www.w3.org/2001/XMLSchema-instance" xsi:noNamespaceSchemaLocation="https://maven.apache.org/surefire/maven-surefire-plugin/xsd/surefire-test-report-3.0.xsd" version="3.0" name="TestSuite" time="6.439" tests="1" errors="0" skipped="0" failures="0">
  <properties>
    <property name="sun.desktop" value="windows"/>
    <property name="awt.toolkit" value="sun.awt.windows.WToolkit"/>
    <property name="java.specification.version" value="11"/>
    <property name="sun.cpu.isalist" value="amd64"/>
    <property name="sun.jnu.encoding" value="Cp1252"/>
    <property name="java.class.path" value="C:\Users\NamrataMehta\eclipse-workspace\api_restassured\target\test-classes;C:\Users\NamrataMehta\eclipse-workspace\api_restassured\target\classes;C:\Users\NamrataMehta\.m2\repository\org\testng\testng\7.11.0\testng-7.11.0.jar;C:\Users\NamrataMehta\.m2\repository\org\slf4j\slf4j-api\2.0.16\slf4j-api-2.0.16.jar;C:\Users\NamrataMehta\.m2\repository\org\jcommander\jcommander\1.83\jcommander-1.83.jar;C:\Users\NamrataMehta\.m2\repository\org\webjars\jquery\3.7.1\jquery-3.7.1.jar;C:\Users\NamrataMehta\.m2\repository\io\rest-assured\rest-assured\5.5.1\rest-assured-5.5.1.jar;C:\Users\NamrataMehta\.m2\repository\org\apache\groovy\groovy\4.0.22\groovy-4.0.22.jar;C:\Users\NamrataMehta\.m2\repository\org\apache\groovy\groovy-xml\4.0.22\groovy-xml-4.0.22.jar;C:\Users\NamrataMehta\.m2\repository\org\apache\httpcomponents\httpclient\4.5.13\httpclient-4.5.13.jar;C:\Users\NamrataMehta\.m2\repository\org\apache\httpcomponents\httpcore\4.4.13\httpcore-4.4.13.jar;C:\Users\NamrataMehta\.m2\repository\commons-logging\commons-logging\1.2\commons-logging-1.2.jar;C:\Users\NamrataMehta\.m2\repository\org\apache\httpcomponents\httpmime\4.5.13\httpmime-4.5.13.jar;C:\Users\NamrataMehta\.m2\repository\org\hamcrest\hamcrest\2.2\hamcrest-2.2.jar;C:\Users\NamrataMehta\.m2\repository\org\ccil\cowan\tagsoup\tagsoup\1.2.1\tagsoup-1.2.1.jar;C:\Users\NamrataMehta\.m2\repository\io\rest-assured\json-path\5.5.1\json-path-5.5.1.jar;C:\Users\NamrataMehta\.m2\repository\org\apache\groovy\groovy-json\4.0.22\groovy-json-4.0.22.jar;C:\Users\NamrataMehta\.m2\repository\io\rest-assured\rest-assured-common\5.5.1\rest-assured-common-5.5.1.jar;C:\Users\NamrataMehta\.m2\repository\io\rest-assured\xml-path\5.5.1\xml-path-5.5.1.jar;C:\Users\NamrataMehta\.m2\repository\org\apache\poi\poi\5.4.0\poi-5.4.0.jar;C:\Users\NamrataMehta\.m2\repository\commons-codec\commons-codec\1.17.1\commons-codec-1.17.1.jar;C:\Users\NamrataMehta\.m2\repository\org\apache\commons\commons-collections4\4.4\commons-collections4-4.4.jar;C:\Users\NamrataMehta\.m2\repository\org\apache\commons\commons-math3\3.6.1\commons-math3-3.6.1.jar;C:\Users\NamrataMehta\.m2\repository\commons-io\commons-io\2.18.0\commons-io-2.18.0.jar;C:\Users\NamrataMehta\.m2\repository\com\zaxxer\SparseBitSet\1.3\SparseBitSet-1.3.jar;C:\Users\NamrataMehta\.m2\repository\org\apache\poi\poi-ooxml\5.4.0\poi-ooxml-5.4.0.jar;C:\Users\NamrataMehta\.m2\repository\org\apache\poi\poi-ooxml-lite\5.4.0\poi-ooxml-lite-5.4.0.jar;C:\Users\NamrataMehta\.m2\repository\org\apache\xmlbeans\xmlbeans\5.3.0\xmlbeans-5.3.0.jar;C:\Users\NamrataMehta\.m2\repository\org\apache\commons\commons-compress\1.27.1\commons-compress-1.27.1.jar;C:\Users\NamrataMehta\.m2\repository\com\github\virtuald\curvesapi\1.08\curvesapi-1.08.jar;C:\Users\NamrataMehta\.m2\repository\org\json\json\20250107\json-20250107.jar;C:\Users\NamrataMehta\.m2\repository\com\jayway\jsonpath\json-path\2.9.0\json-path-2.9.0.jar;C:\Users\NamrataMehta\.m2\repository\net\minidev\json-smart\2.5.0\json-smart-2.5.0.jar;C:\Users\NamrataMehta\.m2\repository\net\minidev\accessors-smart\2.5.0\accessors-smart-2.5.0.jar;C:\Users\NamrataMehta\.m2\repository\org\ow2\asm\asm\9.3\asm-9.3.jar;C:\Users\NamrataMehta\.m2\repository\com\github\scribejava\scribejava-apis\8.3.3\scribejava-apis-8.3.3.jar;C:\Users\NamrataMehta\.m2\repository\com\github\scribejava\scribejava-core\8.3.3\scribejava-core-8.3.3.jar;C:\Users\NamrataMehta\.m2\repository\com\github\scribejava\scribejava-java8\8.3.3\scribejava-java8-8.3.3.jar;C:\Users\NamrataMehta\.m2\repository\com\fasterxml\jackson\core\jackson-databind\2.14.0\jackson-databind-2.14.0.jar;C:\Users\NamrataMehta\.m2\repository\com\fasterxml\jackson\core\jackson-annotations\2.14.0\jackson-annotations-2.14.0.jar;C:\Users\NamrataMehta\.m2\repository\com\fasterxml\jackson\core\jackson-core\2.14.0\jackson-core-2.14.0.jar;C:\Users\NamrataMehta\.m2\repository\com\github\java-json-tools\json-schema-validator\2.2.14\json-schema-validator-2.2.14.jar;C:\Users\NamrataMehta\.m2\repository\com\google\guava\guava\28.2-android\guava-28.2-android.jar;C:\Users\NamrataMehta\.m2\repository\com\google\guava\failureaccess\1.0.1\failureaccess-1.0.1.jar;C:\Users\NamrataMehta\.m2\repository\com\google\guava\listenablefuture\9999.0-empty-to-avoid-conflict-with-guava\listenablefuture-9999.0-empty-to-avoid-conflict-with-guava.jar;C:\Users\NamrataMehta\.m2\repository\org\checkerframework\checker-compat-qual\2.5.5\checker-compat-qual-2.5.5.jar;C:\Users\NamrataMehta\.m2\repository\com\google\j2objc\j2objc-annotations\1.3\j2objc-annotations-1.3.jar;C:\Users\NamrataMehta\.m2\repository\com\github\java-json-tools\jackson-coreutils-equivalence\1.0\jackson-coreutils-equivalence-1.0.jar;C:\Users\NamrataMehta\.m2\repository\com\github\java-json-tools\jackson-coreutils\2.0\jackson-coreutils-2.0.jar;C:\Users\NamrataMehta\.m2\repository\com\github\java-json-tools\msg-simple\1.2\msg-simple-1.2.jar;C:\Users\NamrataMehta\.m2\repository\com\github\java-json-tools\btf\1.3\btf-1.3.jar;C:\Users\NamrataMehta\.m2\repository\com\github\java-json-tools\json-schema-core\1.2.14\json-schema-core-1.2.14.jar;C:\Users\NamrataMehta\.m2\repository\com\github\java-json-tools\uri-template\0.10\uri-template-0.10.jar;C:\Users\NamrataMehta\.m2\repository\org\mozilla\rhino\1.7.7.2\rhino-1.7.7.2.jar;C:\Users\NamrataMehta\.m2\repository\com\sun\mail\mailapi\1.6.2\mailapi-1.6.2.jar;C:\Users\NamrataMehta\.m2\repository\joda-time\joda-time\2.10.5\joda-time-2.10.5.jar;C:\Users\NamrataMehta\.m2\repository\com\googlecode\libphonenumber\libphonenumber\8.11.1\libphonenumber-8.11.1.jar;C:\Users\NamrataMehta\.m2\repository\com\google\code\findbugs\jsr305\3.0.2\jsr305-3.0.2.jar;C:\Users\NamrataMehta\.m2\repository\net\sf\jopt-simple\jopt-simple\5.0.4\jopt-simple-5.0.4.jar;C:\Users\NamrataMehta\.m2\repository\com\google\code\gson\gson\2.12.1\gson-2.12.1.jar;C:\Users\NamrataMehta\.m2\repository\com\google\errorprone\error_prone_annotations\2.36.0\error_prone_annotations-2.36.0.jar;C:\Users\NamrataMehta\.m2\repository\com\github\javafaker\javafaker\1.0.2\javafaker-1.0.2.jar;C:\Users\NamrataMehta\.m2\repository\org\apache\commons\commons-lang3\3.5\commons-lang3-3.5.jar;C:\Users\NamrataMehta\.m2\repository\org\yaml\snakeyaml\1.23\snakeyaml-1.23-android.jar;C:\Users\NamrataMehta\.m2\repository\com\github\mifmif\generex\1.0.2\generex-1.0.2.jar;C:\Users\NamrataMehta\.m2\repository\dk\brics\automaton\automaton\1.11-8\automaton-1.11-8.jar;C:\Users\NamrataMehta\.m2\repository\com\aventstack\extentreports\4.1.5\extentreports-4.1.5.jar;C:\Users\NamrataMehta\.m2\repository\org\freemarker\freemarker\2.3.29\freemarker-2.3.29.jar;C:\Users\NamrataMehta\.m2\repository\org\mongodb\mongodb-driver\3.12.0\mongodb-driver-3.12.0.jar;C:\Users\NamrataMehta\.m2\repository\org\mongodb\mongodb-driver-core\3.12.0\mongodb-driver-core-3.12.0.jar;C:\Users\NamrataMehta\.m2\repository\org\mongodb\bson\3.12.0\bson-3.12.0.jar;C:\Users\NamrataMehta\.m2\repository\com\weicoder\extend\log4j-extend\3.3.8\log4j-extend-3.3.8.jar;C:\Users\NamrataMehta\.m2\repository\org\apache\logging\log4j\log4j-core\2.18.0\log4j-core-2.18.0.jar;C:\Users\NamrataMehta\.m2\repository\log4j\log4j\1.2.17\log4j-1.2.17.jar;C:\Users\NamrataMehta\.m2\repository\org\apache\logging\log4j\log4j-api\2.18.0\log4j-api-2.18.0.jar;C:\Users\NamrataMehta\.m2\repository\org\apache\logging\log4j\log4j-slf4j-impl\2.14.1\log4j-slf4j-impl-2.14.1.jar;"/>
    <property name="java.vm.vendor" value="Oracle Corporation"/>
    <property name="sun.arch.data.model" value="64"/>
    <property name="user.variant" value=""/>
    <property name="java.vendor.url" value="https://openjdk.java.net/"/>
    <property name="user.timezone" value="Asia/Calcutta"/>
    <property name="java.vm.specification.version" value="11"/>
    <property name="os.name" value="Windows 11"/>
    <property name="sun.java.launcher" value="SUN_STANDARD"/>
    <property name="user.country" value="IN"/>
    <property name="sun.boot.library.path" value="C:\Program Files\Java\jdk-11\bin"/>
    <property name="sun.java.command" value="C:\Users\NamrataMehta\AppData\Local\Temp\surefire230998683177445542\surefirebooter-20250224191655837_3.jar C:\Users\NamrataMehta\AppData\Local\Temp\surefire230998683177445542 2025-02-24T19-16-55_178-jvmRun1 surefire-20250224191655837_1tmp surefire_0-20250224191655837_2tmp"/>
    <property name="jdk.debug" value="release"/>
    <property name="surefire.test.class.path" value="C:\Users\NamrataMehta\eclipse-workspace\api_restassured\target\test-classes;C:\Users\NamrataMehta\eclipse-workspace\api_restassured\target\classes;C:\Users\NamrataMehta\.m2\repository\org\testng\testng\7.11.0\testng-7.11.0.jar;C:\Users\NamrataMehta\.m2\repository\org\slf4j\slf4j-api\2.0.16\slf4j-api-2.0.16.jar;C:\Users\NamrataMehta\.m2\repository\org\jcommander\jcommander\1.83\jcommander-1.83.jar;C:\Users\NamrataMehta\.m2\repository\org\webjars\jquery\3.7.1\jquery-3.7.1.jar;C:\Users\NamrataMehta\.m2\repository\io\rest-assured\rest-assured\5.5.1\rest-assured-5.5.1.jar;C:\Users\NamrataMehta\.m2\repository\org\apache\groovy\groovy\4.0.22\groovy-4.0.22.jar;C:\Users\NamrataMehta\.m2\repository\org\apache\groovy\groovy-xml\4.0.22\groovy-xml-4.0.22.jar;C:\Users\NamrataMehta\.m2\repository\org\apache\httpcomponents\httpclient\4.5.13\httpclient-4.5.13.jar;C:\Users\NamrataMehta\.m2\repository\org\apache\httpcomponents\httpcore\4.4.13\httpcore-4.4.13.jar;C:\Users\NamrataMehta\.m2\repository\commons-logging\commons-logging\1.2\commons-logging-1.2.jar;C:\Users\NamrataMehta\.m2\repository\org\apache\httpcomponents\httpmime\4.5.13\httpmime-4.5.13.jar;C:\Users\NamrataMehta\.m2\repository\org\hamcrest\hamcrest\2.2\hamcrest-2.2.jar;C:\Users\NamrataMehta\.m2\repository\org\ccil\cowan\tagsoup\tagsoup\1.2.1\tagsoup-1.2.1.jar;C:\Users\NamrataMehta\.m2\repository\io\rest-assured\json-path\5.5.1\json-path-5.5.1.jar;C:\Users\NamrataMehta\.m2\repository\org\apache\groovy\groovy-json\4.0.22\groovy-json-4.0.22.jar;C:\Users\NamrataMehta\.m2\repository\io\rest-assured\rest-assured-common\5.5.1\rest-assured-common-5.5.1.jar;C:\Users\NamrataMehta\.m2\repository\io\rest-assured\xml-path\5.5.1\xml-path-5.5.1.jar;C:\Users\NamrataMehta\.m2\repository\org\apache\poi\poi\5.4.0\poi-5.4.0.jar;C:\Users\NamrataMehta\.m2\repository\commons-codec\commons-codec\1.17.1\commons-codec-1.17.1.jar;C:\Users\NamrataMehta\.m2\repository\org\apache\commons\commons-collections4\4.4\commons-collections4-4.4.jar;C:\Users\NamrataMehta\.m2\repository\org\apache\commons\commons-math3\3.6.1\commons-math3-3.6.1.jar;C:\Users\NamrataMehta\.m2\repository\commons-io\commons-io\2.18.0\commons-io-2.18.0.jar;C:\Users\NamrataMehta\.m2\repository\com\zaxxer\SparseBitSet\1.3\SparseBitSet-1.3.jar;C:\Users\NamrataMehta\.m2\repository\org\apache\poi\poi-ooxml\5.4.0\poi-ooxml-5.4.0.jar;C:\Users\NamrataMehta\.m2\repository\org\apache\poi\poi-ooxml-lite\5.4.0\poi-ooxml-lite-5.4.0.jar;C:\Users\NamrataMehta\.m2\repository\org\apache\xmlbeans\xmlbeans\5.3.0\xmlbeans-5.3.0.jar;C:\Users\NamrataMehta\.m2\repository\org\apache\commons\commons-compress\1.27.1\commons-compress-1.27.1.jar;C:\Users\NamrataMehta\.m2\repository\com\github\virtuald\curvesapi\1.08\curvesapi-1.08.jar;C:\Users\NamrataMehta\.m2\repository\org\json\json\20250107\json-20250107.jar;C:\Users\NamrataMehta\.m2\repository\com\jayway\jsonpath\json-path\2.9.0\json-path-2.9.0.jar;C:\Users\NamrataMehta\.m2\repository\net\minidev\json-smart\2.5.0\json-smart-2.5.0.jar;C:\Users\NamrataMehta\.m2\repository\net\minidev\accessors-smart\2.5.0\accessors-smart-2.5.0.jar;C:\Users\NamrataMehta\.m2\repository\org\ow2\asm\asm\9.3\asm-9.3.jar;C:\Users\NamrataMehta\.m2\repository\com\github\scribejava\scribejava-apis\8.3.3\scribejava-apis-8.3.3.jar;C:\Users\NamrataMehta\.m2\repository\com\github\scribejava\scribejava-core\8.3.3\scribejava-core-8.3.3.jar;C:\Users\NamrataMehta\.m2\repository\com\github\scribejava\scribejava-java8\8.3.3\scribejava-java8-8.3.3.jar;C:\Users\NamrataMehta\.m2\repository\com\fasterxml\jackson\core\jackson-databind\2.14.0\jackson-databind-2.14.0.jar;C:\Users\NamrataMehta\.m2\repository\com\fasterxml\jackson\core\jackson-annotations\2.14.0\jackson-annotations-2.14.0.jar;C:\Users\NamrataMehta\.m2\repository\com\fasterxml\jackson\core\jackson-core\2.14.0\jackson-core-2.14.0.jar;C:\Users\NamrataMehta\.m2\repository\com\github\java-json-tools\json-schema-validator\2.2.14\json-schema-validator-2.2.14.jar;C:\Users\NamrataMehta\.m2\repository\com\google\guava\guava\28.2-android\guava-28.2-android.jar;C:\Users\NamrataMehta\.m2\repository\com\google\guava\failureaccess\1.0.1\failureaccess-1.0.1.jar;C:\Users\NamrataMehta\.m2\repository\com\google\guava\listenablefuture\9999.0-empty-to-avoid-conflict-with-guava\listenablefuture-9999.0-empty-to-avoid-conflict-with-guava.jar;C:\Users\NamrataMehta\.m2\repository\org\checkerframework\checker-compat-qual\2.5.5\checker-compat-qual-2.5.5.jar;C:\Users\NamrataMehta\.m2\repository\com\google\j2objc\j2objc-annotations\1.3\j2objc-annotations-1.3.jar;C:\Users\NamrataMehta\.m2\repository\com\github\java-json-tools\jackson-coreutils-equivalence\1.0\jackson-coreutils-equivalence-1.0.jar;C:\Users\NamrataMehta\.m2\repository\com\github\java-json-tools\jackson-coreutils\2.0\jackson-coreutils-2.0.jar;C:\Users\NamrataMehta\.m2\repository\com\github\java-json-tools\msg-simple\1.2\msg-simple-1.2.jar;C:\Users\NamrataMehta\.m2\repository\com\github\java-json-tools\btf\1.3\btf-1.3.jar;C:\Users\NamrataMehta\.m2\repository\com\github\java-json-tools\json-schema-core\1.2.14\json-schema-core-1.2.14.jar;C:\Users\NamrataMehta\.m2\repository\com\github\java-json-tools\uri-template\0.10\uri-template-0.10.jar;C:\Users\NamrataMehta\.m2\repository\org\mozilla\rhino\1.7.7.2\rhino-1.7.7.2.jar;C:\Users\NamrataMehta\.m2\repository\com\sun\mail\mailapi\1.6.2\mailapi-1.6.2.jar;C:\Users\NamrataMehta\.m2\repository\joda-time\joda-time\2.10.5\joda-time-2.10.5.jar;C:\Users\NamrataMehta\.m2\repository\com\googlecode\libphonenumber\libphonenumber\8.11.1\libphonenumber-8.11.1.jar;C:\Users\NamrataMehta\.m2\repository\com\google\code\findbugs\jsr305\3.0.2\jsr305-3.0.2.jar;C:\Users\NamrataMehta\.m2\repository\net\sf\jopt-simple\jopt-simple\5.0.4\jopt-simple-5.0.4.jar;C:\Users\NamrataMehta\.m2\repository\com\google\code\gson\gson\2.12.1\gson-2.12.1.jar;C:\Users\NamrataMehta\.m2\repository\com\google\errorprone\error_prone_annotations\2.36.0\error_prone_annotations-2.36.0.jar;C:\Users\NamrataMehta\.m2\repository\com\github\javafaker\javafaker\1.0.2\javafaker-1.0.2.jar;C:\Users\NamrataMehta\.m2\repository\org\apache\commons\commons-lang3\3.5\commons-lang3-3.5.jar;C:\Users\NamrataMehta\.m2\repository\org\yaml\snakeyaml\1.23\snakeyaml-1.23-android.jar;C:\Users\NamrataMehta\.m2\repository\com\github\mifmif\generex\1.0.2\generex-1.0.2.jar;C:\Users\NamrataMehta\.m2\repository\dk\brics\automaton\automaton\1.11-8\automaton-1.11-8.jar;C:\Users\NamrataMehta\.m2\repository\com\aventstack\extentreports\4.1.5\extentreports-4.1.5.jar;C:\Users\NamrataMehta\.m2\repository\org\freemarker\freemarker\2.3.29\freemarker-2.3.29.jar;C:\Users\NamrataMehta\.m2\repository\org\mongodb\mongodb-driver\3.12.0\mongodb-driver-3.12.0.jar;C:\Users\NamrataMehta\.m2\repository\org\mongodb\mongodb-driver-core\3.12.0\mongodb-driver-core-3.12.0.jar;C:\Users\NamrataMehta\.m2\repository\org\mongodb\bson\3.12.0\bson-3.12.0.jar;C:\Users\NamrataMehta\.m2\repository\com\weicoder\extend\log4j-extend\3.3.8\log4j-extend-3.3.8.jar;C:\Users\NamrataMehta\.m2\repository\org\apache\logging\log4j\log4j-core\2.18.0\log4j-core-2.18.0.jar;C:\Users\NamrataMehta\.m2\repository\log4j\log4j\1.2.17\log4j-1.2.17.jar;C:\Users\NamrataMehta\.m2\repository\org\apache\logging\log4j\log4j-api\2.18.0\log4j-api-2.18.0.jar;C:\Users\NamrataMehta\.m2\repository\org\apache\logging\log4j\log4j-slf4j-impl\2.14.1\log4j-slf4j-impl-2.14.1.jar;"/>
    <property name="sun.cpu.endian" value="little"/>
    <property name="user.home" value="C:\Users\NamrataMehta"/>
    <property name="user.language" value="en"/>
    <property name="java.specification.vendor" value="Oracle Corporation"/>
    <property name="java.version.date" value="2023-10-17"/>
    <property name="java.home" value="C:\Program Files\Java\jdk-11"/>
    <property name="file.separator" value="\"/>
    <property name="style.color" value="always"/>
    <property name="basedir" value="C:\Users\NamrataMehta\eclipse-workspace\api_restassured"/>
    <property name="java.vm.compressedOopsMode" value="Zero based"/>
    <property name="line.separator" value="&#10;"/>
    <property name="java.specification.name" value="Java Platform API Specification"/>
    <property name="java.vm.specification.vendor" value="Oracle Corporation"/>
    <property name="java.awt.graphicsenv" value="sun.awt.Win32GraphicsEnvironment"/>
    <property name="surefire.real.class.path" value="C:\Users\NamrataMehta\AppData\Local\Temp\surefire230998683177445542\surefirebooter-20250224191655837_3.jar"/>
    <property name="user.script" value=""/>
    <property name="sun.management.compiler" value="HotSpot 64-Bit Tiered Compilers"/>
    <property name="java.runtime.version" value="11.0.21+9-LTS-193"/>
    <property name="user.name" value="NamrataMehta"/>
    <property name="path.separator" value=";"/>
    <property name="os.version" value="10.0"/>
    <property name="java.runtime.name" value="Java(TM) SE Runtime Environment"/>
    <property name="file.encoding" value="Cp1252"/>
    <property name="java.vm.name" value="Java HotSpot(TM) 64-Bit Server VM"/>
    <property name="java.vendor.version" value="18.9"/>
    <property name="localRepository" value="C:\Users\NamrataMehta\.m2\repository"/>
    <property name="java.vendor.url.bug" value="https://bugreport.java.com/bugreport/"/>
    <property name="java.io.tmpdir" value="C:\Users\NAMRAT~1\AppData\Local\Temp\"/>
    <property name="java.version" value="11.0.21"/>
    <property name="user.dir" value="C:\Users\NamrataMehta\eclipse-workspace\api_restassured"/>
    <property name="os.arch" value="amd64"/>
    <property name="java.vm.specification.name" value="Java Virtual Machine Specification"/>
    <property name="java.awt.printerjob" value="sun.awt.windows.WPrinterJob"/>
    <property name="sun.os.patch.level" value=""/>
    <property name="java.library.path" value="C:\Program Files\Java\jdk-11\bin;C:\Windows\Sun\Java\bin;C:\Windows\system32;C:\Windows;C:\Program Files\Common Files\Oracle\Java\javapath;C:\Program Files (x86)\Common Files\Oracle\Java\java8path;C:\Program Files (x86)\Common Files\Oracle\Java\javapath;C:\Windows\system32;C:\Windows;C:\Windows\System32\Wbem;C:\Windows\System32\WindowsPowerShell\v1.0\;C:\Windows\System32\OpenSSH\;C:\Program Files\Amazon\SessionManagerPlugin\bin\;C:\Program Files\Amazon\AWSCLIV2\;C:\Program Files\PowerShell\7\;C:\Users\NamrataMehta\AppData\Local\Microsoft\WindowsApps;C:\Users\NamrataMehta\AppData\Local\Programs\Git\cmd;."/>
    <property name="java.vendor" value="Oracle Corporation"/>
    <property name="java.vm.info" value="mixed mode"/>
    <property name="java.vm.version" value="11.0.21+9-LTS-193"/>
    <property name="java.specification.maintenance.version" value="2"/>
    <property name="sun.io.unicode.encoding" value="UnicodeLittle"/>
    <property name="java.class.version" value="55.0"/>
  </properties>
  <testcase name="getProjectsDetail" classname="api.test.GetProjectsTest" time="3.984">
    <system-out><![CDATA[2025-02-24 19:16:58,320 main WARN JNDI lookup class is not available because this JRE does not support JNDI. JNDI string lookups will not be available, continuing configuration. Ignoring java.lang.IllegalStateException: JNDI must be enabled by setting log4j2.enableJndiLookup=true
AWSELBAuthSessionCookie-0=tHcwzqxIy3bWKwBA0wWdoNFcY0xQ4CXTYFBffoVrb13oVlnoi0qFxszZUx7z8EzxGJzLqmL0FK/fOGoUe0mOmMQ9W4x4u7pimO3OnNfsp0kguqh0SQd/x0aSjPP611kwdmO1Fi3ke8WTHfzX4VFGXlGtg0o9dsVqjqjOIc0xRSGX/s54AkmqdDCfChMpVvRCiE1I1w5rt5RwnGEaMHf8HRIj9YSIjzvZ4eFpfuw02xLJX84yacwRCqOfJ+5+uIdKhuTn6CnYVkjlF+6xLODnXn1XJYhLlpAdnAK6bOLSNeyq/V+z7VguL2vHA4w20MTKFfgBg1aQazhKkJUeJR4Xid8dtlohOMT7yo75WhJ2GypFmHljXYR7oktZHIQq4Y8dmPJN+o00lvPAALqfM6ncURBQI4F0W3koWHLN0Lpjr47bnxBA7w8L0tjpX9LxnKrTh40gPbytc4yJWOILG0AZQTqi2X+jjNwfQ3br8Epn+lpagcKA35bzIH22oT8fSw8TeiBWnuZrmCkSDeLuu4LZrE2ml75LBLkjq0DI4NS9Gz2tdZ4BxNJaLZOmrmcpKj2q1JquHT/YDbtI78d1/oR/Y7nOVCfdiqpH4VmfPKRsIYkVsvk/9rBYDjwM0ROjN/oKWw80tQBIL2Y2IFaP8u3VLAEHDqiAqIbbRJ8AK7I0D7rOekcsLcKoHfShkFwtwqPP8q4iJhjvbGlPuiykm+bP3o2cvsniD2emInDfvEJ1gHsUk5Y3+20aDGwXMor3XzK+5ebmg81qDII7sS+mL69qgn5dOpit437UNdl8EWO7c15UBhx/1avQQQ2DvZpjoY/BTdTnruAFYmim83dhkhNvd8U280voSZ+5JZnnp99kAtwKaqzbxzZZXg9talabcctyHnhGuxs+KoyCyR1AzxEvJglY5HdEzSKuJ802fGYFhqV7Cs5cgtZJog2OsKWRHfHV6Bc/k/HTcieZDkvddao+lhA0FMaTjgX7pIy4WQ7X1sYJ7P/gHLN7y7CfOhopDbIvaDsbpgn0+MfS5WwosnU0D02kld5Dctw6BmEmT//A5BdQfcs+28ADlNZ82GYesrF5WADtSpWYUIwxKEwTBe6RWngEIATSve/yfELusNjTzs41dvH1f9wd7WxABFNcw+WN08WyIwHQCBCQ/nc+C+O1kQKuggDi4Ffg0eOYLA/OWDidhzKJg7ZTrXW4TUKKacxGwlQlc96+L0jggtfqsE7UNywiSnTiV7p6iiy/vzjt3FG+5iF389WPzwR2xwoB7V+4UYugUCVNopothLY547b9UlmsNv6UhlGigZ9pgtQpy1r8PjqUeRsn8LRXiYmGeWlbMF+DI22oxS0F/AC66Hd34RQ30W8Btx4XsIVJrBHxqb4Mp3OGdSI638M0hQR0my7g8+8kpFQ1T/UEa2SyYKJt2moltydKr2hxA/WRKhZRg8FZCv+rzBJLoEvZpCHv5aGduCPSALBODbtaJrX5BcNnkxdPnWW4kfEdU8mavaJBNPsdHS9n5G3MDclXBS+tU09jdOiXUemi1evpDskdwISI2Rg3772QStN9kpnfOKnTXEGjTRqP1Hb3TMIegbv2CKtmSqcRqL23v8hyEASzBsfRAKew6yx0E1eWDsWBsiGWZJlC3fge+fnWr4uMeYXdiy01wuNrxYoQdU8hKYflu9xnLQ9UzfGVK9LGDio9hcp9hfjDMcT0dYrdDC/S2EU+N23xNiEaESqH03yaUCkVMd9k/pDaQDoLnyJVkpYwmtF9uhxHsVUG+ZfpYXkeUTiPLOsvW9jG4IaQTKBAKGblif/zLxsevj43iSYA/WSisgWc3vfpoigKyALU7UJ7UBaSQb8hDtshPDmt3RwWo5ZpSXjG4+BYJodGfAMQjI7n/tWZRpX7Krr0JD4j7h7MHbk0yAr4x+1owEKqnGkauyPQr4zhWyb3tXzk31dhI1rpI9y22DFqMWCIj0FqfJZvTs2qTb9Z8ZPeY/YOqQWCyyMvqNvxs0yllj23YIfktem01PXFprwMlVQ8dMITEspZdODRX/y8TzL8GQSMwtNQ5efFFzAfnOVL/aPxvI7+XEVc7kJRU4FdaIbhTfTpHrX1kfE5mKqJB2RZfdJJRg8asEO1xbLKbx9Pl+BuezS5r3ZRPGvIhOL+755Ti/CaDaURnv0H4X2V2A8AG1S6KTibYI+W1kx88WJa9zTfNUAToYm9ub+zgvJet0cuuWlE6E/ybcQJ7f1JtpxzfT1ZI5ITt/LeQLEVn3jR2gcGPUv1ukjzuuVBwUMFgvWgkGzxCAYVDDhJk4YbxbYyEaXyrpEnn/4d9fH0dmRCmkbUImEHAcOMdn5gMhDIl0kHucOJiEITnf3V0j2IKVa+CmC2poKP3mnM8RR+7J3CyTJrm5XNokdpUZ+1i6PvbwLFibRXUP9BLdOKZUlrSPTf+7yWm8JFStnVQcvp8VQRz0p0u11SHKSWd4wR1zeJdCTZLgF+eX9cyo4IAHp7HuHsTKY4ypVK7Bs/pBnSafmTtJlvu4F5mBpComfnX334Noig5+K2ZoqIcFcasG6z+U942Tzg1SRPSDeUVfazB5JKsXJXaq0AyigDrC5nbzzYKIHjTJf/QwjNo1fpKqPtE2g+3Op6pRLDt36ItXe+rLWYey+UDFzQyyTdaHYOloiYleKJxaLoQCtzjerjl+tktyFl5znwxfecfnfdhTc6QE46ORj8FBc8S8Z3AI8PTA88wk4LU/iW2rN+pYPKCqwnvw16CzZf//CNspx7bw0m4ahmfp5JWZlr6yJDkomfUCt6pWCM5Ku8qm9Vj3vABuOMg126+4oozJBVosypmbC1chpBqPDh9oCIa6KQ19+cEOvfhEZoK3Scc/SA9/4oJZTSmsnpaluzm+/oefQOA+Nj28jMvx8VHdIrGhCpMmmezSePAt+4DfCja6kfH0hVHGN82Ze+8Od8loDHXhzj3Nn3JfaFMSx4Ate0+HZnwVOlXNqP3RYkylF30I2OMmbp9meeBf7Ek37JEX6H3TpmLSKBsmTb4b/8D46okpjl5mgeFpd/oxMlAIBmGIlY6MyzqBb80TpIVr4BGZpf/lTGuIsE6Fmyk1MvOQU1Mw4c23z+sigOgJ2n0cWd5PGMXdikH2mrEnT7q+JJRzUY8YIAEzMk1XoDOdz19h5eIWGhl4w40XAhcqjdZ2nAzFviLJxOGXumJvP9KxWdLT2+j4RFvm9NshAc5PBCfJbcTKMctNUEWG5stecx2ouUkI53JvWY8n8r+CNF+0EyN0cnLCz9r5J/k4TuFNdGnhMNRX9rAix4SUQfyh17upplQ8yn60Di1QhR8d6a+cw+hZwswqvvRjoFtQ5sNeEYPVAgRiLOnIuSNg4y67p8EWjKJm8FAPIShx6Vz/qHLb1zLp9+cyhyyilBSN7uOAHARbzWbtHrw7q6/VLjiNDcWGTzRVwz466usIjJ/05L++f5OWHVYHNdVqHk572Ht8yHFzpBzMEbPvSfGVtiNe9dovBrAqxSN3qr9ZvZxUQr4PVkZbujoqmGF6NYRsGBT6h3ABnEnt4Qv9d93PssaqHqIgWJoQNBG2TclYRD+wUONuFdgV5Zb9ofV1pZHu4v4Ip/hM64yLIxvpbm2c0xaBFao+vyoZKE2mS9V4bftM6xt5Opz4XJH6KX5Dkjzus+y0iZ6BYaUZZB+Gb86n3vhvdcG9y/zP3MG3mrmpW8mQGhF1SId8WcJiioFGJ0uTrqHKaO9VUJSgGK+ekdAlLZ2b4bCFU/X+/bf3YVNhEo2Py9ytYJiRFiEB0rNvTG0b/z/8gzHLZVcTYUFMLEoq/RZDVsa2fl5ELK9MAaIunRgwLaqKMsPvN7Rb0xmYqzzfTAoENavDqrDJv0TsTwpDtK7thh1sky9x5/IAup+PU5o0LJL7bQKKg6NeFF2HVV/+CWurHjwD7FhdRC+kwwcnM7RqQzKzDMrzCJdw6XwR00nIhGNkooYPDzYDrn; AWSELBAuthSessionCookie-1=ramxOZrkRzS6HuKAk8l8GFNwqUbeGzc1HyrQU54x2srM5PmvN2yNaWqcIlJsTjTw2aFU2srLF2rqx8vc5vCKITOHcubBL1EKrIz77M0funGqQ0S+PJSgPS3zV127e4bXH5Dl35U8CkSDqCxbclENDqGfELNprx8cqg/IxSiVUMvjodILCMMPax3ZdPEd108SLuA9wUv/1mH88xc1l6rn2ivsoR433i/ZEtsPn2x5XxP1zJ0KrqnELqT1379nnZ7tciIeDvEKYPDnLpOVmWbrCtvn7fDcSdl2ONoaV9p2z0CVlH9jvGC//A0lpbA3BOO60E0Vxa3S39gmevow1hwgnuJEbX9iDZW4yAyO+tuivjKj6n5WyreSxpEyZXfX/p2rnCwweuC4FB+VeNO2JapUpIgvE2hEK8cK57Ng3Ncrcl9h3kG5Am7vVmHB6BDftQ3tJGTK16jsIh0HzVS0Dfyo3aBcQ2/O7UWU3kh6kbZmMtYpRnEbuTFSkmHs4WLmW2TGx/Z8BXP5nVkuPIFDnsGhSLoSUGqt/xmfjIOPTb/CGMK5EcFroj31iAUnn9iDJCcPfE3Rw8WY2qJcaQLr9nOI76UheEf0yj+lcTI21bvvmFxFrnZIWoY5Q6SmNv/MYFn5vFoWCYtYf3ydncCnj618q34WpzsAKXZFe94o0oXtMN5e/cvkdncUlDPOw2Sc6P21YCP8MCY0SEZWTLnzjnz6iNnk9f9PMnmA4B2jhln9aPm6p0YGGMxiUo16k4Q5jjzWmuCUeczkDeQqVAswMz/6BxVQPvLVOJzN+16EM3DYVO1BwMPIV5zhYpIQDWqcbMmRVWCUmnszsA6c0fKa/UTADrl3CfFcHTW9IiPb56J+BpaRgv3vZ9uCjc6aK7qAqT/UpF4u0U9KdZoc7FBX2Ku1RuTi3PkcjFkamulNTryArMoAPTKV5XJ85pLfYW67S+/BGNyHbmf1Q17gn+YwzEgVCSzwQbZEXN9ocQkB7o0Qj7LkuovvKfwAP2uMl/tycV7hcanJC0QiAQfOxEToZ22M6ElxzDcJzyU2/+to0HIuKl5yH7mLp7tK3fJ+TirkZKcMX227Q4U=
HTTP/1.1 200 OK
Date: Mon, 24 Feb 2025 13:47:01 GMT
Content-Type: application/json; charset=utf-8
Transfer-Encoding: chunked
Connection: keep-alive
Set-Cookie: AWSELBAuthSessionCookie-0=XAZiA6o+n8VxVZKHiBzaXjuZaJqQXWE9cJmI9Ap+NitPeKPySxafa/LzIhF/NStYWVlwvGZroNVruEXqvxsSFLPk8UhLojrs+2eisVFM47/WQXn97Qard/8p4PbcBLrf2CO89jYBC85l8f9QPOnPp/uetVQ2B8CPOBwMDDQkIn98jbmEtkjMfAVTqmEkIoMPXLI+L2t/gzdxDQoXSqDVQx7yzwMwQDHwYeY22WwZOvSp4MST4z5ALuQA9iXYLhfHvwInx9N8oW3VQDKjlQM/dFq41QPOBQcrkqS1WHG+VU4x2EuW6ZqnkjE5aYtHmGxMhE60qAfXeVQInAgLKogc7Kef+qJvzH6dyCq3/cC0EjNEtWV2mTaVBL1wtmw5P0BRgNqUApP7YAqdOyeya/CotE9gSI5x/Z83dCrsTF3asNGHM+MctE5WiyXW2AlzelyPFch+jU04uuI/f6F/109hRbNra0D6cd1X9oFlH2ObcQqyvs5P9MhCPFzMf2XQ1TA7RNyahpQs1tXlLrips3lD/vvMlcg5sI1ph+7amV0s6Lw1ZPPZOncK2XJCmX1nFGHi6A9SNpjWuQpdlozk55U+9EOwROsuRoL5xicE8QkYk07OH2Lyl/1YEo26f+QXG8YQ6g54N9+4w5IvpCFSc1oJbi4fH/YOlWzrnEoQOdYrXKPvqKe8HMqQO8uBxB6R6AegICavKY+nl5JFbmZaAU//JnYSyGwxsDzZ+BLhC6kuYWyL7tLuSUwJGVYJn7SbtY5+it4///gWGalyXaOqYDY0sazttWOvkxvGF/iOVFx22o7sa/gboGt7m0XnQsr5Y+1TvdPNHRC4w5/bKHtwEw19qMoC9zBlLyd5rg5UvLC95N08gNPEfVC5Da4uPLoMNRfe6kG/t2FzTFQnwUL+J5Xii5Cio6MzOBgnixum8FV/GmXDYFqdnFEPzWLYSBgUh0sHW3ozsO3Smy4/riK+8Yl77vYnAQ9tHEZkMcquk2dshcUkTLQXHKxFM3MRTGvVfAQMRvKlbz9clvJZbigcciPRl/RogAqGQ777MwCCRpmzHgHLLBMYmRenUxPaYqiWvaiUJFuV02xyUw935zxd0CHX5aEWEvUviClDE2aNywg1NiTrZPS5Ry/aBJKe07cDKQdb5lktIkOFRXFJzl0OXPh3njR0ueNqDOlFJLUj9RJmQ8amRDWEgAS5VRrUwXcyHTSJgmnsN0gng1Qkbh1l3ZAShkdRb8+3cXQh866KVmDDdoLoK/zVoXgmitU4wg56sCmgUr8ybOn1ik1PCCHGzBPcBvG5Zy8xnFz4Vc6r3BTWxZdSrppw5IGSXY4hEoruj5qepUw+mcQte98m7RS6pa/rqIsVyoeTklEF+/w5DCwBME3kO8sx2oNbUw26y6KRyaWLtCk7hPqLnJvQPxislYXl5F5TKrtzscy8+syCkQyPYOBvLYyQLv1CRG01VRITwLq5F/ZUsonMkF0B5ENF+c60SUq9c/RXZkwEN8DEmp90jDKWS3iou03mEOtPFzzY0rSd9unPm6qCN7tJkATSswOG2gZlQGsypUjuSnV2eFw0PSjyj2VOvdGoOWKIxze1Cuoikuzd/maGqmPIALd8MxKYPiwcKexZgThbCEIOJmQNNgnNTY0n+Wdoct7mAZDHntVyhbwQY+FK5ELdpqMWmiBnCdvGbkpwE/BTt1LV0Zxx/nq8i+Bpcttx6Q7Q6uPQL4I4/6d9e2cP6Y3M8y6b6UZiVWL1S+KVkKdxAaHpHxsNeAda0JnBQ1y0bRKL8kGM03A7R+OPvHT1Wb3KTjdZpusSgg9r4K1IiYTl4R2VAuW7ktjdI21tHMo0Y7++GqqiuE59d0/Mv8ZoOKAW2tetHYSGREr4yvihp1kv63wXFrWs18UyvR3JIYKBso7Y7oSJJGDCONd5tua9UdjRE9DEhEyGdH1GYn9mAceNJ0IINHsg50vkIcKRiW4Qd0VPYN4uIxbXF7GRpL1U32ZXVpvnSaWIkHO9if57Qx8fTiQEBbojURszYPOvxzqlXyaxoQ2DjiSSYmO4y6tMn6rQH1j+ArrJlx9vY64DeVL7sHhlO1cvluXYrCG1wg6e45pPkwHv29BGe3+LbGl4qSzUvP1PLg3+FQRVwCUavbydmYUoXTX3PnW5lU6TnOfgzolJKfEZ9Y9bgWRnpkJLSD1z/gOogVkoF4He/O5XpUPD7c1qveDktGrmZ72OLQZW2Ws0TBTDHz323NooNJmUPpEvFJlNcSBq2+noSBiJ6AyuLkm7l5aKqAjand1utzW8utxZXwigUfXBq/XWa+hdh8xtQadupTZBxNM+iwrzwjUDvNuswXKsfcMZYVhSkSIChwr4kviNy2VRIrKqWbn8r6qYG6szyT+Z0ZkxcCTw7kT06xH5+ZbLcd/zGhmuCNiL1k43PacK7C3b8vS/h8wItXCuVOr4pq+Sd4jHd6eQ204rSm2i3Idmvy5/mncNHZf/oYSTNPvuimLJtoiuJ/dlgilD1HH0D2MikwBqrdcpseFQongGqezm4z9Fdg3OsdCcJuIYpVcLKYY2cuiyOhceItfEFj+jQW0G2cIMz1pA5uEY7EIRdVVFH+vE/YfcBaCOFqUFencvnkaAdfLsNGM3eHmORefeVQ/F+NuJ9VUH3Gpq2rdKWmsrStQW1NFBJqZNfWnq6LVzx49oWHTiNvgwonATDZGLS4k0P3XQFZhAryRS6WBb0zSPtSQNgo9PbXVax06iWYO8EOGEaANalSFs61Yr/Op490df4DHUWsQ428NkEBIa7+1AQsYyb8y6woB+GHFE8dNGnc7wtv76yP20CubhGCsHS/loKZ9DgBGGKhCzja8OqDa2sR4Wukfy1wSmx0RoPNx8PnLjQ7mgjUolvCDaxI5W/C4qQSS8+Ig9d+xU+I079pDjc+aq4XnT/9XP5nPZjTzq5Ce3rf/aXa1Uvt9nyunih0Jt77EcrzimqwYr4E/1IpgvffrWEiLfA/ijIVe2wcm0OhYV+lxleTqtOKpfCUP8jQtEsXAlpYx4H5ni45vjZ3BkI47yiN0rqaiooJ6iJHfDqTZVZpdZ7//XEdh7yetepFpqKVVHZ3EhbF70KA091iFaMNPmgkpkIbVOOPomgqSXFYhd9cgP1Y4b0rtddCRwXjlsicPtc6jTdyPECleqJJFw4O5Yc/WmDYaDMcxkITIAwQvziTvCiqZk8Fzc4avIkMHjvvuuJeDyS46t72KVRnCGZbC4qGRAmkBiZ43AYQTn9Vc/shNDiY284usP9h35Jm/5xhpB5OpfMkIhT01rwRFCBQHjKamVv2Zjm1DS3fYyxbrZsQzj5Rv1Lyv+Wi7D+IbTokckr9ps4twDDGUt4ewyQ8aVA01+IHRM1AvtgB2iEqqGx8+bjGXv6Crfb/ytUe1/F0x3Q1Be3Pje77HECbSwSE36N+U1lMEne3ZplMAE7sioavma+pmVO3QGabn3BcHuRHzTs4nYlJgw95bU1i288IhIC87PRqUO0AHGOTRMnOgCbxUQpo/X/7IkUztzvCn7QpaL52u6JXn9hw31lWruJTlcbF0yGMB4Dnq8cX0nJJ5MY+MmaADkmkQC3bMW8KfVkpc7zShQ/hW4EwpwwN5LYVhl9Qc0JzkA+11LQg5m9YJYBZoe1N/W99f+lhDf4uKsskAo+U9SpYjPwfNVOsuCrGiaYmRXSfGEjldIyBI2Ev67JbGxvc8AEUYI/br7aTFe1SL9octFnKZ/XTNPwmZ4Fyv1TSRMCa2K+9tXZUP3M2Q2+FhezEmIE9ClkE+Pfs8rXI6JoGnrzuSQ8SqbM2VljqSUaHzASeRai8qV2ylE5876OfS6N0ScqLBcaylvtpl7JJhv4hcYQ/PigML9/klLaSfzxPTO4w1SuFdMzLUaVvYBoFICztmcbj+PevjkPAj1c4Bv63/XnUE8veSQrAdaru+QVpDRvhHqs9OSlkBnRqKCnDKTInjdUZxLA2yn; Expires=Mon, 03 Mar 2025 13:47:01 GMT; Path=/; SameSite=None; Secure; HttpOnly
Set-Cookie: AWSELBAuthSessionCookie-1=aTcfxROQ3eG7MknkIs7a8V/b3DBRdGLN/W3oWBLlU31Y4QSiXNGc14dDdMPf6uyhB0IeGa+SccRPaGunco1ndWD6uIBt9/Gb3EwW578dvdd2FTpBqwd2JvqzHnqGjeza9HnIDNj2jAegpuCxzRAxiZChOuZtl6n9mOOHLGTKsmUjJblJhtxTldvss1CIqjAbEayXVKuxWwtGTSzLTpxZ3l633Dmdw6bKL7w7UFpLcMFFfFyxeABgV3puQtET5Umrm0LIRMUyKtsENHVL1ddSTBaza15O09zK6VyKTAXNemr9MQlzmT2p6VQnRa6xBVAbNaeUrBiqp7FsD9ZuiIU19J0j7Ae5Ua2vIRno3Gz/nrEJNbgX+mWItDFiqkreiw3bOiWC42LGsk1YYjL8XlbmWA2ICVAcgREt/9bsDt9sgjc6lCxirgGyTGx+W00xKasCVASFuFvvTDBQFGA9wU+Emo2E3AnazHqiSCIPAdtIhCn9qe//1o5KOCZAksmTumZI6g2p66y+pCTtD6Pcd1lo6I38GhzeT/GQ4K4x4oh2zwt5crPKbwMgJvyX5ViFt2mEyp4pqiZDmphpdE2FnxQq6ZfdeTJd/aZ3t4SbHkTVSQpqacjjn3Wzu7lkgLAFiCcsH+1eZpUw1mmEHe8rsnuZ6/tRDM4y4tP1RgXYinPWAtrccjzSq8yHIyW9MgO26/dereHxpf4K+zs0HbkPNkJSpFPArHhCJ2hXg+uJw2bKIGnLsXDwkEvtkmvu60XRSk5+CvuohrieZ7YlY/NV2HlOD1R6jqbb8Vx7cS1qcGsVDLxRzO29itthUTyKj4j8ATjwiEQcY2AAILql+9UE+qRa0ectXlFhxapBnJcnrFNKB1YWLWjullWnElcSeWrh/wTgg4Ws213ncBOtBPlEvMhd7GHyv5QLirdhf01EKausFP0MucpBC/lCmwxbHz8nwbHLAT1L9+XT3qh2sXd1+FhaSH+3uRio9pN3NhxCX58ssbeNLJlQGtIMX7Ja+f0mYqkdkaYNvCDttQASo5VKASrTuQtI3sQEQM8DlS383H6oGGMSYRqqw9patarVrlY5i5/IMoB95hI=; Expires=Mon, 03 Mar 2025 13:47:01 GMT; Path=/; SameSite=None; Secure; HttpOnly
X-Powered-By: Express
Access-Control-Allow-Credentials: true
Access-Control-Allow-Origin: https://qa01.non-prod.ignyte.app
Access-Control-Allow-Methods: GET, POST, PUT, PATCH, DELETE, OPTIONS
Access-Control-Allow-Headers: Origin, X-Requested-With, Content-Type, Accept, Authorization, tenantid, Cache-Control
ETag: W/"19bb4-Gdaahd9EzH7aYAT+R6bdndDXDWU"
Vary: Accept-Encoding
Content-Encoding: gzip

{
    "data": {
        "data": [
            {
                "name": "301 - Director (MG)",
                "id": "d0f8db7e-85ed-48e8-a826-bb3162b57c23",
                "job_title": "Director",
                "helia_title": "Director",
                "job_number": 301,
                "company_id": "5adb320e-0c07-4a56-a739-3e3313c12a78",
                "service_offering": "ignyte",
                "industry_id": null,
                "industries": [
                    "Manufacturing"
                ],
                "job_functions": [
                    "Administrative"
                ],
                "job_type": "full_time",
                "location": "Bengaluru, Karnataka, India",
                "by_product_fee": 89,
                "location_place_id": "ChIJbU60yXAWrjsR4E9-UejD3_g",
                "country_id": "0e68471f-17b4-43d9-9cee-77bf6690d115",
                "state_id": "d47b0d2f-76d7-4dc1-a51b-138149f164f6",
                "min_experience": 10,
                "location_city": "Bengaluru",
                "max_experience": 25,
                "min_compensation": "600000",
                "max_compensation": "800000",
                "additional_info": "",
                "updated_by": "34db6aeb-73c1-4046-a013-d0dfd2d9433c",
                "created_by": "34db6aeb-73c1-4046-a013-d0dfd2d9433c",
                "created_at": "2025-02-20T06:54:47.183Z",
                "updated_at": "2025-02-24T08:10:05.986Z",
                "deleted_at": null,
                "pay_frequency": "quarterly",
                "target_compensation_bonus": null,
                "target_compensation_equity": null,
                "work_experience_min_years_experience": null,
                "work_experience_max_years_current_company": null,
                "experience_mandatory": true,
                "max_experience_mandatory": true,
                "stage": "Open",
                "loe_date": "2025-02-01",
                "billing_address": "Address",
                "fee_type": null,
                "fee_amount": null,
                "fee_percentage": 33.33,
                "is_fee_cap": true,
                "fee_cap_amount": "899",
                "billing_notes": "Notessss",
                "is_po_direct": true,
                "po_number": "PO",
                "invoice_delivery_type": null,
                "projected_start_date": "2025-02-01",
                "start_date": "2025-02-01",
                "offhold_date": "2025-02-07",
                "onhold_date": "2025-02-06",
                "end_date": "2025-02-28",
                "probability": "50%",
                "competition": "88888",
                "billable": true,
                "billing_region": "Asia",
                "milestones": null,
                "estimated_fee_amount": null,
                "term_type": "milestone",
                "intervals": "START",
                "intervals_other": "",
                "vendor_portal": "teredata",
                "billing_status": null,
                "estimated_percentage_base": 111111,
                "actual_percentage_base": 0,
                "estimated_indirect_total_fee": 10000,
                "actual_indirect_total_fee": 0,
                "estimated_revenue": 121111,
                "actual_revenue": 0,
                "actual_overridden_revenue": null,
                "total_invoice_amt": 8999,
                "total_collected_amt": 900,
                "collected_percentage": 0,
                "is_invoice_approved": null,
                "email_invoice_to": "e.a@gmail.com",
                "invoice_terms": "net_60",
                "approval_requested_date": null,
                "approval_requested_by": null,
                "total_invoice_expense": 0,
                "bd_reject_reason": null,
                "revenue_changed": false,
                "market": "23545b69-2b77-45e9-8622-0afc09646164",
                "bd_status": "target_identified",
                "bd_project_id": null,
                "record_type": "Project",
                "horizontal_practice": "legal",
                "vertical_practice": "services",
                "project_type": "retained",
                "result": "active",
                "is_nda": false,
                "is_confidential": null,
                "vc_pe": [
                    "Things Ally private limited"
                ],
                "encore_number": null,
                "framework_type": "helia",
                "external_id": "99999",
                "bd_currency": "b3d86c51-46df-4ecf-bf65-9a037edd2a56",
                "candidate_count": "7",
                "pending_review_count": "0",
                "project_tags": [
                    
                ],
                "ign_companies": {
                    "id": "5adb320e-0c07-4a56-a739-3e3313c12a78",
                    "name": "MG",
                    "created_by": "34db6aeb-73c1-4046-a013-d0dfd2d9433c",
                    "updated_by": "34db6aeb-73c1-4046-a013-d0dfd2d9433c",
                    "created_at": "2025-02-20T05:47:22.332Z",
                    "updated_at": "2025-02-20T05:49:36.682Z",
                    "deleted_at": null,
                    "website_url": "https://www.mgmotor.co.in/",
                    "linkedin_url": "https://www.linkedin.com/company/mg-motors/",
                    "employee_range_from": 10000,
                    "employee_range_to": 2000000,
                    "revenue_range_to": 2000000,
                    "revenue_range_from": 10000,
                    "comments": "<p>New comment added</p>",
                    "currency_code": "USD",
                    "currency_unit": "billion",
                    "location_id": "ChIJbU60yXAWrjsR4E9-UejD3_g",
                    "location_description": "Bengaluru, Karnataka, India",
                    "image_id": null,
                    "company_status": "active",
                    "capital_structure": "private",
                    "investor_information": null,
                    "ticker_symbol": "Tickler 1",
                    "industries": [
                        "manufacturing"
                    ],
                    "employee_range": "10001+",
                    "revenue_range": "$10B+",
                    "external_id": "56734"
                },
                "ign_industries": null,
                "service_offering_value": {
                    "field_value": "ignyte",
                    "short_desc": "Ignyte"
                },
                "bd_status_value": {
                    "field_value": "target_identified",
                    "short_desc": "Target Identified"
                },
                "job_type_value": {
                    "field_value": "full_time",
                    "short_desc": "Full Time"
                },
                "pay_frequency_value": {
                    "field_value": "quarterly",
                    "short_desc": "Quarterly"
                },
                "bd_currency_values": {
                    "id": "b3d86c51-46df-4ecf-bf65-9a037edd2a56",
                    "code": "INR",
                    "name": "Indian Rupee",
                    "conversion_rate": 71.3275,
                    "currency_icon": "₹",
                    "prefix": true,
                    "created_at": "2024-04-10T10:58:36.442Z",
                    "updated_at": "2024-04-10T10:58:36.442Z"
                },
                "creator": {
                    "name": "Namrata Mehta",
                    "id": "34db6aeb-73c1-4046-a013-d0dfd2d9433c",
                    "cognito_id": "nmehta@kingsleygate.com",
                    "first_name": "Namrata",
                    "last_name": "Mehta",
                    "email": "nmehta@kingsleygate.com",
                    "tenant_id": null,
                    "active": null,
                    "type": null,
                    "created_at": "2024-04-16T10:36:11.750Z",
                    "updated_at": "2024-04-16T10:36:11.750Z",
                    "created_by": null,
                    "updated_by": null
                },
                "updater": {
                    "name": "Namrata Mehta",
                    "id": "34db6aeb-73c1-4046-a013-d0dfd2d9433c",
                    "cognito_id": "nmehta@kingsleygate.com",
                    "first_name": "Namrata",
                    "last_name": "Mehta",
                    "email": "nmehta@kingsleygate.com",
                    "tenant_id": null,
                    "active": null,
                    "type": null,
                    "created_at": "2024-04-16T10:36:11.750Z",
                    "updated_at": "2024-04-16T10:36:11.750Z",
                    "created_by": null,
                    "updated_by": null
                },
                "partners": [
                    {
                        "id": "39b7ed5f-7b32-489d-bb4e-2a6ed6e1e167",
                        "project_id": "d0f8db7e-85ed-48e8-a826-bb3162b57c23",
                        "origination_credit": 10,
                        "selling_credit": 20,
                        "execution_credit": 30,
                        "position": null,
                        "is_lead": true,
                        "user_id": "7f5c44cc-1a73-4a37-8276-4f5c2fe097c0",
                        "created_at": "2025-02-20T08:44:17.734Z",
                        "updated_at": "2025-02-20T08:44:17.789Z",
                        "user": {
                            "name": "Marshal Arora",
                            "id": "7f5c44cc-1a73-4a37-8276-4f5c2fe097c0",
                            "cognito_id": "marora@kingsleygate.com",
                            "first_name": "Marshal",
                            "last_name": "Arora",
                            "email": "marora@kingsleygate.com",
                            "tenant_id": null,
                            "active": null,
                            "type": null,
                            "created_at": "2024-04-16T10:16:27.590Z",
                            "updated_at": "2024-04-16T10:16:27.590Z",
                            "created_by": null,
                            "updated_by": null
                        }
                    }
                ],
                "researchers": [
                    {
                        "id": "8e4bddd0-b8b7-40b4-896a-44cec3c334ab",
                        "project_id": "d0f8db7e-85ed-48e8-a826-bb3162b57c23",
                        "execution_credit": 50,
                        "position": null,
                        "user_id": "1e0a275d-1f76-4213-bdf4-6cbef812a908",
                        "created_at": "2025-02-20T07:22:27.118Z",
                        "updated_at": "2025-02-20T07:22:27.162Z",
                        "user": {
                            "name": "JSW Manager",
                            "id": "1e0a275d-1f76-4213-bdf4-6cbef812a908",
                            "cognito_id": "j.m@gmail.com",
                            "first_name": "JSW",
                            "last_name": "Manager",
                            "email": "j.m@gmail.com",
                            "tenant_id": null,
                            "active": null,
                            "type": null,
                            "created_at": "2024-07-05T10:39:40.700Z",
                            "updated_at": "2024-07-05T10:39:40.700Z",
                            "created_by": null,
                            "updated_by": null
                        }
                    }
                ],
                "recruiters": [
                    {
                        "id": "4ce54875-5192-4243-bf62-730ab93beba7",
                        "project_id": "d0f8db7e-85ed-48e8-a826-bb3162b57c23",
                        "execution_credit": 40,
                        "position": null,
                        "user_id": "77d8cad6-99df-46a5-a6ca-08ef9559b028",
                        "created_at": "2025-02-20T07:22:27.060Z",
                        "updated_at": "2025-02-20T07:22:27.114Z",
                        "user": {
                            "name": "Shreya Ghosal",
                            "id": "77d8cad6-99df-46a5-a6ca-08ef9559b028",
                            "cognito_id": "namratamehta1990@gmail.com",
                            "first_name": "Shreya",
                            "last_name": "Ghosal",
                            "email": "namratamehta1990@gmail.com",
                            "tenant_id": null,
                            "active": null,
                            "type": null,
                            "created_at": "2024-07-24T12:35:33.428Z",
                            "updated_at": "2024-07-24T12:35:33.428Z",
                            "created_by": null,
                            "updated_by": null
                        }
                    }
                ],
                "project_admin": [
                    {
                        "id": "6b1cee93-0349-4488-b5dd-42ee602da817",
                        "project_id": "d0f8db7e-85ed-48e8-a826-bb3162b57c23",
                        "execution_credit": 60,
                        "position": null,
                        "user_id": "77d8cad6-99df-46a5-a6ca-08ef9559b028",
                        "created_at": "2025-02-20T07:22:27.167Z",
                        "updated_at": "2025-02-20T07:22:27.227Z",
                        "user": {
                            "name": "Shreya Ghosal",
                            "id": "77d8cad6-99df-46a5-a6ca-08ef9559b028",
                            "cognito_id": "namratamehta1990@gmail.com",
                            "first_name": "Shreya",
                            "last_name": "Ghosal",
                            "email": "namratamehta1990@gmail.com",
                            "tenant_id": null,
                            "active": null,
                            "type": null,
                            "created_at": "2024-07-24T12:35:33.428Z",
                            "updated_at": "2024-07-24T12:35:33.428Z",
                            "created_by": null,
                            "updated_by": null
                        }
                    }
                ],
                "bd_project": null
            },
            {
                "name": "143 - CEO (Amadeus Fire Gmbh)",
                "id": "146310ca-eee3-4b0d-b8e4-5085b3c56a50",
                "job_title": "CEO",
                "helia_title": "CEO",
                "job_number": 143,
                "company_id": "a76ea0ed-bd54-42ad-bc20-2d50955d84bf",
                "service_offering": "ignyte",
                "industry_id": "e4358660-2fb6-4a10-becf-0d77e0d0195c",
                "industries": [
                    "AI Managed - IT-Software",
                    "customer"
                ],
                "job_functions": [
                    "custom"
                ],
                "job_type": "full_time",
                "location": "Bengaluru, Karnataka, India",
                "by_product_fee": 67,
                "location_place_id": "ChIJbU60yXAWrjsR4E9-UejD3_g",
                "country_id": "e085ee1f-1f66-45b6-bec2-b75ffd092c32",
                "state_id": "93ae9317-85f3-490c-a2f1-44e6b4d0790f",
                "min_experience": 15,
                "location_city": "",
                "max_experience": 20,
                "min_compensation": "100009",
                "max_compensation": "2000000",
                "additional_info": "<p>New project on 16 Dec</p>",
                "updated_by": "f642dcab-50db-4429-a2ef-b73a862c70fa",
                "created_by": "34db6aeb-73c1-4046-a013-d0dfd2d9433c",
                "created_at": "2024-12-16T09:15:20.158Z",
                "updated_at": "2025-02-19T11:18:02.455Z",
                "deleted_at": null,
                "pay_frequency": "quarterly",
                "target_compensation_bonus": "900",
                "target_compensation_equity": "90",
                "work_experience_min_years_experience": 9,
                "work_experience_max_years_current_company": 20,
                "experience_mandatory": true,
                "max_experience_mandatory": true,
                "stage": "Open",
                "loe_date": "2024-12-19",
                "billing_address": "Address",
                "fee_type": null,
                "fee_amount": null,
                "fee_percentage": 33.33,
                "is_fee_cap": true,
                "fee_cap_amount": null,
                "billing_notes": "Notes",
                "is_po_direct": true,
                "po_number": "PO",
                "invoice_delivery_type": null,
                "projected_start_date": "2025-02-17",
                "start_date": "2024-12-04",
                "offhold_date": "2025-01-08",
                "onhold_date": "2025-01-07",
                "end_date": "2025-01-08",
                "probability": "25%",
                "competition": "88",
                "billable": true,
                "billing_region": "Asia",
                "milestones": null,
                "estimated_fee_amount": null,
                "term_type": "Milestone",
                "intervals": "0 - 30 - Start Date",
                "intervals_other": null,
                "vendor_portal": "remitra",
                "billing_status": "PND_RHEAD",
                "estimated_percentage_base": 89,
                "actual_percentage_base": 0,
                "estimated_indirect_total_fee": 56,
                "actual_indirect_total_fee": 0,
                "estimated_revenue": 145,
                "actual_revenue": 0,
                "actual_overridden_revenue": null,
                "total_invoice_amt": 0,
                "total_collected_amt": 0,
                "collected_percentage": 0,
                "is_invoice_approved": null,
                "email_invoice_to": "nmehta@kingsleygate.com",
                "invoice_terms": "net_10",
                "approval_requested_date": null,
                "approval_requested_by": null,
                "total_invoice_expense": 200,
                "bd_reject_reason": null,
                "revenue_changed": false,
                "market": "23545b69-2b77-45e9-8622-0afc09646164",
                "bd_status": "target_identified",
                "bd_project_id": null,
                "record_type": "Project",
                "horizontal_practice": "ceo",
                "vertical_practice": "financial_services",
                "project_type": "retained",
                "result": null,
                "is_nda": true,
                "is_confidential": true,
                "vc_pe": [
                    "100ms"
                ],
                "encore_number": null,
                "framework_type": "helia",
                "external_id": null,
                "bd_currency": "b3d86c51-46df-4ecf-bf65-9a037edd2a56",
                "candidate_count": "18",
                "pending_review_count": "0",
                "project_tags": [
                    {
                        "id": "75bd8a5f-255c-43d1-a14c-d4cfcef2f748",
                        "project_id": "146310ca-eee3-4b0d-b8e4-5085b3c56a50",
                        "tag_id": "3724cf18-b65c-46e4-9eb1-228048c3d294",
                        "created_at": "2024-12-16T10:53:52.639Z",
                        "updated_at": "2024-12-16T10:53:52.639Z",
                        "updated_by": null,
                        "created_by": "34db6aeb-73c1-4046-a013-d0dfd2d9433c",
                        "tag": {
                            "id": "3724cf18-b65c-46e4-9eb1-228048c3d294",
                            "name": "Test Two",
                            "color": "#AA0A6C",
                            "status": true,
                            "created_at": "2024-06-13T07:05:27.434Z",
                            "updated_at": "2024-06-13T07:05:27.434Z",
                            "created_by": "34db6aeb-73c1-4046-a013-d0dfd2d9433c",
                            "updated_by": "34db6aeb-73c1-4046-a013-d0dfd2d9433c",
                            "deleted_at": null
                        }
                    },
                    {
                        "id": "f0384440-0799-42d0-85f2-9ea5b5fe30e3",
                        "project_id": "146310ca-eee3-4b0d-b8e4-5085b3c56a50",
                        "tag_id": "41bc631d-98fc-4cb8-8b3f-516519612231",
                        "created_at": "2024-12-16T10:53:52.639Z",
                        "updated_at": "2024-12-16T10:53:52.639Z",
                        "updated_by": null,
                        "created_by": "34db6aeb-73c1-4046-a013-d0dfd2d9433c",
                        "tag": {
                            "id": "41bc631d-98fc-4cb8-8b3f-516519612231",
                            "name": "Test Three",
                            "color": "#333",
                            "status": true,
                            "created_at": "2024-06-13T07:05:46.581Z",
                            "updated_at": "2024-06-13T07:05:46.581Z",
                            "created_by": "34db6aeb-73c1-4046-a013-d0dfd2d9433c",
                            "updated_by": "34db6aeb-73c1-4046-a013-d0dfd2d9433c",
                            "deleted_at": null
                        }
                    },
                    {
                        "id": "2b46a488-b1a5-4fb7-a789-49690df976fd",
                        "project_id": "146310ca-eee3-4b0d-b8e4-5085b3c56a50",
                        "tag_id": "a717557c-0303-4849-8635-faf2ae6036cd",
                        "created_at": "2024-12-16T10:53:52.639Z",
                        "updated_at": "2024-12-16T10:53:52.639Z",
                        "updated_by": null,
                        "created_by": "34db6aeb-73c1-4046-a013-d0dfd2d9433c",
                        "tag": {
                            "id": "a717557c-0303-4849-8635-faf2ae6036cd",
                            "name": "Test One",
                            "color": "#003C5B",
                            "status": true,
                            "created_at": "2024-06-13T07:05:03.966Z",
                            "updated_at": "2024-06-13T07:05:03.966Z",
                            "created_by": "34db6aeb-73c1-4046-a013-d0dfd2d9433c",
                            "updated_by": "34db6aeb-73c1-4046-a013-d0dfd2d9433c",
                            "deleted_at": null
                        }
                    },
                    {
                        "id": "3ab69496-068d-47a4-80e2-c936a09ba18a",
                        "project_id": "146310ca-eee3-4b0d-b8e4-5085b3c56a50",
                        "tag_id": "1b02754a-0bf9-4d70-a993-7c743727a427",
                        "created_at": "2024-12-16T10:53:52.639Z",
                        "updated_at": "2024-12-16T10:53:52.639Z",
                        "updated_by": null,
                        "created_by": "34db6aeb-73c1-4046-a013-d0dfd2d9433c",
                        "tag": {
                            "id": "1b02754a-0bf9-4d70-a993-7c743727a427",
                            "name": "Tag Two",
                            "color": "#AA0A6C",
                            "status": true,
                            "created_at": "2024-05-07T08:59:23.886Z",
                            "updated_at": "2024-05-07T08:59:23.886Z",
                            "created_by": "34db6aeb-73c1-4046-a013-d0dfd2d9433c",
                            "updated_by": "34db6aeb-73c1-4046-a013-d0dfd2d9433c",
                            "deleted_at": null
                        }
                    }
                ],
                "ign_companies": {
                    "id": "a76ea0ed-bd54-42ad-bc20-2d50955d84bf",
                    "name": "Amadeus Fire Gmbh",
                    "created_by": "34db6aeb-73c1-4046-a013-d0dfd2d9433c",
                    "updated_by": "34db6aeb-73c1-4046-a013-d0dfd2d9433c",
                    "created_at": "2024-12-16T07:24:44.752Z",
                    "updated_at": "2025-01-17T10:28:20.662Z",
                    "deleted_at": null,
                    "website_url": "https://amadeus.com/en",
                    "linkedin_url": "https://www.linkedin.com/company/amadeus/",
                    "employee_range_from": 20000,
                    "employee_range_to": 60000,
                    "revenue_range_to": 90000,
                    "revenue_range_from": 70000,
                    "comments": "<p>New company added on 16 Dec</p><ol><li>abc</li><li>def</li><li>xyz</li></ol>",
                    "currency_code": "INR",
                    "currency_unit": "million",
                    "location_id": "ChIJbU60yXAWrjsR4E9-UejD3_g",
                    "location_description": "Bengaluru, Karnataka, India",
                    "image_id": "cfea5174-545e-4bd1-aa40-4186dcfefb46",
                    "company_status": "active",
                    "capital_structure": "private",
                    "investor_information": null,
                    "ticker_symbol": "Ticker One",
                    "industries": [
                        "ai managed - it-software",
                        "ai managed - investment management"
                    ],
                    "employee_range": "10001+",
                    "revenue_range": "$10B+",
                    "external_id": null
                },
                "ign_industries": {
                    "id": "e4358660-2fb6-4a10-becf-0d77e0d0195c",
                    "name": "AI Managed - IT-Software",
                    "created_at": "2024-04-15T10:43:45.236Z",
                    "updated_at": "2024-04-15T10:43:45.236Z"
                },
                "service_offering_value": {
                    "field_value": "ignyte",
                    "short_desc": "Ignyte"
                },
                "bd_status_value": {
                    "field_value": "target_identified",
                    "short_desc": "Target Identified"
                },
                "job_type_value": {
                    "field_value": "full_time",
                    "short_desc": "Full Time"
                },
                "pay_frequency_value": {
                    "field_value": "quarterly",
                    "short_desc": "Quarterly"
                },
                "bd_currency_values": {
                    "id": "b3d86c51-46df-4ecf-bf65-9a037edd2a56",
                    "code": "INR",
                    "name": "Indian Rupee",
                    "conversion_rate": 71.3275,
                    "currency_icon": "₹",
                    "prefix": true,
                    "created_at": "2024-04-10T10:58:36.442Z",
                    "updated_at": "2024-04-10T10:58:36.442Z"
                },
                "creator": {
                    "name": "Namrata Mehta",
                    "id": "34db6aeb-73c1-4046-a013-d0dfd2d9433c",
                    "cognito_id": "nmehta@kingsleygate.com",
                    "first_name": "Namrata",
                    "last_name": "Mehta",
                    "email": "nmehta@kingsleygate.com",
                    "tenant_id": null,
                    "active": null,
                    "type": null,
                    "created_at": "2024-04-16T10:36:11.750Z",
                    "updated_at": "2024-04-16T10:36:11.750Z",
                    "created_by": null,
                    "updated_by": null
                },
                "updater": {
                    "name": "Asmit Shrivastava",
                    "id": "f642dcab-50db-4429-a2ef-b73a862c70fa",
                    "cognito_id": "ashrivastava@kingsleygate.com",
                    "first_name": "Asmit",
                    "last_name": "Shrivastava",
                    "email": "ashrivastava@kingsleygate.com",
                    "tenant_id": null,
                    "active": null,
                    "type": null,
                    "created_at": "2024-07-18T05:52:35.714Z",
                    "updated_at": "2024-07-18T05:52:35.714Z",
                    "created_by": null,
                    "updated_by": null
                },
                "partners": [
                    {
                        "id": "89452af3-bc70-4a1e-88a0-38dc57d924ec",
                        "project_id": "146310ca-eee3-4b0d-b8e4-5085b3c56a50",
                        "origination_credit": 10,
                        "selling_credit": 20,
                        "execution_credit": 30,
                        "position": null,
                        "is_lead": true,
                        "user_id": "4c151a73-0f4a-4b03-ab4f-d5bcde93aefb",
                        "created_at": "2024-12-16T09:19:17.414Z",
                        "updated_at": "2024-12-16T09:19:17.506Z",
                        "user": {
                            "name": "Sushma Mehta",
                            "id": "4c151a73-0f4a-4b03-ab4f-d5bcde93aefb",
                            "cognito_id": "sushma.m@gmail.com",
                            "first_name": "Sushma",
                            "last_name": "Mehta",
                            "email": "sushma.m@gmail.com",
                            "tenant_id": null,
                            "active": null,
                            "type": null,
                            "created_at": "2024-07-15T09:23:16.350Z",
                            "updated_at": "2024-07-15T09:23:16.350Z",
                            "created_by": null,
                            "updated_by": null
                        }
                    }
                ],
                "researchers": [
                    {
                        "id": "f64d75de-bfe7-4541-88f1-1d3588d0ac0d",
                        "project_id": "146310ca-eee3-4b0d-b8e4-5085b3c56a50",
                        "execution_credit": 50,
                        "position": null,
                        "user_id": "77d8cad6-99df-46a5-a6ca-08ef9559b028",
                        "created_at": "2024-12-16T09:19:17.588Z",
                        "updated_at": "2024-12-16T09:19:17.655Z",
                        "user": {
                            "name": "Shreya Ghosal",
                            "id": "77d8cad6-99df-46a5-a6ca-08ef9559b028",
                            "cognito_id": "namratamehta1990@gmail.com",
                            "first_name": "Shreya",
                            "last_name": "Ghosal",
                            "email": "namratamehta1990@gmail.com",
                            "tenant_id": null,
                            "active": null,
                            "type": null,
                            "created_at": "2024-07-24T12:35:33.428Z",
                            "updated_at": "2024-07-24T12:35:33.428Z",
                            "created_by": null,
                            "updated_by": null
                        }
                    }
                ],
                "recruiters": [
                    {
                        "id": "80c75e1f-636e-4b9a-ae8d-2696f0a8e192",
                        "project_id": "146310ca-eee3-4b0d-b8e4-5085b3c56a50",
                        "execution_credit": 40,
                        "position": null,
                        "user_id": "7f5c44cc-1a73-4a37-8276-4f5c2fe097c0",
                        "created_at": "2024-12-16T09:19:17.512Z",
                        "updated_at": "2024-12-16T09:19:17.582Z",
                        "user": {
                            "name": "Marshal Arora",
                            "id": "7f5c44cc-1a73-4a37-8276-4f5c2fe097c0",
                            "cognito_id": "marora@kingsleygate.com",
                            "first_name": "Marshal",
                            "last_name": "Arora",
                            "email": "marora@kingsleygate.com",
                            "tenant_id": null,
                            "active": null,
                            "type": null,
                            "created_at": "2024-04-16T10:16:27.590Z",
                            "updated_at": "2024-04-16T10:16:27.590Z",
                            "created_by": null,
                            "updated_by": null
                        }
                    }
                ],
                "project_admin": [
                    {
                        "id": "41105793-0806-4562-9bdc-d685e3e8e809",
                        "project_id": "146310ca-eee3-4b0d-b8e4-5085b3c56a50",
                        "execution_credit": 60,
                        "position": null,
                        "user_id": "28bd9772-63eb-4def-8cc5-f99458ed4f9d",
                        "created_at": "2024-12-16T09:19:17.660Z",
                        "updated_at": "2024-12-16T09:19:17.724Z",
                        "user": {
                            "name": "Ankita Sethi",
                            "id": "28bd9772-63eb-4def-8cc5-f99458ed4f9d",
                            "cognito_id": "ankita.sethi@kingsleygate.com",
                            "first_name": "Ankita",
                            "last_name": "Sethi",
                            "email": "ankita.sethi@kingsleygate.com",
                            "tenant_id": null,
                            "active": null,
                            "type": null,
                            "created_at": "2024-04-16T10:04:17.027Z",
                            "updated_at": "2024-12-05T06:17:20.361Z",
                            "created_by": null,
                            "updated_by": null
                        }
                    }
                ],
                "bd_project": null
            },
            {
                "name": "77 - Senior Software Manager (Titan Lab)",
                "id": "b3b03c4c-f7fd-4bb3-b1a2-c42c5b7f5abc",
                "job_title": "Senior Software Manager",
                "helia_title": "Senior Software Manage",
                "job_number": 77,
                "company_id": "4c404a2c-3206-4ae7-b471-bda6267664d1",
                "service_offering": "Ignyte",
                "industry_id": "eb6f9075-483a-4db9-b219-60790966902d",
                "industries": [
                    "Technology - Cloud And Technology - Consumer Software"
                ],
                "job_functions": [
                    
                ],
                "job_type": "full_time",
                "location": "kundloo",
                "by_product_fee": null,
                "location_place_id": "ChIJwe1EZjDG5zsRaYxkjY_tpF0",
                "country_id": "e085ee1f-1f66-45b6-bec2-b75ffd092c32",
                "state_id": "93ae9317-85f3-490c-a2f1-44e6b4d0790f",
                "min_experience": 1,
                "location_city": "",
                "max_experience": 20,
                "min_compensation": "100000",
                "max_compensation": "1000000",
                "additional_info": "<p>Created by Namrata</p>",
                "updated_by": "34db6aeb-73c1-4046-a013-d0dfd2d9433c",
                "created_by": "34db6aeb-73c1-4046-a013-d0dfd2d9433c",
                "created_at": "2024-10-28T08:32:56.665Z",
                "updated_at": "2025-02-12T12:15:28.609Z",
                "deleted_at": null,
                "pay_frequency": "quarterly",
                "target_compensation_bonus": null,
                "target_compensation_equity": null,
                "work_experience_min_years_experience": null,
                "work_experience_max_years_current_company": null,
                "experience_mandatory": true,
                "max_experience_mandatory": true,
                "stage": "Open",
                "loe_date": "2029-10-16",
                "billing_address": null,
                "fee_type": null,
                "fee_amount": null,
                "fee_percentage": null,
                "is_fee_cap": null,
                "fee_cap_amount": null,
                "billing_notes": null,
                "is_po_direct": null,
                "po_number": null,
                "invoice_delivery_type": null,
                "projected_start_date": "2025-02-11",
                "start_date": null,
                "offhold_date": null,
                "onhold_date": null,
                "end_date": null,
                "probability": "50%",
                "competition": "10",
                "billable": false,
                "billing_region": null,
                "milestones": null,
                "estimated_fee_amount": null,
                "term_type": null,
                "intervals": null,
                "intervals_other": null,
                "vendor_portal": null,
                "billing_status": null,
                "estimated_percentage_base": null,
                "actual_percentage_base": null,
                "estimated_indirect_total_fee": null,
                "actual_indirect_total_fee": null,
                "estimated_revenue": null,
                "actual_revenue": null,
                "actual_overridden_revenue": null,
                "total_invoice_amt": null,
                "total_collected_amt": null,
                "collected_percentage": null,
                "is_invoice_approved": null,
                "email_invoice_to": null,
                "invoice_terms": null,
                "approval_requested_date": null,
                "approval_requested_by": null,
                "total_invoice_expense": null,
                "bd_reject_reason": null,
                "revenue_changed": false,
                "market": "9a7e4f5e-6d48-499f-a7f2-e52be45af0d6",
                "bd_status": "target_identified",
                "bd_project_id": "d47e4496-4d7d-4f2a-b1c4-9c11338684d5",
                "record_type": "Project",
                "horizontal_practice": "ceo",
                "vertical_practice": "financial_services",
                "project_type": "retained",
                "result": "active",
                "is_nda": false,
                "is_confidential": false,
                "vc_pe": [
                    "Titan Lab",
                    "Diligent",
                    "Tata Elxsi"
                ],
                "encore_number": null,
                "framework_type": "helia",
                "external_id": null,
                "bd_currency": "2f2f31e2-1c89-43c5-8eea-90ef41e9ab32",
                "candidate_count": "1",
                "pending_review_count": "0",
                "project_tags": [
                    
                ],
                "ign_companies": {
                    "id": "4c404a2c-3206-4ae7-b471-bda6267664d1",
                    "name": "Titan Lab",
                    "created_by": "34db6aeb-73c1-4046-a013-d0dfd2d9433c",
                    "updated_by": "34db6aeb-73c1-4046-a013-d0dfd2d9433c",
                    "created_at": "2024-10-23T10:11:19.344Z",
                    "updated_at": "2024-10-23T10:11:57.982Z",
                    "deleted_at": null,
                    "website_url": "https://www.titan-lab.com/",
                    "linkedin_url": "https://linkedin.com/in/company/titanlabindia?trk=similar-pages/",
                    "employee_range_from": 100000,
                    "employee_range_to": 2000000,
                    "revenue_range_to": 200000,
                    "revenue_range_from": 100000,
                    "comments": "<p>Company created by Namrata</p>",
                    "currency_code": "INR",
                    "currency_unit": "million",
                    "location_id": "ChIJwe1EZjDG5zsRaYxkjY_tpF0",
                    "location_description": "Mumbai, Maharashtra, India",
                    "image_id": "c166574e-855f-41e9-9a81-6884cd3985b5",
                    "company_status": "active",
                    "capital_structure": "private",
                    "investor_information": null,
                    "ticker_symbol": "Tickler Symbol 01",
                    "industries": [
                        "industrial - manufacturing",
                        "life sciences"
                    ],
                    "employee_range": "10001+",
                    "revenue_range": "$10B+",
                    "external_id": null
                },
                "ign_industries": {
                    "id": "eb6f9075-483a-4db9-b219-60790966902d",
                    "name": "Technology - Cloud And Technology - Consumer Software",
                    "created_at": "2024-05-07T13:00:45.868Z",
                    "updated_at": "2024-05-07T13:00:45.868Z"
                },
                "service_offering_value": null,
                "bd_status_value": {
                    "field_value": "target_identified",
                    "short_desc": "Target Identified"
                },
                "job_type_value": {
                    "field_value": "full_time",
                    "short_desc": "Full Time"
                },
                "pay_frequency_value": {
                    "field_value": "quarterly",
                    "short_desc": "Quarterly"
                },
                "bd_currency_values": {
                    "id": "2f2f31e2-1c89-43c5-8eea-90ef41e9ab32",
                    "code": "USD",
                    "name": "U.S. Dollar",
                    "conversion_rate": 1,
                    "currency_icon": "$",
                    "prefix": true,
                    "created_at": "2024-04-10T10:58:36.442Z",
                    "updated_at": "2024-04-10T10:58:36.442Z"
                },
                "creator": {
                    "name": "Namrata Mehta",
                    "id": "34db6aeb-73c1-4046-a013-d0dfd2d9433c",
                    "cognito_id": "nmehta@kingsleygate.com",
                    "first_name": "Namrata",
                    "last_name": "Mehta",
                    "email": "nmehta@kingsleygate.com",
                    "tenant_id": null,
                    "active": null,
                    "type": null,
                    "created_at": "2024-04-16T10:36:11.750Z",
                    "updated_at": "2024-04-16T10:36:11.750Z",
                    "created_by": null,
                    "updated_by": null
                },
                "updater": {
                    "name": "Namrata Mehta",
                    "id": "34db6aeb-73c1-4046-a013-d0dfd2d9433c",
                    "cognito_id": "nmehta@kingsleygate.com",
                    "first_name": "Namrata",
                    "last_name": "Mehta",
                    "email": "nmehta@kingsleygate.com",
                    "tenant_id": null,
                    "active": null,
                    "type": null,
                    "created_at": "2024-04-16T10:36:11.750Z",
                    "updated_at": "2024-04-16T10:36:11.750Z",
                    "created_by": null,
                    "updated_by": null
                },
                "partners": [
                    {
                        "id": "56c7c040-4e3e-4d89-b3a4-83a953cc3a40",
                        "project_id": "b3b03c4c-f7fd-4bb3-b1a2-c42c5b7f5abc",
                        "origination_credit": 10,
                        "selling_credit": 20,
                        "execution_credit": 30,
                        "position": null,
                        "is_lead": false,
                        "user_id": "63b67aec-3da2-4acc-9542-18f5bf30514d",
                        "created_at": "2024-10-28T07:28:10.809Z",
                        "updated_at": "2024-10-28T07:28:10.879Z",
                        "user": {
                            "name": "Prisha Gujar",
                            "id": "63b67aec-3da2-4acc-9542-18f5bf30514d",
                            "cognito_id": "prisha.gujar@email.com",
                            "first_name": "Prisha",
                            "last_name": "Gujar",
                            "email": "prisha.gujar@email.com",
                            "tenant_id": null,
                            "active": null,
                            "type": null,
                            "created_at": "2024-10-23T06:35:15.671Z",
                            "updated_at": "2024-10-23T07:01:25.561Z",
                            "created_by": null,
                            "updated_by": null
                        }
                    }
                ],
                "researchers": [
                    {
                        "id": "8458e677-e7df-49db-9d48-fcc84cabab68",
                        "project_id": "b3b03c4c-f7fd-4bb3-b1a2-c42c5b7f5abc",
                        "execution_credit": 50,
                        "position": null,
                        "user_id": "8bef8d75-46f0-4ba0-84dc-0170e49f8a0b",
                        "created_at": "2024-10-28T07:28:11.333Z",
                        "updated_at": "2024-10-28T07:28:11.381Z",
                        "user": {
                            "name": "Srinvasa Prabhakara",
                            "id": "8bef8d75-46f0-4ba0-84dc-0170e49f8a0b",
                            "cognito_id": "sprabhakara@kingsleygate.com",
                            "first_name": "Srinvasa",
                            "last_name": "Prabhakara",
                            "email": "sprabhakara@kingsleygate.com",
                            "tenant_id": "qa-nonprod-01",
                            "active": true,
                            "type": "tenant-admin",
                            "created_at": "2024-04-10T10:59:22.688Z",
                            "updated_at": "2024-05-01T12:27:50.029Z",
                            "created_by": null,
                            "updated_by": null
                        }
                    }
                ],
                "recruiters": [
                    {
                        "id": "20002090-4e6c-46c6-8562-2aae1159fef1",
                        "project_id": "b3b03c4c-f7fd-4bb3-b1a2-c42c5b7f5abc",
                        "execution_credit": 40,
                        "position": null,
                        "user_id": "34db6aeb-73c1-4046-a013-d0dfd2d9433c",
                        "created_at": "2024-10-28T07:28:10.885Z",
                        "updated_at": "2024-10-28T07:28:11.327Z",
                        "user": {
                            "name": "Namrata Mehta",
                            "id": "34db6aeb-73c1-4046-a013-d0dfd2d9433c",
                            "cognito_id": "nmehta@kingsleygate.com",
                            "first_name": "Namrata",
                            "last_name": "Mehta",
                            "email": "nmehta@kingsleygate.com",
                            "tenant_id": null,
                            "active": null,
                            "type": null,
                            "created_at": "2024-04-16T10:36:11.750Z",
                            "updated_at": "2024-04-16T10:36:11.750Z",
                            "created_by": null,
                            "updated_by": null
                        }
                    }
                ],
                "project_admin": [
                    {
                        "id": "6f770f79-3972-46cc-a534-1e2d0ed83bf3",
                        "project_id": "b3b03c4c-f7fd-4bb3-b1a2-c42c5b7f5abc",
                        "execution_credit": 60,
                        "position": null,
                        "user_id": "d2a9e25c-5b26-46a0-a96d-0f1a8ed70d08",
                        "created_at": "2024-10-28T07:28:11.386Z",
                        "updated_at": "2024-10-28T07:28:11.429Z",
                        "user": {
                            "name": "Dipanshu Bhola",
                            "id": "d2a9e25c-5b26-46a0-a96d-0f1a8ed70d08",
                            "cognito_id": "dipanshu@kingsleygate.com",
                            "first_name": "Dipanshu",
                            "last_name": "Bhola",
                            "email": "dipanshu@kingsleygate.com",
                            "tenant_id": "qa-nonprod-01",
                            "active": true,
                            "type": "tenant-admin",
                            "created_at": "2024-05-08T07:20:27.302Z",
                            "updated_at": "2024-05-08T07:20:27.302Z",
                            "created_by": null,
                            "updated_by": null
                        }
                    }
                ],
                "bd_project": {
                    "job_title": "Senior Software Manager",
                    "id": "d47e4496-4d7d-4f2a-b1c4-9c11338684d5"
                }
            },
            {
                "name": "93 - Quality Assurance Manager (Titan Lab)",
                "id": "6f50a069-cd27-420b-8745-e515a7502b8c",
                "job_title": "Quality Assurance Manager",
                "helia_title": null,
                "job_number": 93,
                "company_id": "4c404a2c-3206-4ae7-b471-bda6267664d1",
                "service_offering": "Ignyte",
                "industry_id": "249e444d-dcfe-4f92-8451-69a6aa05208d",
                "industries": [
                    "Technology - Consumer Software"
                ],
                "job_functions": [
                    
                ],
                "job_type": "full_time",
                "location": "Bengaluru, Karnataka, India",
                "by_product_fee": null,
                "location_place_id": "ChIJbU60yXAWrjsR4E9-UejD3_g",
                "country_id": "e085ee1f-1f66-45b6-bec2-b75ffd092c32",
                "state_id": "93ae9317-85f3-490c-a2f1-44e6b4d0790f",
                "min_experience": 1,
                "location_city": "",
                "max_experience": 20,
                "min_compensation": "100000",
                "max_compensation": "200000",
                "additional_info": "",
                "updated_by": "34db6aeb-73c1-4046-a013-d0dfd2d9433c",
                "created_by": "34db6aeb-73c1-4046-a013-d0dfd2d9433c",
                "created_at": "2024-11-08T07:05:56.544Z",
                "updated_at": "2024-12-11T09:48:11.036Z",
                "deleted_at": null,
                "pay_frequency": "quarterly",
                "target_compensation_bonus": null,
                "target_compensation_equity": null,
                "work_experience_min_years_experience": null,
                "work_experience_max_years_current_company": null,
                "experience_mandatory": true,
                "max_experience_mandatory": true,
                "stage": "Open",
                "loe_date": "2024-11-01",
                "billing_address": "Address 208",
                "fee_type": "Standard - 1/3",
                "fee_amount": null,
                "fee_percentage": 33.33,
                "is_fee_cap": true,
                "fee_cap_amount": "20",
                "billing_notes": "Notes...!!!",
                "is_po_direct": true,
                "po_number": null,
                "invoice_delivery_type": null,
                "projected_start_date": "2028-11-08",
                "start_date": null,
                "offhold_date": null,
                "onhold_date": null,
                "end_date": null,
                "probability": "75%",
                "competition": "10",
                "billable": true,
                "billing_region": "Asia",
                "milestones": null,
                "estimated_fee_amount": null,
                "term_type": "Milestone",
                "intervals": "0 - Interview # candidates - Acceptance",
                "intervals_other": null,
                "vendor_portal": "bill_com",
                "billing_status": "NONE",
                "estimated_percentage_base": 33.33,
                "actual_percentage_base": 33.33,
                "estimated_indirect_total_fee": 70,
                "actual_indirect_total_fee": 70,
                "estimated_revenue": 103.33,
                "actual_revenue": 103.33,
                "actual_overridden_revenue": null,
                "total_invoice_amt": null,
                "total_collected_amt": null,
                "collected_percentage": null,
                "is_invoice_approved": null,
                "email_invoice_to": "billing1@titanlab.com",
                "invoice_terms": "net_0",
                "approval_requested_date": null,
                "approval_requested_by": null,
                "total_invoice_expense": null,
                "bd_reject_reason": null,
                "revenue_changed": null,
                "market": "23545b69-2b77-45e9-8622-0afc09646164",
                "bd_status": "target_identified",
                "bd_project_id": "f1ef4bfa-a91e-4922-986a-dd3a01cd4078",
                "record_type": "Project",
                "horizontal_practice": "ceo",
                "vertical_practice": "financial_services",
                "project_type": "retained",
                "result": "active",
                "is_nda": true,
                "is_confidential": true,
                "vc_pe": [
                    "Titan Lab"
                ],
                "encore_number": null,
                "framework_type": "helia",
                "external_id": null,
                "bd_currency": "2f2f31e2-1c89-43c5-8eea-90ef41e9ab32",
                "candidate_count": "4",
                "pending_review_count": "0",
                "project_tags": [
                    
                ],
                "ign_companies": {
                    "id": "4c404a2c-3206-4ae7-b471-bda6267664d1",
                    "name": "Titan Lab",
                    "created_by": "34db6aeb-73c1-4046-a013-d0dfd2d9433c",
                    "updated_by": "34db6aeb-73c1-4046-a013-d0dfd2d9433c",
                    "created_at": "2024-10-23T10:11:19.344Z",
                    "updated_at": "2024-10-23T10:11:57.982Z",
                    "deleted_at": null,
                    "website_url": "https://www.titan-lab.com/",
                    "linkedin_url": "https://linkedin.com/in/company/titanlabindia?trk=similar-pages/",
                    "employee_range_from": 100000,
                    "employee_range_to": 2000000,
                    "revenue_range_to": 200000,
                    "revenue_range_from": 100000,
                    "comments": "<p>Company created by Namrata</p>",
                    "currency_code": "INR",
                    "currency_unit": "million",
                    "location_id": "ChIJwe1EZjDG5zsRaYxkjY_tpF0",
                    "location_description": "Mumbai, Maharashtra, India",
                    "image_id": "c166574e-855f-41e9-9a81-6884cd3985b5",
                    "company_status": "active",
                    "capital_structure": "private",
                    "investor_information": null,
                    "ticker_symbol": "Tickler Symbol 01",
                    "industries": [
                        "industrial - manufacturing",
                        "life sciences"
                    ],
                    "employee_range": "10001+",
                    "revenue_range": "$10B+",
                    "external_id": null
                },
                "ign_industries": {
                    "id": "249e444d-dcfe-4f92-8451-69a6aa05208d",
                    "name": "Technology - Consumer Software",
                    "created_at": "2024-05-09T09:00:16.635Z",
                    "updated_at": "2024-05-09T09:00:16.635Z"
                },
                "service_offering_value": null,
                "bd_status_value": {
                    "field_value": "target_identified",
                    "short_desc": "Target Identified"
                },
                "job_type_value": {
                    "field_value": "full_time",
                    "short_desc": "Full Time"
                },
                "pay_frequency_value": {
                    "field_value": "quarterly",
                    "short_desc": "Quarterly"
                },
                "bd_currency_values": {
                    "id": "2f2f31e2-1c89-43c5-8eea-90ef41e9ab32",
                    "code": "USD",
                    "name": "U.S. Dollar",
                    "conversion_rate": 1,
                    "currency_icon": "$",
                    "prefix": true,
                    "created_at": "2024-04-10T10:58:36.442Z",
                    "updated_at": "2024-04-10T10:58:36.442Z"
                },
                "creator": {
                    "name": "Namrata Mehta",
                    "id": "34db6aeb-73c1-4046-a013-d0dfd2d9433c",
                    "cognito_id": "nmehta@kingsleygate.com",
                    "first_name": "Namrata",
                    "last_name": "Mehta",
                    "email": "nmehta@kingsleygate.com",
                    "tenant_id": null,
                    "active": null,
                    "type": null,
                    "created_at": "2024-04-16T10:36:11.750Z",
                    "updated_at": "2024-04-16T10:36:11.750Z",
                    "created_by": null,
                    "updated_by": null
                },
                "updater": {
                    "name": "Namrata Mehta",
                    "id": "34db6aeb-73c1-4046-a013-d0dfd2d9433c",
                    "cognito_id": "nmehta@kingsleygate.com",
                    "first_name": "Namrata",
                    "last_name": "Mehta",
                    "email": "nmehta@kingsleygate.com",
                    "tenant_id": null,
                    "active": null,
                    "type": null,
                    "created_at": "2024-04-16T10:36:11.750Z",
                    "updated_at": "2024-04-16T10:36:11.750Z",
                    "created_by": null,
                    "updated_by": null
                },
                "partners": [
                    {
                        "id": "03fdbe72-ab32-49cc-8246-94ee4c0e572f",
                        "project_id": "6f50a069-cd27-420b-8745-e515a7502b8c",
                        "origination_credit": 10,
                        "selling_credit": 20,
                        "execution_credit": 30,
                        "position": null,
                        "is_lead": false,
                        "user_id": "77d8cad6-99df-46a5-a6ca-08ef9559b028",
                        "created_at": "2024-11-08T06:48:10.842Z",
                        "updated_at": "2024-11-08T06:48:10.939Z",
                        "user": {
                            "name": "Shreya Ghosal",
                            "id": "77d8cad6-99df-46a5-a6ca-08ef9559b028",
                            "cognito_id": "namratamehta1990@gmail.com",
                            "first_name": "Shreya",
                            "last_name": "Ghosal",
                            "email": "namratamehta1990@gmail.com",
                            "tenant_id": null,
                            "active": null,
                            "type": null,
                            "created_at": "2024-07-24T12:35:33.428Z",
                            "updated_at": "2024-07-24T12:35:33.428Z",
                            "created_by": null,
                            "updated_by": null
                        }
                    }
                ],
                "researchers": [
                    {
                        "id": "1c1a2bb8-4c3e-415c-9f24-46d1eedd6b26",
                        "project_id": "6f50a069-cd27-420b-8745-e515a7502b8c",
                        "execution_credit": 50,
                        "position": null,
                        "user_id": "2c4d8ca9-6572-4b2f-9f3a-74ddc6724efa",
                        "created_at": "2024-11-08T06:48:11.513Z",
                        "updated_at": "2024-11-08T06:48:11.562Z",
                        "user": {
                            "name": "Sanam Mehta",
                            "id": "2c4d8ca9-6572-4b2f-9f3a-74ddc6724efa",
                            "cognito_id": "s.m@gmail.com",
                            "first_name": "Sanam",
                            "last_name": "Mehta",
                            "email": "s.m@gmail.com",
                            "tenant_id": null,
                            "active": null,
                            "type": null,
                            "created_at": "2024-08-29T09:14:01.639Z",
                            "updated_at": "2024-08-29T09:14:01.639Z",
                            "created_by": null,
                            "updated_by": null
                        }
                    }
                ],
                "recruiters": [
                    {
                        "id": "9338d559-9bfe-41bb-bf17-f5e8c0a132f6",
                        "project_id": "6f50a069-cd27-420b-8745-e515a7502b8c",
                        "execution_credit": 40,
                        "position": null,
                        "user_id": "4c151a73-0f4a-4b03-ab4f-d5bcde93aefb",
                        "created_at": "2024-11-08T06:48:10.945Z",
                        "updated_at": "2024-11-08T06:48:11.508Z",
                        "user": {
                            "name": "Sushma Mehta",
                            "id": "4c151a73-0f4a-4b03-ab4f-d5bcde93aefb",
                            "cognito_id": "sushma.m@gmail.com",
                            "first_name": "Sushma",
                            "last_name": "Mehta",
                            "email": "sushma.m@gmail.com",
                            "tenant_id": null,
                            "active": null,
                            "type": null,
                            "created_at": "2024-07-15T09:23:16.350Z",
                            "updated_at": "2024-07-15T09:23:16.350Z",
                            "created_by": null,
                            "updated_by": null
                        }
                    }
                ],
                "project_admin": [
                    {
                        "id": "ca2f4adb-8a25-47ae-be14-33b8334076a8",
                        "project_id": "6f50a069-cd27-420b-8745-e515a7502b8c",
                        "execution_credit": 60,
                        "position": null,
                        "user_id": "7f5c44cc-1a73-4a37-8276-4f5c2fe097c9",
                        "created_at": "2024-11-08T06:48:11.567Z",
                        "updated_at": "2024-11-08T06:48:11.622Z",
                        "user": {
                            "name": "Yash Kadam",
                            "id": "7f5c44cc-1a73-4a37-8276-4f5c2fe097c9",
                            "cognito_id": "ykadam@kingsleygate.com",
                            "first_name": "Yash",
                            "last_name": "Kadam",
                            "email": "ykadam@kingsleygate.com",
                            "tenant_id": null,
                            "active": null,
                            "type": null,
                            "created_at": "2024-04-16T10:16:27.590Z",
                            "updated_at": "2024-04-16T10:16:27.590Z",
                            "created_by": null,
                            "updated_by": null
                        }
                    }
                ],
                "bd_project": {
                    "job_title": "CFO",
                    "id": "f1ef4bfa-a91e-4922-986a-dd3a01cd4078"
                }
            },
            {
                "name": "66 - Full Stack Developer (Google AU)",
                "id": "61431ec7-fa07-46eb-98e3-1aa531f240d8",
                "job_title": "Full Stack Developer",
                "helia_title": "Full Stack Developer",
                "job_number": 66,
                "company_id": "50f2f72e-691e-4862-a5fc-e726673bd757",
                "service_offering": null,
                "industry_id": "88f00045-b3a8-4b22-8434-02492779295e",
                "industries": [
                    "AI Managed - Information Technology"
                ],
                "job_functions": [
                    
                ],
                "job_type": "",
                "location": "Bengaluru, Karnataka, India",
                "by_product_fee": null,
                "location_place_id": "ChIJbU60yXAWrjsR4E9-UejD3_g",
                "country_id": "e085ee1f-1f66-45b6-bec2-b75ffd092c32",
                "state_id": "93ae9317-85f3-490c-a2f1-44e6b4d0790f",
                "min_experience": null,
                "location_city": "",
                "max_experience": null,
                "min_compensation": "100000",
                "max_compensation": "200000",
                "additional_info": "",
                "updated_by": "28bd9772-63eb-4def-8cc5-f99458ed4f9d",
                "created_by": "34db6aeb-73c1-4046-a013-d0dfd2d9433c",
                "created_at": "2024-09-23T07:20:17.287Z",
                "updated_at": "2024-10-23T13:02:40.982Z",
                "deleted_at": null,
                "pay_frequency": "",
                "target_compensation_bonus": "100",
                "target_compensation_equity": "10",
                "work_experience_min_years_experience": 1,
                "work_experience_max_years_current_company": 25,
                "experience_mandatory": true,
                "max_experience_mandatory": true,
                "stage": "Open",
                "loe_date": null,
                "billing_address": null,
                "fee_type": null,
                "fee_amount": null,
                "fee_percentage": 33.33,
                "is_fee_cap": null,
                "fee_cap_amount": null,
                "billing_notes": null,
                "is_po_direct": false,
                "po_number": null,
                "invoice_delivery_type": null,
                "projected_start_date": null,
                "start_date": null,
                "offhold_date": null,
                "onhold_date": null,
                "end_date": null,
                "probability": null,
                "competition": null,
                "billable": true,
                "billing_region": "Asia",
                "milestones": null,
                "estimated_fee_amount": null,
                "term_type": null,
                "intervals": null,
                "intervals_other": null,
                "vendor_portal": null,
                "billing_status": "NONE",
                "estimated_percentage_base": 333300,
                "actual_percentage_base": 0,
                "estimated_indirect_total_fee": 0,
                "actual_indirect_total_fee": 0,
                "estimated_revenue": 333300,
                "actual_revenue": 0,
                "actual_overridden_revenue": null,
                "total_invoice_amt": null,
                "total_collected_amt": null,
                "collected_percentage": null,
                "is_invoice_approved": null,
                "email_invoice_to": null,
                "invoice_terms": null,
                "approval_requested_date": null,
                "approval_requested_by": null,
                "total_invoice_expense": null,
                "bd_reject_reason": null,
                "revenue_changed": null,
                "market": "23545b69-2b77-45e9-8622-0afc09646164",
                "bd_status": null,
                "bd_project_id": null,
                "record_type": "Project",
                "horizontal_practice": null,
                "vertical_practice": null,
                "project_type": null,
                "result": null,
                "is_nda": false,
                "is_confidential": null,
                "vc_pe": null,
                "encore_number": null,
                "framework_type": "helia",
                "external_id": null,
                "bd_currency": "2f2f31e2-1c89-43c5-8eea-90ef41e9ab32",
                "candidate_count": "14",
                "pending_review_count": "0",
                "project_tags": [
                    {
                        "id": "0d97962b-7417-4269-bb68-35df04f0147a",
                        "project_id": "61431ec7-fa07-46eb-98e3-1aa531f240d8",
                        "tag_id": "1b02754a-0bf9-4d70-a993-7c743727a427",
                        "created_at": "2024-10-18T04:03:17.962Z",
                        "updated_at": "2024-10-18T04:03:17.962Z",
                        "updated_by": null,
                        "created_by": "28bd9772-63eb-4def-8cc5-f99458ed4f9d",
                        "tag": {
                            "id": "1b02754a-0bf9-4d70-a993-7c743727a427",
                            "name": "Tag Two",
                            "color": "#AA0A6C",
                            "status": true,
                            "created_at": "2024-05-07T08:59:23.886Z",
                            "updated_at": "2024-05-07T08:59:23.886Z",
                            "created_by": "34db6aeb-73c1-4046-a013-d0dfd2d9433c",
                            "updated_by": "34db6aeb-73c1-4046-a013-d0dfd2d9433c",
                            "deleted_at": null
                        }
                    },
                    {
                        "id": "4c508f13-01f1-4186-aa2f-9c7a36a9649a",
                        "project_id": "61431ec7-fa07-46eb-98e3-1aa531f240d8",
                        "tag_id": "a717557c-0303-4849-8635-faf2ae6036cd",
                        "created_at": "2024-10-18T04:03:17.962Z",
                        "updated_at": "2024-10-18T04:03:17.962Z",
                        "updated_by": null,
                        "created_by": "28bd9772-63eb-4def-8cc5-f99458ed4f9d",
                        "tag": {
                            "id": "a717557c-0303-4849-8635-faf2ae6036cd",
                            "name": "Test One",
                            "color": "#003C5B",
                            "status": true,
                            "created_at": "2024-06-13T07:05:03.966Z",
                            "updated_at": "2024-06-13T07:05:03.966Z",
                            "created_by": "34db6aeb-73c1-4046-a013-d0dfd2d9433c",
                            "updated_by": "34db6aeb-73c1-4046-a013-d0dfd2d9433c",
                            "deleted_at": null
                        }
                    }
                ],
                "ign_companies": {
                    "id": "50f2f72e-691e-4862-a5fc-e726673bd757",
                    "name": "Google AU",
                    "created_by": "28bd9772-63eb-4def-8cc5-f99458ed4f9d",
                    "updated_by": "28bd9772-63eb-4def-8cc5-f99458ed4f9d",
                    "created_at": "2024-09-12T02:34:29.210Z",
                    "updated_at": "2024-09-12T02:34:29.978Z",
                    "deleted_at": null,
                    "website_url": "https://about.google/intl/ALL_au/google-in-australia/",
                    "linkedin_url": null,
                    "employee_range_from": null,
                    "employee_range_to": null,
                    "revenue_range_to": null,
                    "revenue_range_from": null,
                    "comments": "",
                    "currency_code": null,
                    "currency_unit": null,
                    "location_id": null,
                    "location_description": null,
                    "image_id": "a2433366-b2e0-412a-85e6-3f038c2b7f56",
                    "company_status": null,
                    "capital_structure": null,
                    "investor_information": null,
                    "ticker_symbol": null,
                    "industries": [
                        "ai managed - information technology",
                        "ai managed - digital marketing"
                    ],
                    "employee_range": null,
                    "revenue_range": null,
                    "external_id": null
                },
                "ign_industries": {
                    "id": "88f00045-b3a8-4b22-8434-02492779295e",
                    "name": "AI Managed - Information Technology",
                    "created_at": "2024-04-15T10:43:45.236Z",
                    "updated_at": "2024-04-15T10:43:45.236Z"
                },
                "service_offering_value": null,
                "bd_status_value": null,
                "job_type_value": null,
                "pay_frequency_value": null,
                "bd_currency_values": {
                    "id": "2f2f31e2-1c89-43c5-8eea-90ef41e9ab32",
                    "code": "USD",
                    "name": "U.S. Dollar",
                    "conversion_rate": 1,
                    "currency_icon": "$",
                    "prefix": true,
                    "created_at": "2024-04-10T10:58:36.442Z",
                    "updated_at": "2024-04-10T10:58:36.442Z"
                },
                "creator": {
                    "name": "Namrata Mehta",
                    "id": "34db6aeb-73c1-4046-a013-d0dfd2d9433c",
                    "cognito_id": "nmehta@kingsleygate.com",
                    "first_name": "Namrata",
                    "last_name": "Mehta",
                    "email": "nmehta@kingsleygate.com",
                    "tenant_id": null,
                    "active": null,
                    "type": null,
                    "created_at": "2024-04-16T10:36:11.750Z",
                    "updated_at": "2024-04-16T10:36:11.750Z",
                    "created_by": null,
                    "updated_by": null
                },
                "updater": {
                    "name": "Ankita Sethi",
                    "id": "28bd9772-63eb-4def-8cc5-f99458ed4f9d",
                    "cognito_id": "ankita.sethi@kingsleygate.com",
                    "first_name": "Ankita",
                    "last_name": "Sethi",
                    "email": "ankita.sethi@kingsleygate.com",
                    "tenant_id": null,
                    "active": null,
                    "type": null,
                    "created_at": "2024-04-16T10:04:17.027Z",
                    "updated_at": "2024-12-05T06:17:20.361Z",
                    "created_by": null,
                    "updated_by": null
                },
                "partners": [
                    
                ],
                "researchers": [
                    
                ],
                "recruiters": [
                    
                ],
                "project_admin": [
                    
                ],
                "bd_project": null
            },
            {
                "name": "48 - SDET 2 (Tata Elxsi)",
                "id": "6ae1dd3f-ab2f-409e-a079-53f779a8c121",
                "job_title": "SDET 2",
                "helia_title": "SDET 2",
                "job_number": 48,
                "company_id": "d8f520c6-119b-429f-ade4-d0f956b18ad9",
                "service_offering": "ignyte",
                "industry_id": "c389afab-5f39-4007-8c2e-98e72a07732a",
                "industries": [
                    "AI Managed - Computer Software"
                ],
                "job_functions": [
                    
                ],
                "job_type": "full_time",
                "location": "Bangalore, Karnataka, India",
                "by_product_fee": null,
                "location_place_id": "ChIJbU60yXAWrjsR4E9-UejD3_g",
                "country_id": "e085ee1f-1f66-45b6-bec2-b75ffd092c32",
                "state_id": "93ae9317-85f3-490c-a2f1-44e6b4d0790f",
                "min_experience": 1,
                "location_city": "",
                "max_experience": 20,
                "min_compensation": "100000",
                "max_compensation": "4000000",
                "additional_info": "",
                "updated_by": "34db6aeb-73c1-4046-a013-d0dfd2d9433c",
                "created_by": "34db6aeb-73c1-4046-a013-d0dfd2d9433c",
                "created_at": "2024-09-02T14:10:42.546Z",
                "updated_at": "2024-10-08T09:48:14.965Z",
                "deleted_at": null,
                "pay_frequency": "quarterly",
                "target_compensation_bonus": null,
                "target_compensation_equity": null,
                "work_experience_min_years_experience": 1,
                "work_experience_max_years_current_company": 20,
                "experience_mandatory": true,
                "max_experience_mandatory": true,
                "stage": "Open",
                "loe_date": null,
                "billing_address": null,
                "fee_type": null,
                "fee_amount": null,
                "fee_percentage": 33.33,
                "is_fee_cap": null,
                "fee_cap_amount": null,
                "billing_notes": null,
                "is_po_direct": null,
                "po_number": null,
                "invoice_delivery_type": null,
                "projected_start_date": null,
                "start_date": null,
                "offhold_date": null,
                "onhold_date": null,
                "end_date": null,
                "probability": null,
                "competition": null,
                "billable": false,
                "billing_region": null,
                "milestones": null,
                "estimated_fee_amount": null,
                "term_type": null,
                "intervals": null,
                "intervals_other": null,
                "vendor_portal": null,
                "billing_status": null,
                "estimated_percentage_base": 0,
                "actual_percentage_base": 0,
                "estimated_indirect_total_fee": 0,
                "actual_indirect_total_fee": 0,
                "estimated_revenue": 0,
                "actual_revenue": 0,
                "actual_overridden_revenue": null,
                "total_invoice_amt": null,
                "total_collected_amt": null,
                "collected_percentage": null,
                "is_invoice_approved": null,
                "email_invoice_to": null,
                "invoice_terms": null,
                "approval_requested_date": null,
                "approval_requested_by": null,
                "total_invoice_expense": null,
                "bd_reject_reason": null,
                "revenue_changed": false,
                "market": null,
                "bd_status": "target_identified",
                "bd_project_id": null,
                "record_type": "Project",
                "horizontal_practice": null,
                "vertical_practice": null,
                "project_type": null,
                "result": null,
                "is_nda": false,
                "is_confidential": null,
                "vc_pe": null,
                "encore_number": null,
                "framework_type": "helia",
                "external_id": null,
                "bd_currency": "b3d86c51-46df-4ecf-bf65-9a037edd2a56",
                "candidate_count": "39",
                "pending_review_count": "2",
                "project_tags": [
                    {
                        "id": "f3c9dba2-0d65-425e-bc6d-69f2dca654c0",
                        "project_id": "6ae1dd3f-ab2f-409e-a079-53f779a8c121",
                        "tag_id": "a717557c-0303-4849-8635-faf2ae6036cd",
                        "created_at": "2024-09-05T12:35:58.591Z",
                        "updated_at": "2024-09-05T12:35:58.591Z",
                        "updated_by": null,
                        "created_by": "7f5c44cc-1a73-4a37-8276-4f5c2fe097c9",
                        "tag": {
                            "id": "a717557c-0303-4849-8635-faf2ae6036cd",
                            "name": "Test One",
                            "color": "#003C5B",
                            "status": true,
                            "created_at": "2024-06-13T07:05:03.966Z",
                            "updated_at": "2024-06-13T07:05:03.966Z",
                            "created_by": "34db6aeb-73c1-4046-a013-d0dfd2d9433c",
                            "updated_by": "34db6aeb-73c1-4046-a013-d0dfd2d9433c",
                            "deleted_at": null
                        }
                    },
                    {
                        "id": "9550381a-0e15-48a9-99e4-18edde5156c4",
                        "project_id": "6ae1dd3f-ab2f-409e-a079-53f779a8c121",
                        "tag_id": "1b02754a-0bf9-4d70-a993-7c743727a427",
                        "created_at": "2024-09-03T05:29:25.343Z",
                        "updated_at": "2024-09-03T05:29:25.343Z",
                        "updated_by": null,
                        "created_by": "34db6aeb-73c1-4046-a013-d0dfd2d9433c",
                        "tag": {
                            "id": "1b02754a-0bf9-4d70-a993-7c743727a427",
                            "name": "Tag Two",
                            "color": "#AA0A6C",
                            "status": true,
                            "created_at": "2024-05-07T08:59:23.886Z",
                            "updated_at": "2024-05-07T08:59:23.886Z",
                            "created_by": "34db6aeb-73c1-4046-a013-d0dfd2d9433c",
                            "updated_by": "34db6aeb-73c1-4046-a013-d0dfd2d9433c",
                            "deleted_at": null
                        }
                    }
                ],
                "ign_companies": {
                    "id": "d8f520c6-119b-429f-ade4-d0f956b18ad9",
                    "name": "Tata Elxsi",
                    "created_by": "34db6aeb-73c1-4046-a013-d0dfd2d9433c",
                    "updated_by": "34db6aeb-73c1-4046-a013-d0dfd2d9433c",
                    "created_at": "2024-09-02T12:51:51.975Z",
                    "updated_at": "2024-09-02T12:51:52.198Z",
                    "deleted_at": null,
                    "website_url": "https://www.tataelxsi.com/#",
                    "linkedin_url": "https://www.linkedin.com/company/tataelxsi/",
                    "employee_range_from": 1000,
                    "employee_range_to": 300000,
                    "revenue_range_to": 10000000,
                    "revenue_range_from": 10000,
                    "comments": "<p>Company added on 02-Sep</p>",
                    "currency_code": "INR",
                    "currency_unit": "million",
                    "location_id": "ChIJbU60yXAWrjsR4E9-UejD3_g",
                    "location_description": "Bangalore, Karnataka, India",
                    "image_id": "172dc300-67e9-470a-998e-5d239db89ddc",
                    "company_status": "active",
                    "capital_structure": "private",
                    "investor_information": null,
                    "ticker_symbol": "Tickler TATAE",
                    "industries": [
                        "ai managed - computer software"
                    ],
                    "employee_range": "10000plus",
                    "revenue_range": "Over $5 bil.",
                    "external_id": null
                },
                "ign_industries": {
                    "id": "c389afab-5f39-4007-8c2e-98e72a07732a",
                    "name": "AI Managed - Computer Software",
                    "created_at": "2024-04-24T10:00:14.445Z",
                    "updated_at": "2024-04-24T10:00:14.445Z"
                },
                "service_offering_value": {
                    "field_value": "ignyte",
                    "short_desc": "Ignyte"
                },
                "bd_status_value": {
                    "field_value": "target_identified",
                    "short_desc": "Target Identified"
                },
                "job_type_value": {
                    "field_value": "full_time",
                    "short_desc": "Full Time"
                },
                "pay_frequency_value": {
                    "field_value": "quarterly",
                    "short_desc": "Quarterly"
                },
                "bd_currency_values": {
                    "id": "b3d86c51-46df-4ecf-bf65-9a037edd2a56",
                    "code": "INR",
                    "name": "Indian Rupee",
                    "conversion_rate": 71.3275,
                    "currency_icon": "₹",
                    "prefix": true,
                    "created_at": "2024-04-10T10:58:36.442Z",
                    "updated_at": "2024-04-10T10:58:36.442Z"
                },
                "creator": {
                    "name": "Namrata Mehta",
                    "id": "34db6aeb-73c1-4046-a013-d0dfd2d9433c",
                    "cognito_id": "nmehta@kingsleygate.com",
                    "first_name": "Namrata",
                    "last_name": "Mehta",
                    "email": "nmehta@kingsleygate.com",
                    "tenant_id": null,
                    "active": null,
                    "type": null,
                    "created_at": "2024-04-16T10:36:11.750Z",
                    "updated_at": "2024-04-16T10:36:11.750Z",
                    "created_by": null,
                    "updated_by": null
                },
                "updater": {
                    "name": "Namrata Mehta",
                    "id": "34db6aeb-73c1-4046-a013-d0dfd2d9433c",
                    "cognito_id": "nmehta@kingsleygate.com",
                    "first_name": "Namrata",
                    "last_name": "Mehta",
                    "email": "nmehta@kingsleygate.com",
                    "tenant_id": null,
                    "active": null,
                    "type": null,
                    "created_at": "2024-04-16T10:36:11.750Z",
                    "updated_at": "2024-04-16T10:36:11.750Z",
                    "created_by": null,
                    "updated_by": null
                },
                "partners": [
                    {
                        "id": "b6b308f9-1a4a-4dda-8362-81c19d82ae38",
                        "project_id": "6ae1dd3f-ab2f-409e-a079-53f779a8c121",
                        "origination_credit": null,
                        "selling_credit": null,
                        "execution_credit": null,
                        "position": null,
                        "is_lead": false,
                        "user_id": null,
                        "created_at": "2024-09-03T10:51:42.081Z",
                        "updated_at": "2024-09-03T10:51:42.188Z",
                        "user": null
                    }
                ],
                "researchers": [
                    {
                        "id": "2f31f4f5-7194-426c-b2f0-e39cbaf7c9a4",
                        "project_id": "6ae1dd3f-ab2f-409e-a079-53f779a8c121",
                        "execution_credit": null,
                        "position": null,
                        "user_id": null,
                        "created_at": "2024-09-03T10:51:42.256Z",
                        "updated_at": "2024-09-03T10:51:42.363Z",
                        "user": null
                    }
                ],
                "recruiters": [
                    {
                        "id": "7f1c8ab0-070e-473f-94a7-11edadb59311",
                        "project_id": "6ae1dd3f-ab2f-409e-a079-53f779a8c121",
                        "execution_credit": null,
                        "position": null,
                        "user_id": null,
                        "created_at": "2024-09-03T10:51:42.198Z",
                        "updated_at": "2024-09-03T10:51:42.251Z",
                        "user": null
                    }
                ],
                "project_admin": [
                    {
                        "id": "f21c384b-d970-43ea-9907-4be7248bc0d1",
                        "project_id": "6ae1dd3f-ab2f-409e-a079-53f779a8c121",
                        "execution_credit": null,
                        "position": null,
                        "user_id": null,
                        "created_at": "2024-09-03T10:51:42.368Z",
                        "updated_at": "2024-09-03T10:51:42.412Z",
                        "user": null
                    }
                ],
                "bd_project": null
            },
            {
                "name": "49 - Network Engineer (Tata Elxsi)",
                "id": "725daf1e-5327-4e7f-9de9-d839d04c3e9b",
                "job_title": "Network Engineer",
                "helia_title": "Network Engineer",
                "job_number": 49,
                "company_id": "d8f520c6-119b-429f-ade4-d0f956b18ad9",
                "service_offering": "ignyte",
                "industry_id": "c389afab-5f39-4007-8c2e-98e72a07732a",
                "industries": [
                    "AI Managed - Computer Software"
                ],
                "job_functions": [
                    
                ],
                "job_type": "full_time",
                "location": "Bangalore, Karnataka, India",
                "by_product_fee": null,
                "location_place_id": "ChIJbU60yXAWrjsR4E9-UejD3_g",
                "country_id": "e085ee1f-1f66-45b6-bec2-b75ffd092c32",
                "state_id": "93ae9317-85f3-490c-a2f1-44e6b4d0790f",
                "min_experience": 1,
                "location_city": "",
                "max_experience": 20,
                "min_compensation": "10000",
                "max_compensation": "300000",
                "additional_info": "",
                "updated_by": "34db6aeb-73c1-4046-a013-d0dfd2d9433c",
                "created_by": "34db6aeb-73c1-4046-a013-d0dfd2d9433c",
                "created_at": "2024-09-04T07:40:27.134Z",
                "updated_at": "2024-09-10T09:59:01.573Z",
                "deleted_at": null,
                "pay_frequency": "quarterly",
                "target_compensation_bonus": null,
                "target_compensation_equity": null,
                "work_experience_min_years_experience": 1,
                "work_experience_max_years_current_company": 20,
                "experience_mandatory": true,
                "max_experience_mandatory": true,
                "stage": "Open",
                "loe_date": null,
                "billing_address": null,
                "fee_type": null,
                "fee_amount": null,
                "fee_percentage": null,
                "is_fee_cap": null,
                "fee_cap_amount": null,
                "billing_notes": null,
                "is_po_direct": null,
                "po_number": null,
                "invoice_delivery_type": null,
                "projected_start_date": "2024-09-03",
                "start_date": null,
                "offhold_date": null,
                "onhold_date": null,
                "end_date": null,
                "probability": "25%",
                "competition": null,
                "billable": false,
                "billing_region": null,
                "milestones": null,
                "estimated_fee_amount": null,
                "term_type": null,
                "intervals": null,
                "intervals_other": null,
                "vendor_portal": null,
                "billing_status": null,
                "estimated_percentage_base": null,
                "actual_percentage_base": null,
                "estimated_indirect_total_fee": null,
                "actual_indirect_total_fee": null,
                "estimated_revenue": null,
                "actual_revenue": null,
                "actual_overridden_revenue": null,
                "total_invoice_amt": null,
                "total_collected_amt": null,
                "collected_percentage": null,
                "is_invoice_approved": null,
                "email_invoice_to": null,
                "invoice_terms": null,
                "approval_requested_date": null,
                "approval_requested_by": null,
                "total_invoice_expense": null,
                "bd_reject_reason": null,
                "revenue_changed": false,
                "market": "23545b69-2b77-45e9-8622-0afc09646164",
                "bd_status": "target_identified",
                "bd_project_id": null,
                "record_type": "Project",
                "horizontal_practice": null,
                "vertical_practice": null,
                "project_type": null,
                "result": "active",
                "is_nda": false,
                "is_confidential": null,
                "vc_pe": null,
                "encore_number": null,
                "framework_type": "helia",
                "external_id": null,
                "bd_currency": "b3d86c51-46df-4ecf-bf65-9a037edd2a56",
                "candidate_count": "20",
                "pending_review_count": "0",
                "project_tags": [
                    {
                        "id": "23145835-570f-4b4c-a701-b2506b98b276",
                        "project_id": "725daf1e-5327-4e7f-9de9-d839d04c3e9b",
                        "tag_id": "3724cf18-b65c-46e4-9eb1-228048c3d294",
                        "created_at": "2024-09-06T10:07:41.647Z",
                        "updated_at": "2024-09-06T10:07:41.647Z",
                        "updated_by": null,
                        "created_by": "34db6aeb-73c1-4046-a013-d0dfd2d9433c",
                        "tag": {
                            "id": "3724cf18-b65c-46e4-9eb1-228048c3d294",
                            "name": "Test Two",
                            "color": "#AA0A6C",
                            "status": true,
                            "created_at": "2024-06-13T07:05:27.434Z",
                            "updated_at": "2024-06-13T07:05:27.434Z",
                            "created_by": "34db6aeb-73c1-4046-a013-d0dfd2d9433c",
                            "updated_by": "34db6aeb-73c1-4046-a013-d0dfd2d9433c",
                            "deleted_at": null
                        }
                    }
                ],
                "ign_companies": {
                    "id": "d8f520c6-119b-429f-ade4-d0f956b18ad9",
                    "name": "Tata Elxsi",
                    "created_by": "34db6aeb-73c1-4046-a013-d0dfd2d9433c",
                    "updated_by": "34db6aeb-73c1-4046-a013-d0dfd2d9433c",
                    "created_at": "2024-09-02T12:51:51.975Z",
                    "updated_at": "2024-09-02T12:51:52.198Z",
                    "deleted_at": null,
                    "website_url": "https://www.tataelxsi.com/#",
                    "linkedin_url": "https://www.linkedin.com/company/tataelxsi/",
                    "employee_range_from": 1000,
                    "employee_range_to": 300000,
                    "revenue_range_to": 10000000,
                    "revenue_range_from": 10000,
                    "comments": "<p>Company added on 02-Sep</p>",
                    "currency_code": "INR",
                    "currency_unit": "million",
                    "location_id": "ChIJbU60yXAWrjsR4E9-UejD3_g",
                    "location_description": "Bangalore, Karnataka, India",
                    "image_id": "172dc300-67e9-470a-998e-5d239db89ddc",
                    "company_status": "active",
                    "capital_structure": "private",
                    "investor_information": null,
                    "ticker_symbol": "Tickler TATAE",
                    "industries": [
                        "ai managed - computer software"
                    ],
                    "employee_range": "10000plus",
                    "revenue_range": "Over $5 bil.",
                    "external_id": null
                },
                "ign_industries": {
                    "id": "c389afab-5f39-4007-8c2e-98e72a07732a",
                    "name": "AI Managed - Computer Software",
                    "created_at": "2024-04-24T10:00:14.445Z",
                    "updated_at": "2024-04-24T10:00:14.445Z"
                },
                "service_offering_value": {
                    "field_value": "ignyte",
                    "short_desc": "Ignyte"
                },
                "bd_status_value": {
                    "field_value": "target_identified",
                    "short_desc": "Target Identified"
                },
                "job_type_value": {
                    "field_value": "full_time",
                    "short_desc": "Full Time"
                },
                "pay_frequency_value": {
                    "field_value": "quarterly",
                    "short_desc": "Quarterly"
                },
                "bd_currency_values": {
                    "id": "b3d86c51-46df-4ecf-bf65-9a037edd2a56",
                    "code": "INR",
                    "name": "Indian Rupee",
                    "conversion_rate": 71.3275,
                    "currency_icon": "₹",
                    "prefix": true,
                    "created_at": "2024-04-10T10:58:36.442Z",
                    "updated_at": "2024-04-10T10:58:36.442Z"
                },
                "creator": {
                    "name": "Namrata Mehta",
                    "id": "34db6aeb-73c1-4046-a013-d0dfd2d9433c",
                    "cognito_id": "nmehta@kingsleygate.com",
                    "first_name": "Namrata",
                    "last_name": "Mehta",
                    "email": "nmehta@kingsleygate.com",
                    "tenant_id": null,
                    "active": null,
                    "type": null,
                    "created_at": "2024-04-16T10:36:11.750Z",
                    "updated_at": "2024-04-16T10:36:11.750Z",
                    "created_by": null,
                    "updated_by": null
                },
                "updater": {
                    "name": "Namrata Mehta",
                    "id": "34db6aeb-73c1-4046-a013-d0dfd2d9433c",
                    "cognito_id": "nmehta@kingsleygate.com",
                    "first_name": "Namrata",
                    "last_name": "Mehta",
                    "email": "nmehta@kingsleygate.com",
                    "tenant_id": null,
                    "active": null,
                    "type": null,
                    "created_at": "2024-04-16T10:36:11.750Z",
                    "updated_at": "2024-04-16T10:36:11.750Z",
                    "created_by": null,
                    "updated_by": null
                },
                "partners": [
                    {
                        "id": "301a2957-4c4d-495b-ae95-1573f492a289",
                        "project_id": "725daf1e-5327-4e7f-9de9-d839d04c3e9b",
                        "origination_credit": null,
                        "selling_credit": null,
                        "execution_credit": null,
                        "position": null,
                        "is_lead": false,
                        "user_id": null,
                        "created_at": "2024-09-06T10:12:36.201Z",
                        "updated_at": "2024-09-06T10:12:36.768Z",
                        "user": null
                    }
                ],
                "researchers": [
                    {
                        "id": "4272e94c-0626-4095-bfe5-35ab3fc7c5b3",
                        "project_id": "725daf1e-5327-4e7f-9de9-d839d04c3e9b",
                        "execution_credit": null,
                        "position": null,
                        "user_id": null,
                        "created_at": "2024-09-06T10:12:37.316Z",
                        "updated_at": "2024-09-06T10:12:37.363Z",
                        "user": null
                    }
                ],
                "recruiters": [
                    {
                        "id": "2d770e0b-5d32-4bdf-8e55-412a6f386344",
                        "project_id": "725daf1e-5327-4e7f-9de9-d839d04c3e9b",
                        "execution_credit": null,
                        "position": null,
                        "user_id": null,
                        "created_at": "2024-09-06T10:12:36.773Z",
                        "updated_at": "2024-09-06T10:12:37.311Z",
                        "user": null
                    }
                ],
                "project_admin": [
                    {
                        "id": "996b6c0f-cb6d-46c0-8b3a-2f97b90d8d4c",
                        "project_id": "725daf1e-5327-4e7f-9de9-d839d04c3e9b",
                        "execution_credit": null,
                        "position": null,
                        "user_id": null,
                        "created_at": "2024-09-06T10:12:37.367Z",
                        "updated_at": "2024-09-06T10:12:37.410Z",
                        "user": null
                    }
                ],
                "bd_project": null
            },
            {
                "name": "18 - Tester (FIS Global)",
                "id": "c98895e3-3550-48a5-8963-f5489c233ac8",
                "job_title": "Tester",
                "helia_title": null,
                "job_number": 18,
                "company_id": "067d13e2-e2c5-4e05-b2ab-2259b1b27ce3",
                "service_offering": "ignyte",
                "industry_id": "c389afab-5f39-4007-8c2e-98e72a07732a",
                "industries": [
                    "AI Managed - Computer Software"
                ],
                "job_functions": [
                    
                ],
                "job_type": "full_time",
                "location": "Mumbai, Maharashtra, India",
                "by_product_fee": null,
                "location_place_id": "ChIJwe1EZjDG5zsRaYxkjY_tpF0",
                "country_id": "e085ee1f-1f66-45b6-bec2-b75ffd092c32",
                "state_id": "93ae9317-85f3-490c-a2f1-44e6b4d0790f",
                "min_experience": 1,
                "location_city": "",
                "max_experience": 10,
                "min_compensation": "1",
                "max_compensation": "10",
                "additional_info": "",
                "updated_by": "7f5c44cc-1a73-4a37-8276-4f5c2fe097c9",
                "created_by": "34db6aeb-73c1-4046-a013-d0dfd2d9433c",
                "created_at": "2024-05-13T11:18:19.446Z",
                "updated_at": "2024-09-06T08:18:05.071Z",
                "deleted_at": null,
                "pay_frequency": "quarterly",
                "target_compensation_bonus": null,
                "target_compensation_equity": null,
                "work_experience_min_years_experience": 1,
                "work_experience_max_years_current_company": 15,
                "experience_mandatory": true,
                "max_experience_mandatory": true,
                "stage": "Open",
                "loe_date": null,
                "billing_address": null,
                "fee_type": null,
                "fee_amount": null,
                "fee_percentage": null,
                "is_fee_cap": null,
                "fee_cap_amount": null,
                "billing_notes": null,
                "is_po_direct": null,
                "po_number": null,
                "invoice_delivery_type": null,
                "projected_start_date": null,
                "start_date": null,
                "offhold_date": null,
                "onhold_date": null,
                "end_date": null,
                "probability": null,
                "competition": null,
                "billable": false,
                "billing_region": null,
                "milestones": null,
                "estimated_fee_amount": null,
                "term_type": null,
                "intervals": null,
                "intervals_other": null,
                "vendor_portal": null,
                "billing_status": null,
                "estimated_percentage_base": null,
                "actual_percentage_base": null,
                "estimated_indirect_total_fee": null,
                "actual_indirect_total_fee": null,
                "estimated_revenue": null,
                "actual_revenue": null,
                "actual_overridden_revenue": null,
                "total_invoice_amt": null,
                "total_collected_amt": null,
                "collected_percentage": null,
                "is_invoice_approved": null,
                "email_invoice_to": null,
                "invoice_terms": null,
                "approval_requested_date": null,
                "approval_requested_by": null,
                "total_invoice_expense": null,
                "bd_reject_reason": null,
                "revenue_changed": null,
                "market": null,
                "bd_status": null,
                "bd_project_id": null,
                "record_type": "Project",
                "horizontal_practice": null,
                "vertical_practice": null,
                "project_type": null,
                "result": null,
                "is_nda": false,
                "is_confidential": null,
                "vc_pe": null,
                "encore_number": null,
                "framework_type": "helia",
                "external_id": null,
                "bd_currency": "b3d86c51-46df-4ecf-bf65-9a037edd2a56",
                "candidate_count": "0",
                "pending_review_count": "0",
                "project_tags": [
                    
                ],
                "ign_companies": {
                    "id": "067d13e2-e2c5-4e05-b2ab-2259b1b27ce3",
                    "name": "FIS Global",
                    "created_by": "34db6aeb-73c1-4046-a013-d0dfd2d9433c",
                    "updated_by": "34db6aeb-73c1-4046-a013-d0dfd2d9433c",
                    "created_at": "2024-05-07T08:58:49.765Z",
                    "updated_at": "2024-05-07T09:02:03.870Z",
                    "deleted_at": null,
                    "website_url": "www.fisglobal.com",
                    "linkedin_url": null,
                    "employee_range_from": 50000,
                    "employee_range_to": 55000,
                    "revenue_range_to": 2000000,
                    "revenue_range_from": 1000000,
                    "comments": "<p>Test.........!!!!!!!!!!!!!!!!!!!!!!!!!!!!!!!!!!!11</p>",
                    "currency_code": "INR",
                    "currency_unit": "billion",
                    "location_id": "ChIJeZLjNx6wNi4R6qaQ53a1eaA",
                    "location_description": "Bengkulu, Bengkulu City, Bengkulu, Indonesia",
                    "image_id": null,
                    "company_status": "active",
                    "capital_structure": "private",
                    "investor_information": null,
                    "ticker_symbol": "Ok",
                    "industries": [
                        "ai managed - it-software",
                        "ai managed - software testing",
                        "ai managed - computer software"
                    ],
                    "employee_range": "10000plus",
                    "revenue_range": "Over $5 bil.",
                    "external_id": null
                },
                "ign_industries": {
                    "id": "c389afab-5f39-4007-8c2e-98e72a07732a",
                    "name": "AI Managed - Computer Software",
                    "created_at": "2024-04-24T10:00:14.445Z",
                    "updated_at": "2024-04-24T10:00:14.445Z"
                },
                "service_offering_value": {
                    "field_value": "ignyte",
                    "short_desc": "Ignyte"
                },
                "bd_status_value": null,
                "job_type_value": {
                    "field_value": "full_time",
                    "short_desc": "Full Time"
                },
                "pay_frequency_value": {
                    "field_value": "quarterly",
                    "short_desc": "Quarterly"
                },
                "bd_currency_values": {
                    "id": "b3d86c51-46df-4ecf-bf65-9a037edd2a56",
                    "code": "INR",
                    "name": "Indian Rupee",
                    "conversion_rate": 71.3275,
                    "currency_icon": "₹",
                    "prefix": true,
                    "created_at": "2024-04-10T10:58:36.442Z",
                    "updated_at": "2024-04-10T10:58:36.442Z"
                },
                "creator": {
                    "name": "Namrata Mehta",
                    "id": "34db6aeb-73c1-4046-a013-d0dfd2d9433c",
                    "cognito_id": "nmehta@kingsleygate.com",
                    "first_name": "Namrata",
                    "last_name": "Mehta",
                    "email": "nmehta@kingsleygate.com",
                    "tenant_id": null,
                    "active": null,
                    "type": null,
                    "created_at": "2024-04-16T10:36:11.750Z",
                    "updated_at": "2024-04-16T10:36:11.750Z",
                    "created_by": null,
                    "updated_by": null
                },
                "updater": {
                    "name": "Yash Kadam",
                    "id": "7f5c44cc-1a73-4a37-8276-4f5c2fe097c9",
                    "cognito_id": "ykadam@kingsleygate.com",
                    "first_name": "Yash",
                    "last_name": "Kadam",
                    "email": "ykadam@kingsleygate.com",
                    "tenant_id": null,
                    "active": null,
                    "type": null,
                    "created_at": "2024-04-16T10:16:27.590Z",
                    "updated_at": "2024-04-16T10:16:27.590Z",
                    "created_by": null,
                    "updated_by": null
                },
                "partners": [
                    
                ],
                "researchers": [
                    
                ],
                "recruiters": [
                    
                ],
                "project_admin": [
                    
                ],
                "bd_project": null
            },
            {
                "name": "45 - Quality Assurance (Diligent)",
                "id": "9e24b76f-1063-4d70-892c-1de23ea5df38",
                "job_title": "Quality Assurance",
                "helia_title": "Quality Assurance",
                "job_number": 45,
                "company_id": "6de0cb31-d384-4e0d-b16a-b0a8bf725994",
                "service_offering": "ignyte",
                "industry_id": "c389afab-5f39-4007-8c2e-98e72a07732a",
                "industries": [
                    "AI Managed - Computer Software"
                ],
                "job_functions": [
                    
                ],
                "job_type": "full_time",
                "location": "Mumbai, Maharashtra, India",
                "by_product_fee": null,
                "location_place_id": "ChIJwe1EZjDG5zsRaYxkjY_tpF0",
                "country_id": "e085ee1f-1f66-45b6-bec2-b75ffd092c32",
                "state_id": "93ae9317-85f3-490c-a2f1-44e6b4d0790f",
                "min_experience": 1,
                "location_city": "",
                "max_experience": 20,
                "min_compensation": "100000",
                "max_compensation": "300000",
                "additional_info": "<p>Additional Info 22 Aug</p>",
                "updated_by": "34db6aeb-73c1-4046-a013-d0dfd2d9433c",
                "created_by": "34db6aeb-73c1-4046-a013-d0dfd2d9433c",
                "created_at": "2024-08-21T06:51:08.870Z",
                "updated_at": "2024-09-06T07:18:23.299Z",
                "deleted_at": null,
                "pay_frequency": "quarterly",
                "target_compensation_bonus": null,
                "target_compensation_equity": null,
                "work_experience_min_years_experience": 1,
                "work_experience_max_years_current_company": 20,
                "experience_mandatory": true,
                "max_experience_mandatory": true,
                "stage": "Open",
                "loe_date": "2024-08-15",
                "billing_address": "A 209",
                "fee_type": null,
                "fee_amount": null,
                "fee_percentage": 33.33,
                "is_fee_cap": null,
                "fee_cap_amount": null,
                "billing_notes": "Notes",
                "is_po_direct": true,
                "po_number": "Test PO",
                "invoice_delivery_type": null,
                "projected_start_date": "2024-08-01",
                "start_date": null,
                "offhold_date": null,
                "onhold_date": null,
                "end_date": null,
                "probability": "75%",
                "competition": "10000",
                "billable": true,
                "billing_region": "North America",
                "milestones": null,
                "estimated_fee_amount": null,
                "term_type": null,
                "intervals": null,
                "intervals_other": null,
                "vendor_portal": "open_invoice",
                "billing_status": "PND_ACK",
                "estimated_percentage_base": 0,
                "actual_percentage_base": 0,
                "estimated_indirect_total_fee": 0,
                "actual_indirect_total_fee": 0,
                "estimated_revenue": 0,
                "actual_revenue": 0,
                "actual_overridden_revenue": null,
                "total_invoice_amt": null,
                "total_collected_amt": null,
                "collected_percentage": null,
                "is_invoice_approved": null,
                "email_invoice_to": "billing@gmail.com",
                "invoice_terms": null,
                "approval_requested_date": null,
                "approval_requested_by": null,
                "total_invoice_expense": null,
                "bd_reject_reason": null,
                "revenue_changed": false,
                "market": "34bb34ca-14a3-4b1c-90bf-8b47a0368224",
                "bd_status": "target_identified",
                "bd_project_id": null,
                "record_type": "Project",
                "horizontal_practice": "marketing",
                "vertical_practice": "financial_services",
                "project_type": "retained",
                "result": "active",
                "is_nda": true,
                "is_confidential": true,
                "vc_pe": [
                    "100ms"
                ],
                "encore_number": null,
                "framework_type": "helia",
                "external_id": null,
                "bd_currency": "d718b127-0bf3-446e-8ada-253dcb17b838",
                "candidate_count": "3",
                "pending_review_count": "0",
                "project_tags": [
                    
                ],
                "ign_companies": {
                    "id": "6de0cb31-d384-4e0d-b16a-b0a8bf725994",
                    "name": "Diligent",
                    "created_by": "34db6aeb-73c1-4046-a013-d0dfd2d9433c",
                    "updated_by": "34db6aeb-73c1-4046-a013-d0dfd2d9433c",
                    "created_at": "2024-07-08T07:39:33.599Z",
                    "updated_at": "2024-07-08T07:44:30.712Z",
                    "deleted_at": null,
                    "website_url": "www.Diligent.com",
                    "linkedin_url": "https://www.linkedin.com/company/diligent-board-member-services/",
                    "employee_range_from": 10000,
                    "employee_range_to": 50000,
                    "revenue_range_to": 100000,
                    "revenue_range_from": 1000,
                    "comments": "<p>This is new company generated on 08-Jul</p>",
                    "currency_code": "INR",
                    "currency_unit": "billion",
                    "location_id": "ChIJbU60yXAWrjsR4E9-UejD3_g",
                    "location_description": "Bengaluru, Karnataka, India",
                    "image_id": "485da4f1-0440-4a4e-96df-1a2563fae297",
                    "company_status": "active",
                    "capital_structure": "private",
                    "investor_information": null,
                    "ticker_symbol": "Sym 01",
                    "industries": [
                        "ai managed - computer software"
                    ],
                    "employee_range": "10000plus",
                    "revenue_range": "Over $5 bil.",
                    "external_id": null
                },
                "ign_industries": {
                    "id": "c389afab-5f39-4007-8c2e-98e72a07732a",
                    "name": "AI Managed - Computer Software",
                    "created_at": "2024-04-24T10:00:14.445Z",
                    "updated_at": "2024-04-24T10:00:14.445Z"
                },
                "service_offering_value": {
                    "field_value": "ignyte",
                    "short_desc": "Ignyte"
                },
                "bd_status_value": {
                    "field_value": "target_identified",
                    "short_desc": "Target Identified"
                },
                "job_type_value": {
                    "field_value": "full_time",
                    "short_desc": "Full Time"
                },
                "pay_frequency_value": {
                    "field_value": "quarterly",
                    "short_desc": "Quarterly"
                },
                "bd_currency_values": {
                    "id": "d718b127-0bf3-446e-8ada-253dcb17b838",
                    "code": "EUR",
                    "name": "Euro",
                    "conversion_rate": 0.90709,
                    "currency_icon": "€",
                    "prefix": true,
                    "created_at": "2024-04-10T10:58:36.442Z",
                    "updated_at": "2024-04-10T10:58:36.442Z"
                },
                "creator": {
                    "name": "Namrata Mehta",
                    "id": "34db6aeb-73c1-4046-a013-d0dfd2d9433c",
                    "cognito_id": "nmehta@kingsleygate.com",
                    "first_name": "Namrata",
                    "last_name": "Mehta",
                    "email": "nmehta@kingsleygate.com",
                    "tenant_id": null,
                    "active": null,
                    "type": null,
                    "created_at": "2024-04-16T10:36:11.750Z",
                    "updated_at": "2024-04-16T10:36:11.750Z",
                    "created_by": null,
                    "updated_by": null
                },
                "updater": {
                    "name": "Namrata Mehta",
                    "id": "34db6aeb-73c1-4046-a013-d0dfd2d9433c",
                    "cognito_id": "nmehta@kingsleygate.com",
                    "first_name": "Namrata",
                    "last_name": "Mehta",
                    "email": "nmehta@kingsleygate.com",
                    "tenant_id": null,
                    "active": null,
                    "type": null,
                    "created_at": "2024-04-16T10:36:11.750Z",
                    "updated_at": "2024-04-16T10:36:11.750Z",
                    "created_by": null,
                    "updated_by": null
                },
                "partners": [
                    {
                        "id": "a891c267-32ed-4629-a53f-619df57c15e3",
                        "project_id": "9e24b76f-1063-4d70-892c-1de23ea5df38",
                        "origination_credit": 1,
                        "selling_credit": 2,
                        "execution_credit": 2,
                        "position": null,
                        "is_lead": true,
                        "user_id": "13d662cf-8425-43af-9cbe-f2d53b65edce",
                        "created_at": "2024-08-21T10:46:12.147Z",
                        "updated_at": "2024-08-21T10:46:12.213Z",
                        "user": {
                            "name": "Namrata Mehta",
                            "id": "13d662cf-8425-43af-9cbe-f2d53b65edce",
                            "cognito_id": "namratamehta2918@gmail.com",
                            "first_name": "Namrata",
                            "last_name": "Mehta",
                            "email": "namratamehta2918@gmail.com",
                            "tenant_id": null,
                            "active": null,
                            "type": null,
                            "created_at": "2024-07-18T09:37:23.564Z",
                            "updated_at": "2024-07-18T09:37:23.564Z",
                            "created_by": null,
                            "updated_by": null
                        }
                    }
                ],
                "researchers": [
                    {
                        "id": "32ee3f74-301e-4328-9111-a1173aead304",
                        "project_id": "9e24b76f-1063-4d70-892c-1de23ea5df38",
                        "execution_credit": null,
                        "position": null,
                        "user_id": null,
                        "created_at": "2024-08-21T10:46:12.285Z",
                        "updated_at": "2024-08-21T10:46:12.349Z",
                        "user": null
                    }
                ],
                "recruiters": [
                    {
                        "id": "bd2fd1aa-7c5c-4e8b-9049-b5b8065269a7",
                        "project_id": "9e24b76f-1063-4d70-892c-1de23ea5df38",
                        "execution_credit": null,
                        "position": null,
                        "user_id": null,
                        "created_at": "2024-08-21T10:46:12.220Z",
                        "updated_at": "2024-08-21T10:46:12.280Z",
                        "user": null
                    }
                ],
                "project_admin": [
                    {
                        "id": "ec127e10-1e3c-4447-bf17-ca9e69405ea3",
                        "project_id": "9e24b76f-1063-4d70-892c-1de23ea5df38",
                        "execution_credit": null,
                        "position": null,
                        "user_id": null,
                        "created_at": "2024-08-21T10:46:12.354Z",
                        "updated_at": "2024-08-21T10:46:12.417Z",
                        "user": null
                    }
                ],
                "bd_project": null
            },
            {
                "name": "28 - .net developer9 (Genpact1)",
                "id": "abc4b124-df4b-4d05-b3af-08fbbcab3949",
                "job_title": ".net developer9",
                "helia_title": ".net developer",
                "job_number": 28,
                "company_id": "c57f016c-1032-4149-a3f0-a0ca8472597a",
                "service_offering": "Ignyte",
                "industry_id": "c389afab-5f39-4007-8c2e-98e72a07732a",
                "industries": [
                    "AI Managed - Computer Software"
                ],
                "job_functions": [
                    
                ],
                "job_type": "Full Time",
                "location": "Bangalore, Karnataka, India",
                "by_product_fee": null,
                "location_place_id": "ChIJbU60yXAWrjsR4E9-UejD3_g",
                "country_id": "e085ee1f-1f66-45b6-bec2-b75ffd092c32",
                "state_id": "93ae9317-85f3-490c-a2f1-44e6b4d0790f",
                "min_experience": 10,
                "location_city": "",
                "max_experience": 20,
                "min_compensation": "-9",
                "max_compensation": "-78",
                "additional_info": "<p>Additional Information..!!!!!!!!!!!!!!!!!!!!!!!!!!!!!!!!1</p>",
                "updated_by": "8bef8d75-46f0-4ba0-84dc-0170e49f8a0b",
                "created_by": "34db6aeb-73c1-4046-a013-d0dfd2d9433c",
                "created_at": "2024-06-24T07:37:14.024Z",
                "updated_at": "2024-07-24T14:31:11.393Z",
                "deleted_at": null,
                "pay_frequency": "quarterly",
                "target_compensation_bonus": null,
                "target_compensation_equity": null,
                "work_experience_min_years_experience": null,
                "work_experience_max_years_current_company": null,
                "experience_mandatory": true,
                "max_experience_mandatory": true,
                "stage": "Open",
                "loe_date": null,
                "billing_address": null,
                "fee_type": null,
                "fee_amount": null,
                "fee_percentage": null,
                "is_fee_cap": null,
                "fee_cap_amount": null,
                "billing_notes": null,
                "is_po_direct": null,
                "po_number": null,
                "invoice_delivery_type": null,
                "projected_start_date": "2024-06-11",
                "start_date": null,
                "offhold_date": null,
                "onhold_date": null,
                "end_date": null,
                "probability": "25%",
                "competition": null,
                "billable": false,
                "billing_region": null,
                "milestones": null,
                "estimated_fee_amount": null,
                "term_type": null,
                "intervals": null,
                "intervals_other": null,
                "vendor_portal": null,
                "billing_status": null,
                "estimated_percentage_base": null,
                "actual_percentage_base": null,
                "estimated_indirect_total_fee": null,
                "actual_indirect_total_fee": null,
                "estimated_revenue": null,
                "actual_revenue": null,
                "actual_overridden_revenue": null,
                "total_invoice_amt": 0,
                "total_collected_amt": 0,
                "collected_percentage": 0,
                "is_invoice_approved": null,
                "email_invoice_to": null,
                "invoice_terms": null,
                "approval_requested_date": null,
                "approval_requested_by": null,
                "total_invoice_expense": 30000,
                "bd_reject_reason": null,
                "revenue_changed": false,
                "market": "23545b69-2b77-45e9-8622-0afc09646164",
                "bd_status": "target_identified",
                "bd_project_id": null,
                "record_type": "Project",
                "horizontal_practice": null,
                "vertical_practice": null,
                "project_type": null,
                "result": null,
                "is_nda": false,
                "is_confidential": null,
                "vc_pe": null,
                "encore_number": null,
                "framework_type": "helia",
                "external_id": null,
                "bd_currency": "b3d86c51-46df-4ecf-bf65-9a037edd2a56",
                "candidate_count": "1",
                "pending_review_count": "0",
                "project_tags": [
                    
                ],
                "ign_companies": {
                    "id": "c57f016c-1032-4149-a3f0-a0ca8472597a",
                    "name": "Genpact1",
                    "created_by": "34db6aeb-73c1-4046-a013-d0dfd2d9433c",
                    "updated_by": "34db6aeb-73c1-4046-a013-d0dfd2d9433c",
                    "created_at": "2024-06-24T07:00:20.095Z",
                    "updated_at": "2024-07-02T11:51:55.795Z",
                    "deleted_at": null,
                    "website_url": "www.genpact.com",
                    "linkedin_url": "",
                    "employee_range_from": 10000,
                    "employee_range_to": 50000,
                    "revenue_range_to": 10000,
                    "revenue_range_from": 100,
                    "comments": "<p>Comments</p>",
                    "currency_code": "INR",
                    "currency_unit": "billion",
                    "location_id": "ChIJ82ENKDJgHTERIEjiXbIAAQE",
                    "location_description": "Bangkok, Thailand",
                    "image_id": "929714bd-7df8-44d4-8395-1dcef6381bf6",
                    "company_status": "active",
                    "capital_structure": "private",
                    "investor_information": null,
                    "ticker_symbol": "Tickler One",
                    "industries": [
                        "ai managed - it-software"
                    ],
                    "employee_range": "10000plus",
                    "revenue_range": "Over $5 bil.",
                    "external_id": null
                },
                "ign_industries": {
                    "id": "c389afab-5f39-4007-8c2e-98e72a07732a",
                    "name": "AI Managed - Computer Software",
                    "created_at": "2024-04-24T10:00:14.445Z",
                    "updated_at": "2024-04-24T10:00:14.445Z"
                },
                "service_offering_value": null,
                "bd_status_value": {
                    "field_value": "target_identified",
                    "short_desc": "Target Identified"
                },
                "job_type_value": null,
                "pay_frequency_value": {
                    "field_value": "quarterly",
                    "short_desc": "Quarterly"
                },
                "bd_currency_values": {
                    "id": "b3d86c51-46df-4ecf-bf65-9a037edd2a56",
                    "code": "INR",
                    "name": "Indian Rupee",
                    "conversion_rate": 71.3275,
                    "currency_icon": "₹",
                    "prefix": true,
                    "created_at": "2024-04-10T10:58:36.442Z",
                    "updated_at": "2024-04-10T10:58:36.442Z"
                },
                "creator": {
                    "name": "Namrata Mehta",
                    "id": "34db6aeb-73c1-4046-a013-d0dfd2d9433c",
                    "cognito_id": "nmehta@kingsleygate.com",
                    "first_name": "Namrata",
                    "last_name": "Mehta",
                    "email": "nmehta@kingsleygate.com",
                    "tenant_id": null,
                    "active": null,
                    "type": null,
                    "created_at": "2024-04-16T10:36:11.750Z",
                    "updated_at": "2024-04-16T10:36:11.750Z",
                    "created_by": null,
                    "updated_by": null
                },
                "updater": {
                    "name": "Srinvasa Prabhakara",
                    "id": "8bef8d75-46f0-4ba0-84dc-0170e49f8a0b",
                    "cognito_id": "sprabhakara@kingsleygate.com",
                    "first_name": "Srinvasa",
                    "last_name": "Prabhakara",
                    "email": "sprabhakara@kingsleygate.com",
                    "tenant_id": "qa-nonprod-01",
                    "active": true,
                    "type": "tenant-admin",
                    "created_at": "2024-04-10T10:59:22.688Z",
                    "updated_at": "2024-05-01T12:27:50.029Z",
                    "created_by": null,
                    "updated_by": null
                },
                "partners": [
                    {
                        "id": "a9da60b3-df8e-46aa-bd2e-9635a3a9f06a",
                        "project_id": "abc4b124-df4b-4d05-b3af-08fbbcab3949",
                        "origination_credit": null,
                        "selling_credit": null,
                        "execution_credit": null,
                        "position": null,
                        "is_lead": false,
                        "user_id": "34db6aeb-73c1-4046-a013-d0dfd2d9433c",
                        "created_at": "2024-06-24T07:42:16.697Z",
                        "updated_at": "2024-06-24T07:42:16.764Z",
                        "user": {
                            "name": "Namrata Mehta",
                            "id": "34db6aeb-73c1-4046-a013-d0dfd2d9433c",
                            "cognito_id": "nmehta@kingsleygate.com",
                            "first_name": "Namrata",
                            "last_name": "Mehta",
                            "email": "nmehta@kingsleygate.com",
                            "tenant_id": null,
                            "active": null,
                            "type": null,
                            "created_at": "2024-04-16T10:36:11.750Z",
                            "updated_at": "2024-04-16T10:36:11.750Z",
                            "created_by": null,
                            "updated_by": null
                        }
                    }
                ],
                "researchers": [
                    {
                        "id": "390eb374-e0a6-4356-bffb-1718da6a2c6b",
                        "project_id": "abc4b124-df4b-4d05-b3af-08fbbcab3949",
                        "execution_credit": null,
                        "position": null,
                        "user_id": null,
                        "created_at": "2024-06-24T07:42:16.828Z",
                        "updated_at": "2024-06-24T07:42:16.864Z",
                        "user": null
                    }
                ],
                "recruiters": [
                    {
                        "id": "89b23c1a-6042-4714-b050-77228df9bd28",
                        "project_id": "abc4b124-df4b-4d05-b3af-08fbbcab3949",
                        "execution_credit": null,
                        "position": null,
                        "user_id": null,
                        "created_at": "2024-06-24T07:42:16.770Z",
                        "updated_at": "2024-06-24T07:42:16.823Z",
                        "user": null
                    }
                ],
                "project_admin": [
                    {
                        "id": "8b8c50c6-4b8b-4769-b5ab-8f312e7b084f",
                        "project_id": "abc4b124-df4b-4d05-b3af-08fbbcab3949",
                        "execution_credit": null,
                        "position": null,
                        "user_id": null,
                        "created_at": "2024-06-24T07:42:16.869Z",
                        "updated_at": "2024-06-24T07:42:16.907Z",
                        "user": null
                    }
                ],
                "bd_project": null
            },
            {
                "name": "27 - Maintenance Manager (JSW Steel)",
                "id": "dfd28386-8148-42bd-bf00-226fb5da6740",
                "job_title": "Maintenance Manager",
                "helia_title": "Maintenance Manager",
                "job_number": 27,
                "company_id": "2e5848be-27a9-4117-88fa-ece5e4b0c5c2",
                "service_offering": "ignyte",
                "industry_id": "c389afab-5f39-4007-8c2e-98e72a07732a",
                "industries": [
                    "AI Managed - Computer Software"
                ],
                "job_functions": [
                    
                ],
                "job_type": "full_time",
                "location": "Bangalore, Karnataka, India",
                "by_product_fee": null,
                "location_place_id": "ChIJbU60yXAWrjsR4E9-UejD3_g",
                "country_id": "e085ee1f-1f66-45b6-bec2-b75ffd092c32",
                "state_id": "93ae9317-85f3-490c-a2f1-44e6b4d0790f",
                "min_experience": 10,
                "location_city": "",
                "max_experience": 15,
                "min_compensation": "9",
                "max_compensation": "15",
                "additional_info": "<p>Test77777777777777777777</p>",
                "updated_by": "34db6aeb-73c1-4046-a013-d0dfd2d9433c",
                "created_by": "34db6aeb-73c1-4046-a013-d0dfd2d9433c",
                "created_at": "2024-06-12T05:15:01.882Z",
                "updated_at": "2024-06-12T05:20:58.464Z",
                "deleted_at": null,
                "pay_frequency": "quarterly",
                "target_compensation_bonus": null,
                "target_compensation_equity": null,
                "work_experience_min_years_experience": 9,
                "work_experience_max_years_current_company": 20,
                "experience_mandatory": true,
                "max_experience_mandatory": true,
                "stage": "Open",
                "loe_date": null,
                "billing_address": null,
                "fee_type": null,
                "fee_amount": null,
                "fee_percentage": null,
                "is_fee_cap": null,
                "fee_cap_amount": null,
                "billing_notes": null,
                "is_po_direct": null,
                "po_number": null,
                "invoice_delivery_type": null,
                "projected_start_date": null,
                "start_date": null,
                "offhold_date": null,
                "onhold_date": null,
                "end_date": null,
                "probability": null,
                "competition": null,
                "billable": false,
                "billing_region": null,
                "milestones": null,
                "estimated_fee_amount": null,
                "term_type": null,
                "intervals": null,
                "intervals_other": null,
                "vendor_portal": null,
                "billing_status": null,
                "estimated_percentage_base": null,
                "actual_percentage_base": null,
                "estimated_indirect_total_fee": null,
                "actual_indirect_total_fee": null,
                "estimated_revenue": null,
                "actual_revenue": null,
                "actual_overridden_revenue": null,
                "total_invoice_amt": null,
                "total_collected_amt": null,
                "collected_percentage": null,
                "is_invoice_approved": null,
                "email_invoice_to": null,
                "invoice_terms": null,
                "approval_requested_date": null,
                "approval_requested_by": null,
                "total_invoice_expense": null,
                "bd_reject_reason": null,
                "revenue_changed": null,
                "market": null,
                "bd_status": null,
                "bd_project_id": null,
                "record_type": "Project",
                "horizontal_practice": null,
                "vertical_practice": null,
                "project_type": null,
                "result": null,
                "is_nda": false,
                "is_confidential": null,
                "vc_pe": null,
                "encore_number": null,
                "framework_type": "helia",
                "external_id": null,
                "bd_currency": "b3d86c51-46df-4ecf-bf65-9a037edd2a56",
                "candidate_count": "0",
                "pending_review_count": "0",
                "project_tags": [
                    
                ],
                "ign_companies": {
                    "id": "2e5848be-27a9-4117-88fa-ece5e4b0c5c2",
                    "name": "JSW Steel",
                    "created_by": "34db6aeb-73c1-4046-a013-d0dfd2d9433c",
                    "updated_by": "34db6aeb-73c1-4046-a013-d0dfd2d9433c",
                    "created_at": "2024-06-12T04:10:16.331Z",
                    "updated_at": "2024-06-12T04:10:58.341Z",
                    "deleted_at": null,
                    "website_url": "www.jsw.com",
                    "linkedin_url": null,
                    "employee_range_from": 1000,
                    "employee_range_to": 20000,
                    "revenue_range_to": 4000000,
                    "revenue_range_from": 3000000,
                    "comments": "<p>Comment...!!!!</p>",
                    "currency_code": "INR",
                    "currency_unit": "billion",
                    "location_id": "ChIJbU60yXAWrjsR4E9-UejD3_g",
                    "location_description": "Bangalore, Karnataka, India",
                    "image_id": null,
                    "company_status": "active",
                    "capital_structure": "private",
                    "investor_information": null,
                    "ticker_symbol": "Tickler 1",
                    "industries": [
                        "distribution - equipmentparts"
                    ],
                    "employee_range": "10000plus",
                    "revenue_range": "Over $5 bil.",
                    "external_id": null
                },
                "ign_industries": {
                    "id": "c389afab-5f39-4007-8c2e-98e72a07732a",
                    "name": "AI Managed - Computer Software",
                    "created_at": "2024-04-24T10:00:14.445Z",
                    "updated_at": "2024-04-24T10:00:14.445Z"
                },
                "service_offering_value": {
                    "field_value": "ignyte",
                    "short_desc": "Ignyte"
                },
                "bd_status_value": null,
                "job_type_value": {
                    "field_value": "full_time",
                    "short_desc": "Full Time"
                },
                "pay_frequency_value": {
                    "field_value": "quarterly",
                    "short_desc": "Quarterly"
                },
                "bd_currency_values": {
                    "id": "b3d86c51-46df-4ecf-bf65-9a037edd2a56",
                    "code": "INR",
                    "name": "Indian Rupee",
                    "conversion_rate": 71.3275,
                    "currency_icon": "₹",
                    "prefix": true,
                    "created_at": "2024-04-10T10:58:36.442Z",
                    "updated_at": "2024-04-10T10:58:36.442Z"
                },
                "creator": {
                    "name": "Namrata Mehta",
                    "id": "34db6aeb-73c1-4046-a013-d0dfd2d9433c",
                    "cognito_id": "nmehta@kingsleygate.com",
                    "first_name": "Namrata",
                    "last_name": "Mehta",
                    "email": "nmehta@kingsleygate.com",
                    "tenant_id": null,
                    "active": null,
                    "type": null,
                    "created_at": "2024-04-16T10:36:11.750Z",
                    "updated_at": "2024-04-16T10:36:11.750Z",
                    "created_by": null,
                    "updated_by": null
                },
                "updater": {
                    "name": "Namrata Mehta",
                    "id": "34db6aeb-73c1-4046-a013-d0dfd2d9433c",
                    "cognito_id": "nmehta@kingsleygate.com",
                    "first_name": "Namrata",
                    "last_name": "Mehta",
                    "email": "nmehta@kingsleygate.com",
                    "tenant_id": null,
                    "active": null,
                    "type": null,
                    "created_at": "2024-04-16T10:36:11.750Z",
                    "updated_at": "2024-04-16T10:36:11.750Z",
                    "created_by": null,
                    "updated_by": null
                },
                "partners": [
                    
                ],
                "researchers": [
                    
                ],
                "recruiters": [
                    
                ],
                "project_admin": [
                    
                ],
                "bd_project": null
            },
            {
                "name": "19 - Automation Tester (Hexaware)",
                "id": "362cddb6-99fc-4714-a4df-1808bfc7b715",
                "job_title": "Automation Tester",
                "helia_title": null,
                "job_number": 19,
                "company_id": "7000e62e-5fae-4daa-ac3a-17973b24b498",
                "service_offering": "ignyte",
                "industry_id": "c389afab-5f39-4007-8c2e-98e72a07732a",
                "industries": [
                    "AI Managed - Computer Software"
                ],
                "job_functions": [
                    
                ],
                "job_type": "full_time",
                "location": "Pune, Maharashtra, India",
                "by_product_fee": null,
                "location_place_id": "ChIJARFGZy6_wjsRQ-Oenb9DjYI",
                "country_id": "e085ee1f-1f66-45b6-bec2-b75ffd092c32",
                "state_id": "93ae9317-85f3-490c-a2f1-44e6b4d0790f",
                "min_experience": 1,
                "location_city": "",
                "max_experience": 10,
                "min_compensation": "10",
                "max_compensation": "10000000",
                "additional_info": "<p>This is a new project created on 14-May</p>",
                "updated_by": "34db6aeb-73c1-4046-a013-d0dfd2d9433c",
                "created_by": "34db6aeb-73c1-4046-a013-d0dfd2d9433c",
                "created_at": "2024-05-14T04:10:19.018Z",
                "updated_at": "2024-05-14T04:12:14.969Z",
                "deleted_at": null,
                "pay_frequency": "quarterly",
                "target_compensation_bonus": "1000000",
                "target_compensation_equity": "10",
                "work_experience_min_years_experience": 1,
                "work_experience_max_years_current_company": 10,
                "experience_mandatory": true,
                "max_experience_mandatory": true,
                "stage": "Open",
                "loe_date": null,
                "billing_address": null,
                "fee_type": null,
                "fee_amount": null,
                "fee_percentage": null,
                "is_fee_cap": null,
                "fee_cap_amount": null,
                "billing_notes": null,
                "is_po_direct": null,
                "po_number": null,
                "invoice_delivery_type": null,
                "projected_start_date": null,
                "start_date": null,
                "offhold_date": null,
                "onhold_date": null,
                "end_date": null,
                "probability": null,
                "competition": null,
                "billable": false,
                "billing_region": null,
                "milestones": null,
                "estimated_fee_amount": null,
                "term_type": null,
                "intervals": null,
                "intervals_other": null,
                "vendor_portal": null,
                "billing_status": null,
                "estimated_percentage_base": null,
                "actual_percentage_base": null,
                "estimated_indirect_total_fee": null,
                "actual_indirect_total_fee": null,
                "estimated_revenue": null,
                "actual_revenue": null,
                "actual_overridden_revenue": null,
                "total_invoice_amt": null,
                "total_collected_amt": null,
                "collected_percentage": null,
                "is_invoice_approved": null,
                "email_invoice_to": null,
                "invoice_terms": null,
                "approval_requested_date": null,
                "approval_requested_by": null,
                "total_invoice_expense": null,
                "bd_reject_reason": null,
                "revenue_changed": null,
                "market": null,
                "bd_status": null,
                "bd_project_id": null,
                "record_type": "Project",
                "horizontal_practice": null,
                "vertical_practice": null,
                "project_type": null,
                "result": null,
                "is_nda": false,
                "is_confidential": null,
                "vc_pe": null,
                "encore_number": null,
                "framework_type": "helia",
                "external_id": null,
                "bd_currency": "b3d86c51-46df-4ecf-bf65-9a037edd2a56",
                "candidate_count": "2",
                "pending_review_count": "0",
                "project_tags": [
                    
                ],
                "ign_companies": {
                    "id": "7000e62e-5fae-4daa-ac3a-17973b24b498",
                    "name": "Hexaware",
                    "created_by": "34db6aeb-73c1-4046-a013-d0dfd2d9433c",
                    "updated_by": "34db6aeb-73c1-4046-a013-d0dfd2d9433c",
                    "created_at": "2024-05-14T04:07:21.682Z",
                    "updated_at": "2024-05-14T04:28:18.764Z",
                    "deleted_at": null,
                    "website_url": "www.hexaware.com",
                    "linkedin_url": "https://www.linkedin.com/company/hexaware-technologies/",
                    "employee_range_from": 1,
                    "employee_range_to": 100000,
                    "revenue_range_to": 10000,
                    "revenue_range_from": 10,
                    "comments": "<p>Yeppiiiiiiiiiiiiiiiiiiiiiiiiiiiiiii</p>",
                    "currency_code": "INR",
                    "currency_unit": "billion",
                    "location_id": "ChIJARFGZy6_wjsRQ-Oenb9DjYI",
                    "location_description": "Pune, Maharashtra, India",
                    "image_id": null,
                    "company_status": "active",
                    "capital_structure": "private",
                    "investor_information": null,
                    "ticker_symbol": "Tickler1",
                    "industries": [
                        "ai managed - computer software"
                    ],
                    "employee_range": "10000plus",
                    "revenue_range": "Over $5 bil.",
                    "external_id": null
                },
                "ign_industries": {
                    "id": "c389afab-5f39-4007-8c2e-98e72a07732a",
                    "name": "AI Managed - Computer Software",
                    "created_at": "2024-04-24T10:00:14.445Z",
                    "updated_at": "2024-04-24T10:00:14.445Z"
                },
                "service_offering_value": {
                    "field_value": "ignyte",
                    "short_desc": "Ignyte"
                },
                "bd_status_value": null,
                "job_type_value": {
                    "field_value": "full_time",
                    "short_desc": "Full Time"
                },
                "pay_frequency_value": {
                    "field_value": "quarterly",
                    "short_desc": "Quarterly"
                },
                "bd_currency_values": {
                    "id": "b3d86c51-46df-4ecf-bf65-9a037edd2a56",
                    "code": "INR",
                    "name": "Indian Rupee",
                    "conversion_rate": 71.3275,
                    "currency_icon": "₹",
                    "prefix": true,
                    "created_at": "2024-04-10T10:58:36.442Z",
                    "updated_at": "2024-04-10T10:58:36.442Z"
                },
                "creator": {
                    "name": "Namrata Mehta",
                    "id": "34db6aeb-73c1-4046-a013-d0dfd2d9433c",
                    "cognito_id": "nmehta@kingsleygate.com",
                    "first_name": "Namrata",
                    "last_name": "Mehta",
                    "email": "nmehta@kingsleygate.com",
                    "tenant_id": null,
                    "active": null,
                    "type": null,
                    "created_at": "2024-04-16T10:36:11.750Z",
                    "updated_at": "2024-04-16T10:36:11.750Z",
                    "created_by": null,
                    "updated_by": null
                },
                "updater": {
                    "name": "Namrata Mehta",
                    "id": "34db6aeb-73c1-4046-a013-d0dfd2d9433c",
                    "cognito_id": "nmehta@kingsleygate.com",
                    "first_name": "Namrata",
                    "last_name": "Mehta",
                    "email": "nmehta@kingsleygate.com",
                    "tenant_id": null,
                    "active": null,
                    "type": null,
                    "created_at": "2024-04-16T10:36:11.750Z",
                    "updated_at": "2024-04-16T10:36:11.750Z",
                    "created_by": null,
                    "updated_by": null
                },
                "partners": [
                    
                ],
                "researchers": [
                    
                ],
                "recruiters": [
                    
                ],
                "project_admin": [
                    
                ],
                "bd_project": null
            },
            {
                "name": "16 - Network Engineer (FIS Global)",
                "id": "e103a4a1-da5d-4737-98f5-d7d7d31567ab",
                "job_title": "Network Engineer",
                "helia_title": null,
                "job_number": 16,
                "company_id": "067d13e2-e2c5-4e05-b2ab-2259b1b27ce3",
                "service_offering": "ignyte",
                "industry_id": "e4358660-2fb6-4a10-becf-0d77e0d0195c",
                "industries": [
                    "AI Managed - IT-Software"
                ],
                "job_functions": [
                    
                ],
                "job_type": "full_time",
                "location": "Bengaluru, Karnataka, India",
                "by_product_fee": null,
                "location_place_id": "ChIJbU60yXAWrjsR4E9-UejD3_g",
                "country_id": "e085ee1f-1f66-45b6-bec2-b75ffd092c32",
                "state_id": "93ae9317-85f3-490c-a2f1-44e6b4d0790f",
                "min_experience": 0,
                "location_city": "",
                "max_experience": 10,
                "min_compensation": "10000",
                "max_compensation": "20000",
                "additional_info": "<p>Test</p>",
                "updated_by": "8bef8d75-46f0-4ba0-84dc-0170e49f8a0b",
                "created_by": "34db6aeb-73c1-4046-a013-d0dfd2d9433c",
                "created_at": "2024-05-07T09:31:53.549Z",
                "updated_at": "2024-05-13T03:53:34.918Z",
                "deleted_at": null,
                "pay_frequency": "quarterly",
                "target_compensation_bonus": null,
                "target_compensation_equity": null,
                "work_experience_min_years_experience": 14,
                "work_experience_max_years_current_company": 6,
                "experience_mandatory": true,
                "max_experience_mandatory": true,
                "stage": "Open",
                "loe_date": null,
                "billing_address": null,
                "fee_type": null,
                "fee_amount": null,
                "fee_percentage": null,
                "is_fee_cap": null,
                "fee_cap_amount": null,
                "billing_notes": null,
                "is_po_direct": null,
                "po_number": null,
                "invoice_delivery_type": null,
                "projected_start_date": null,
                "start_date": null,
                "offhold_date": null,
                "onhold_date": null,
                "end_date": null,
                "probability": null,
                "competition": null,
                "billable": false,
                "billing_region": null,
                "milestones": null,
                "estimated_fee_amount": null,
                "term_type": null,
                "intervals": null,
                "intervals_other": null,
                "vendor_portal": null,
                "billing_status": null,
                "estimated_percentage_base": null,
                "actual_percentage_base": null,
                "estimated_indirect_total_fee": null,
                "actual_indirect_total_fee": null,
                "estimated_revenue": null,
                "actual_revenue": null,
                "actual_overridden_revenue": null,
                "total_invoice_amt": null,
                "total_collected_amt": null,
                "collected_percentage": null,
                "is_invoice_approved": null,
                "email_invoice_to": null,
                "invoice_terms": null,
                "approval_requested_date": null,
                "approval_requested_by": null,
                "total_invoice_expense": null,
                "bd_reject_reason": null,
                "revenue_changed": false,
                "market": null,
                "bd_status": "target_identified",
                "bd_project_id": null,
                "record_type": "Project",
                "horizontal_practice": null,
                "vertical_practice": null,
                "project_type": null,
                "result": null,
                "is_nda": false,
                "is_confidential": null,
                "vc_pe": null,
                "encore_number": null,
                "framework_type": "helia",
                "external_id": null,
                "bd_currency": "b3d86c51-46df-4ecf-bf65-9a037edd2a56",
                "candidate_count": "2",
                "pending_review_count": "0",
                "project_tags": [
                    
                ],
                "ign_companies": {
                    "id": "067d13e2-e2c5-4e05-b2ab-2259b1b27ce3",
                    "name": "FIS Global",
                    "created_by": "34db6aeb-73c1-4046-a013-d0dfd2d9433c",
                    "updated_by": "34db6aeb-73c1-4046-a013-d0dfd2d9433c",
                    "created_at": "2024-05-07T08:58:49.765Z",
                    "updated_at": "2024-05-07T09:02:03.870Z",
                    "deleted_at": null,
                    "website_url": "www.fisglobal.com",
                    "linkedin_url": null,
                    "employee_range_from": 50000,
                    "employee_range_to": 55000,
                    "revenue_range_to": 2000000,
                    "revenue_range_from": 1000000,
                    "comments": "<p>Test.........!!!!!!!!!!!!!!!!!!!!!!!!!!!!!!!!!!!11</p>",
                    "currency_code": "INR",
                    "currency_unit": "billion",
                    "location_id": "ChIJeZLjNx6wNi4R6qaQ53a1eaA",
                    "location_description": "Bengkulu, Bengkulu City, Bengkulu, Indonesia",
                    "image_id": null,
                    "company_status": "active",
                    "capital_structure": "private",
                    "investor_information": null,
                    "ticker_symbol": "Ok",
                    "industries": [
                        "ai managed - it-software",
                        "ai managed - software testing",
                        "ai managed - computer software"
                    ],
                    "employee_range": "10000plus",
                    "revenue_range": "Over $5 bil.",
                    "external_id": null
                },
                "ign_industries": {
                    "id": "e4358660-2fb6-4a10-becf-0d77e0d0195c",
                    "name": "AI Managed - IT-Software",
                    "created_at": "2024-04-15T10:43:45.236Z",
                    "updated_at": "2024-04-15T10:43:45.236Z"
                },
                "service_offering_value": {
                    "field_value": "ignyte",
                    "short_desc": "Ignyte"
                },
                "bd_status_value": {
                    "field_value": "target_identified",
                    "short_desc": "Target Identified"
                },
                "job_type_value": {
                    "field_value": "full_time",
                    "short_desc": "Full Time"
                },
                "pay_frequency_value": {
                    "field_value": "quarterly",
                    "short_desc": "Quarterly"
                },
                "bd_currency_values": {
                    "id": "b3d86c51-46df-4ecf-bf65-9a037edd2a56",
                    "code": "INR",
                    "name": "Indian Rupee",
                    "conversion_rate": 71.3275,
                    "currency_icon": "₹",
                    "prefix": true,
                    "created_at": "2024-04-10T10:58:36.442Z",
                    "updated_at": "2024-04-10T10:58:36.442Z"
                },
                "creator": {
                    "name": "Namrata Mehta",
                    "id": "34db6aeb-73c1-4046-a013-d0dfd2d9433c",
                    "cognito_id": "nmehta@kingsleygate.com",
                    "first_name": "Namrata",
                    "last_name": "Mehta",
                    "email": "nmehta@kingsleygate.com",
                    "tenant_id": null,
                    "active": null,
                    "type": null,
                    "created_at": "2024-04-16T10:36:11.750Z",
                    "updated_at": "2024-04-16T10:36:11.750Z",
                    "created_by": null,
                    "updated_by": null
                },
                "updater": {
                    "name": "Srinvasa Prabhakara",
                    "id": "8bef8d75-46f0-4ba0-84dc-0170e49f8a0b",
                    "cognito_id": "sprabhakara@kingsleygate.com",
                    "first_name": "Srinvasa",
                    "last_name": "Prabhakara",
                    "email": "sprabhakara@kingsleygate.com",
                    "tenant_id": "qa-nonprod-01",
                    "active": true,
                    "type": "tenant-admin",
                    "created_at": "2024-04-10T10:59:22.688Z",
                    "updated_at": "2024-05-01T12:27:50.029Z",
                    "created_by": null,
                    "updated_by": null
                },
                "partners": [
                    {
                        "id": "dc6d23b2-e2d4-4a49-9b96-0f86c52d37d2",
                        "project_id": "e103a4a1-da5d-4737-98f5-d7d7d31567ab",
                        "origination_credit": 0,
                        "selling_credit": 10,
                        "execution_credit": 10,
                        "position": null,
                        "is_lead": false,
                        "user_id": "34db6aeb-73c1-4046-a013-d0dfd2d9433c",
                        "created_at": "2024-05-07T10:08:54.730Z",
                        "updated_at": "2024-05-07T10:08:54.761Z",
                        "user": {
                            "name": "Namrata Mehta",
                            "id": "34db6aeb-73c1-4046-a013-d0dfd2d9433c",
                            "cognito_id": "nmehta@kingsleygate.com",
                            "first_name": "Namrata",
                            "last_name": "Mehta",
                            "email": "nmehta@kingsleygate.com",
                            "tenant_id": null,
                            "active": null,
                            "type": null,
                            "created_at": "2024-04-16T10:36:11.750Z",
                            "updated_at": "2024-04-16T10:36:11.750Z",
                            "created_by": null,
                            "updated_by": null
                        }
                    }
                ],
                "researchers": [
                    {
                        "id": "c3c3e666-931b-47b9-bc02-0d0e1deddb77",
                        "project_id": "e103a4a1-da5d-4737-98f5-d7d7d31567ab",
                        "execution_credit": null,
                        "position": null,
                        "user_id": null,
                        "created_at": "2024-05-07T10:08:54.790Z",
                        "updated_at": "2024-05-07T10:08:54.809Z",
                        "user": null
                    }
                ],
                "recruiters": [
                    {
                        "id": "33061ec6-fd16-4f4e-9509-1591dda57c02",
                        "project_id": "e103a4a1-da5d-4737-98f5-d7d7d31567ab",
                        "execution_credit": null,
                        "position": null,
                        "user_id": null,
                        "created_at": "2024-05-07T10:08:54.765Z",
                        "updated_at": "2024-05-07T10:08:54.786Z",
                        "user": null
                    }
                ],
                "project_admin": [
                    {
                        "id": "9d4723e9-c2c8-4d27-a512-54f26560eaac",
                        "project_id": "e103a4a1-da5d-4737-98f5-d7d7d31567ab",
                        "execution_credit": null,
                        "position": null,
                        "user_id": null,
                        "created_at": "2024-05-07T10:08:54.813Z",
                        "updated_at": "2024-05-07T10:08:54.830Z",
                        "user": null
                    }
                ],
                "bd_project": null
            },
            {
                "name": "17 - Software Engineer (FIS Global)",
                "id": "b0519ab6-bb08-4aed-ac8a-c0f6ea18dd7c",
                "job_title": "Software Engineer",
                "helia_title": null,
                "job_number": 17,
                "company_id": "067d13e2-e2c5-4e05-b2ab-2259b1b27ce3",
                "service_offering": "ignyte",
                "industry_id": "e4358660-2fb6-4a10-becf-0d77e0d0195c",
                "industries": [
                    "AI Managed - IT-Software"
                ],
                "job_functions": [
                    
                ],
                "job_type": "full_time",
                "location": "Pune, Maharashtra, India",
                "by_product_fee": null,
                "location_place_id": "ChIJARFGZy6_wjsRQ-Oenb9DjYI",
                "country_id": "e085ee1f-1f66-45b6-bec2-b75ffd092c32",
                "state_id": "93ae9317-85f3-490c-a2f1-44e6b4d0790f",
                "min_experience": 1,
                "location_city": "",
                "max_experience": 10,
                "min_compensation": "1000000",
                "max_compensation": "100000000",
                "additional_info": "<p>Test............!!!!!!!!!!!!!!!!!!!!!!!!!!!!!!!!!!!!!!!!!!!!!!!!!!!!!!!!1</p>",
                "updated_by": "34db6aeb-73c1-4046-a013-d0dfd2d9433c",
                "created_by": "34db6aeb-73c1-4046-a013-d0dfd2d9433c",
                "created_at": "2024-05-09T07:04:22.932Z",
                "updated_at": "2024-05-09T07:10:09.705Z",
                "deleted_at": null,
                "pay_frequency": "quarterly",
                "target_compensation_bonus": "100000",
                "target_compensation_equity": "1000",
                "work_experience_min_years_experience": 1,
                "work_experience_max_years_current_company": 15,
                "experience_mandatory": true,
                "max_experience_mandatory": true,
                "stage": "Open",
                "loe_date": null,
                "billing_address": null,
                "fee_type": null,
                "fee_amount": null,
                "fee_percentage": null,
                "is_fee_cap": null,
                "fee_cap_amount": null,
                "billing_notes": null,
                "is_po_direct": null,
                "po_number": null,
                "invoice_delivery_type": null,
                "projected_start_date": null,
                "start_date": null,
                "offhold_date": null,
                "onhold_date": null,
                "end_date": null,
                "probability": null,
                "competition": null,
                "billable": false,
                "billing_region": null,
                "milestones": null,
                "estimated_fee_amount": null,
                "term_type": null,
                "intervals": null,
                "intervals_other": null,
                "vendor_portal": null,
                "billing_status": null,
                "estimated_percentage_base": null,
                "actual_percentage_base": null,
                "estimated_indirect_total_fee": null,
                "actual_indirect_total_fee": null,
                "estimated_revenue": null,
                "actual_revenue": null,
                "actual_overridden_revenue": null,
                "total_invoice_amt": null,
                "total_collected_amt": null,
                "collected_percentage": null,
                "is_invoice_approved": null,
                "email_invoice_to": null,
                "invoice_terms": null,
                "approval_requested_date": null,
                "approval_requested_by": null,
                "total_invoice_expense": null,
                "bd_reject_reason": null,
                "revenue_changed": null,
                "market": null,
                "bd_status": null,
                "bd_project_id": null,
                "record_type": "Project",
                "horizontal_practice": null,
                "vertical_practice": null,
                "project_type": null,
                "result": null,
                "is_nda": false,
                "is_confidential": null,
                "vc_pe": null,
                "encore_number": null,
                "framework_type": "helia",
                "external_id": null,
                "bd_currency": "b3d86c51-46df-4ecf-bf65-9a037edd2a56",
                "candidate_count": "0",
                "pending_review_count": "0",
                "project_tags": [
                    
                ],
                "ign_companies": {
                    "id": "067d13e2-e2c5-4e05-b2ab-2259b1b27ce3",
                    "name": "FIS Global",
                    "created_by": "34db6aeb-73c1-4046-a013-d0dfd2d9433c",
                    "updated_by": "34db6aeb-73c1-4046-a013-d0dfd2d9433c",
                    "created_at": "2024-05-07T08:58:49.765Z",
                    "updated_at": "2024-05-07T09:02:03.870Z",
                    "deleted_at": null,
                    "website_url": "www.fisglobal.com",
                    "linkedin_url": null,
                    "employee_range_from": 50000,
                    "employee_range_to": 55000,
                    "revenue_range_to": 2000000,
                    "revenue_range_from": 1000000,
                    "comments": "<p>Test.........!!!!!!!!!!!!!!!!!!!!!!!!!!!!!!!!!!!11</p>",
                    "currency_code": "INR",
                    "currency_unit": "billion",
                    "location_id": "ChIJeZLjNx6wNi4R6qaQ53a1eaA",
                    "location_description": "Bengkulu, Bengkulu City, Bengkulu, Indonesia",
                    "image_id": null,
                    "company_status": "active",
                    "capital_structure": "private",
                    "investor_information": null,
                    "ticker_symbol": "Ok",
                    "industries": [
                        "ai managed - it-software",
                        "ai managed - software testing",
                        "ai managed - computer software"
                    ],
                    "employee_range": "10000plus",
                    "revenue_range": "Over $5 bil.",
                    "external_id": null
                },
                "ign_industries": {
                    "id": "e4358660-2fb6-4a10-becf-0d77e0d0195c",
                    "name": "AI Managed - IT-Software",
                    "created_at": "2024-04-15T10:43:45.236Z",
                    "updated_at": "2024-04-15T10:43:45.236Z"
                },
                "service_offering_value": {
                    "field_value": "ignyte",
                    "short_desc": "Ignyte"
                },
                "bd_status_value": null,
                "job_type_value": {
                    "field_value": "full_time",
                    "short_desc": "Full Time"
                },
                "pay_frequency_value": {
                    "field_value": "quarterly",
                    "short_desc": "Quarterly"
                },
                "bd_currency_values": {
                    "id": "b3d86c51-46df-4ecf-bf65-9a037edd2a56",
                    "code": "INR",
                    "name": "Indian Rupee",
                    "conversion_rate": 71.3275,
                    "currency_icon": "₹",
                    "prefix": true,
                    "created_at": "2024-04-10T10:58:36.442Z",
                    "updated_at": "2024-04-10T10:58:36.442Z"
                },
                "creator": {
                    "name": "Namrata Mehta",
                    "id": "34db6aeb-73c1-4046-a013-d0dfd2d9433c",
                    "cognito_id": "nmehta@kingsleygate.com",
                    "first_name": "Namrata",
                    "last_name": "Mehta",
                    "email": "nmehta@kingsleygate.com",
                    "tenant_id": null,
                    "active": null,
                    "type": null,
                    "created_at": "2024-04-16T10:36:11.750Z",
                    "updated_at": "2024-04-16T10:36:11.750Z",
                    "created_by": null,
                    "updated_by": null
                },
                "updater": {
                    "name": "Namrata Mehta",
                    "id": "34db6aeb-73c1-4046-a013-d0dfd2d9433c",
                    "cognito_id": "nmehta@kingsleygate.com",
                    "first_name": "Namrata",
                    "last_name": "Mehta",
                    "email": "nmehta@kingsleygate.com",
                    "tenant_id": null,
                    "active": null,
                    "type": null,
                    "created_at": "2024-04-16T10:36:11.750Z",
                    "updated_at": "2024-04-16T10:36:11.750Z",
                    "created_by": null,
                    "updated_by": null
                },
                "partners": [
                    
                ],
                "researchers": [
                    
                ],
                "recruiters": [
                    
                ],
                "project_admin": [
                    
                ],
                "bd_project": null
            },
            {
                "name": "15 - Project Manager (Synechron)",
                "id": "7629382b-c929-4d96-a8a7-e1fa8f6c33d8",
                "job_title": "Project Manager",
                "helia_title": null,
                "job_number": 15,
                "company_id": "e12ec1cf-559a-45d6-ab19-be2c524837fe",
                "service_offering": "ignyte",
                "industry_id": "e4358660-2fb6-4a10-becf-0d77e0d0195c",
                "industries": [
                    "AI Managed - IT-Software"
                ],
                "job_functions": [
                    
                ],
                "job_type": "full_time",
                "location": "Bangor, MI, USA",
                "by_product_fee": null,
                "location_place_id": "ChIJPRUWToZOF4gRIS6uZM13UuA",
                "country_id": "e085ee1f-1f66-45b6-bec2-b75ffd092c32",
                "state_id": "93ae9317-85f3-490c-a2f1-44e6b4d0790f",
                "min_experience": 9,
                "location_city": "",
                "max_experience": 16,
                "min_compensation": null,
                "max_compensation": null,
                "additional_info": "",
                "updated_by": "34db6aeb-73c1-4046-a013-d0dfd2d9433c",
                "created_by": "34db6aeb-73c1-4046-a013-d0dfd2d9433c",
                "created_at": "2024-04-26T10:54:42.005Z",
                "updated_at": "2024-04-26T10:56:22.623Z",
                "deleted_at": null,
                "pay_frequency": "quarterly",
                "target_compensation_bonus": null,
                "target_compensation_equity": null,
                "work_experience_min_years_experience": null,
                "work_experience_max_years_current_company": null,
                "experience_mandatory": true,
                "max_experience_mandatory": true,
                "stage": "Open",
                "loe_date": null,
                "billing_address": null,
                "fee_type": null,
                "fee_amount": null,
                "fee_percentage": null,
                "is_fee_cap": null,
                "fee_cap_amount": null,
                "billing_notes": null,
                "is_po_direct": null,
                "po_number": null,
                "invoice_delivery_type": null,
                "projected_start_date": "2024-04-03",
                "start_date": null,
                "offhold_date": null,
                "onhold_date": null,
                "end_date": null,
                "probability": "25%",
                "competition": null,
                "billable": false,
                "billing_region": null,
                "milestones": null,
                "estimated_fee_amount": null,
                "term_type": null,
                "intervals": null,
                "intervals_other": null,
                "vendor_portal": null,
                "billing_status": null,
                "estimated_percentage_base": null,
                "actual_percentage_base": null,
                "estimated_indirect_total_fee": null,
                "actual_indirect_total_fee": null,
                "estimated_revenue": null,
                "actual_revenue": null,
                "actual_overridden_revenue": null,
                "total_invoice_amt": null,
                "total_collected_amt": null,
                "collected_percentage": null,
                "is_invoice_approved": null,
                "email_invoice_to": null,
                "invoice_terms": null,
                "approval_requested_date": null,
                "approval_requested_by": null,
                "total_invoice_expense": null,
                "bd_reject_reason": null,
                "revenue_changed": false,
                "market": "3aaaed9a-074a-46ca-8f91-36d7506d4c64",
                "bd_status": "target_identified",
                "bd_project_id": null,
                "record_type": "Project",
                "horizontal_practice": null,
                "vertical_practice": null,
                "project_type": "retained",
                "result": null,
                "is_nda": false,
                "is_confidential": null,
                "vc_pe": null,
                "encore_number": null,
                "framework_type": "helia",
                "external_id": null,
                "bd_currency": "4e4b0281-8de8-4c82-b628-02f876364e1e",
                "candidate_count": "1",
                "pending_review_count": "0",
                "project_tags": [
                    
                ],
                "ign_companies": {
                    "id": "e12ec1cf-559a-45d6-ab19-be2c524837fe",
                    "name": "Synechron",
                    "created_by": "34db6aeb-73c1-4046-a013-d0dfd2d9433c",
                    "updated_by": null,
                    "created_at": "2024-04-26T10:50:16.597Z",
                    "updated_at": "2024-04-26T10:50:16.597Z",
                    "deleted_at": null,
                    "website_url": "www.synechro.com",
                    "linkedin_url": "https://www.linkedin.com/company/synechron/",
                    "employee_range_from": null,
                    "employee_range_to": null,
                    "revenue_range_to": null,
                    "revenue_range_from": null,
                    "comments": null,
                    "currency_code": null,
                    "currency_unit": null,
                    "location_id": null,
                    "location_description": null,
                    "image_id": null,
                    "company_status": "active",
                    "capital_structure": null,
                    "investor_information": null,
                    "ticker_symbol": null,
                    "industries": [
                        "Security"
                    ],
                    "employee_range": null,
                    "revenue_range": null,
                    "external_id": null
                },
                "ign_industries": {
                    "id": "e4358660-2fb6-4a10-becf-0d77e0d0195c",
                    "name": "AI Managed - IT-Software",
                    "created_at": "2024-04-15T10:43:45.236Z",
                    "updated_at": "2024-04-15T10:43:45.236Z"
                },
                "service_offering_value": {
                    "field_value": "ignyte",
                    "short_desc": "Ignyte"
                },
                "bd_status_value": {
                    "field_value": "target_identified",
                    "short_desc": "Target Identified"
                },
                "job_type_value": {
                    "field_value": "full_time",
                    "short_desc": "Full Time"
                },
                "pay_frequency_value": {
                    "field_value": "quarterly",
                    "short_desc": "Quarterly"
                },
                "bd_currency_values": {
                    "id": "4e4b0281-8de8-4c82-b628-02f876364e1e",
                    "code": "CLP",
                    "name": "Chilean Peso",
                    "conversion_rate": 783.05,
                    "currency_icon": "$",
                    "prefix": true,
                    "created_at": "2024-04-10T10:58:36.442Z",
                    "updated_at": "2024-04-10T10:58:36.442Z"
                },
                "creator": {
                    "name": "Namrata Mehta",
                    "id": "34db6aeb-73c1-4046-a013-d0dfd2d9433c",
                    "cognito_id": "nmehta@kingsleygate.com",
                    "first_name": "Namrata",
                    "last_name": "Mehta",
                    "email": "nmehta@kingsleygate.com",
                    "tenant_id": null,
                    "active": null,
                    "type": null,
                    "created_at": "2024-04-16T10:36:11.750Z",
                    "updated_at": "2024-04-16T10:36:11.750Z",
                    "created_by": null,
                    "updated_by": null
                },
                "updater": {
                    "name": "Namrata Mehta",
                    "id": "34db6aeb-73c1-4046-a013-d0dfd2d9433c",
                    "cognito_id": "nmehta@kingsleygate.com",
                    "first_name": "Namrata",
                    "last_name": "Mehta",
                    "email": "nmehta@kingsleygate.com",
                    "tenant_id": null,
                    "active": null,
                    "type": null,
                    "created_at": "2024-04-16T10:36:11.750Z",
                    "updated_at": "2024-04-16T10:36:11.750Z",
                    "created_by": null,
                    "updated_by": null
                },
                "partners": [
                    {
                        "id": "551b7cf9-0f2f-4dd5-992b-5d3a9856be52",
                        "project_id": "7629382b-c929-4d96-a8a7-e1fa8f6c33d8",
                        "origination_credit": null,
                        "selling_credit": null,
                        "execution_credit": null,
                        "position": null,
                        "is_lead": false,
                        "user_id": "28bd9772-63eb-4def-8cc5-f99458ed4f9d",
                        "created_at": "2024-04-26T10:57:19.076Z",
                        "updated_at": "2024-04-26T10:57:19.102Z",
                        "user": {
                            "name": "Ankita Sethi",
                            "id": "28bd9772-63eb-4def-8cc5-f99458ed4f9d",
                            "cognito_id": "ankita.sethi@kingsleygate.com",
                            "first_name": "Ankita",
                            "last_name": "Sethi",
                            "email": "ankita.sethi@kingsleygate.com",
                            "tenant_id": null,
                            "active": null,
                            "type": null,
                            "created_at": "2024-04-16T10:04:17.027Z",
                            "updated_at": "2024-12-05T06:17:20.361Z",
                            "created_by": null,
                            "updated_by": null
                        }
                    }
                ],
                "researchers": [
                    {
                        "id": "47525816-e5af-4865-8c97-9bb7136a8fe9",
                        "project_id": "7629382b-c929-4d96-a8a7-e1fa8f6c33d8",
                        "execution_credit": null,
                        "position": null,
                        "user_id": null,
                        "created_at": "2024-04-26T10:57:19.138Z",
                        "updated_at": "2024-04-26T10:57:19.157Z",
                        "user": null
                    }
                ],
                "recruiters": [
                    {
                        "id": "636304f1-52fd-455d-9054-d12da592fe98",
                        "project_id": "7629382b-c929-4d96-a8a7-e1fa8f6c33d8",
                        "execution_credit": null,
                        "position": null,
                        "user_id": null,
                        "created_at": "2024-04-26T10:57:19.111Z",
                        "updated_at": "2024-04-26T10:57:19.131Z",
                        "user": null
                    }
                ],
                "project_admin": [
                    {
                        "id": "81bcdbf3-96bd-4bb2-ade7-e89aa70a6c39",
                        "project_id": "7629382b-c929-4d96-a8a7-e1fa8f6c33d8",
                        "execution_credit": null,
                        "position": null,
                        "user_id": null,
                        "created_at": "2024-04-26T10:57:19.164Z",
                        "updated_at": "2024-04-26T10:57:19.185Z",
                        "user": null
                    }
                ],
                "bd_project": null
            },
            {
                "name": "4 - Sr QA Engineer (Kroll)",
                "id": "724af946-b9d7-4665-b5f8-eebab562940e",
                "job_title": "Sr QA Engineer",
                "helia_title": null,
                "job_number": 4,
                "company_id": "680e298c-7844-461c-b222-dbb18f3b92db",
                "service_offering": "ignyte",
                "industry_id": "e4358660-2fb6-4a10-becf-0d77e0d0195c",
                "industries": [
                    "AI Managed - IT-Software"
                ],
                "job_functions": [
                    
                ],
                "job_type": "full_time",
                "location": "Bengaluru, Karnataka, India",
                "by_product_fee": null,
                "location_place_id": "ChIJbU60yXAWrjsR4E9-UejD3_g",
                "country_id": "e085ee1f-1f66-45b6-bec2-b75ffd092c32",
                "state_id": "93ae9317-85f3-490c-a2f1-44e6b4d0790f",
                "min_experience": 5,
                "location_city": "",
                "max_experience": 10,
                "min_compensation": "1000",
                "max_compensation": "2000",
                "additional_info": "",
                "updated_by": null,
                "created_by": "34db6aeb-73c1-4046-a013-d0dfd2d9433c",
                "created_at": "2024-04-23T14:06:14.750Z",
                "updated_at": "2024-04-23T14:06:14.750Z",
                "deleted_at": null,
                "pay_frequency": "quarterly",
                "target_compensation_bonus": null,
                "target_compensation_equity": null,
                "work_experience_min_years_experience": null,
                "work_experience_max_years_current_company": null,
                "experience_mandatory": true,
                "max_experience_mandatory": true,
                "stage": "Open",
                "loe_date": null,
                "billing_address": null,
                "fee_type": null,
                "fee_amount": null,
                "fee_percentage": null,
                "is_fee_cap": null,
                "fee_cap_amount": null,
                "billing_notes": null,
                "is_po_direct": null,
                "po_number": null,
                "invoice_delivery_type": null,
                "projected_start_date": null,
                "start_date": null,
                "offhold_date": null,
                "onhold_date": null,
                "end_date": null,
                "probability": null,
                "competition": null,
                "billable": false,
                "billing_region": null,
                "milestones": null,
                "estimated_fee_amount": null,
                "term_type": null,
                "intervals": null,
                "intervals_other": null,
                "vendor_portal": null,
                "billing_status": null,
                "estimated_percentage_base": null,
                "actual_percentage_base": null,
                "estimated_indirect_total_fee": null,
                "actual_indirect_total_fee": null,
                "estimated_revenue": null,
                "actual_revenue": null,
                "actual_overridden_revenue": null,
                "total_invoice_amt": null,
                "total_collected_amt": null,
                "collected_percentage": null,
                "is_invoice_approved": null,
                "email_invoice_to": null,
                "invoice_terms": null,
                "approval_requested_date": null,
                "approval_requested_by": null,
                "total_invoice_expense": null,
                "bd_reject_reason": null,
                "revenue_changed": null,
                "market": null,
                "bd_status": null,
                "bd_project_id": null,
                "record_type": "Project",
                "horizontal_practice": null,
                "vertical_practice": null,
                "project_type": null,
                "result": null,
                "is_nda": false,
                "is_confidential": null,
                "vc_pe": null,
                "encore_number": null,
                "framework_type": "helia",
                "external_id": null,
                "bd_currency": "3ff776c4-b80a-44fd-bd41-50de2eaa69e6",
                "candidate_count": "0",
                "pending_review_count": "0",
                "project_tags": [
                    
                ],
                "ign_companies": {
                    "id": "680e298c-7844-461c-b222-dbb18f3b92db",
                    "name": "Kroll",
                    "created_by": null,
                    "updated_by": null,
                    "created_at": "2024-04-16T12:06:48.663Z",
                    "updated_at": "2024-04-16T12:06:48.663Z",
                    "deleted_at": null,
                    "website_url": null,
                    "linkedin_url": null,
                    "employee_range_from": null,
                    "employee_range_to": null,
                    "revenue_range_to": null,
                    "revenue_range_from": null,
                    "comments": null,
                    "currency_code": null,
                    "currency_unit": null,
                    "location_id": null,
                    "location_description": null,
                    "image_id": null,
                    "company_status": null,
                    "capital_structure": null,
                    "investor_information": null,
                    "ticker_symbol": null,
                    "industries": null,
                    "employee_range": null,
                    "revenue_range": null,
                    "external_id": null
                },
                "ign_industries": {
                    "id": "e4358660-2fb6-4a10-becf-0d77e0d0195c",
                    "name": "AI Managed - IT-Software",
                    "created_at": "2024-04-15T10:43:45.236Z",
                    "updated_at": "2024-04-15T10:43:45.236Z"
                },
                "service_offering_value": {
                    "field_value": "ignyte",
                    "short_desc": "Ignyte"
                },
                "bd_status_value": null,
                "job_type_value": {
                    "field_value": "full_time",
                    "short_desc": "Full Time"
                },
                "pay_frequency_value": {
                    "field_value": "quarterly",
                    "short_desc": "Quarterly"
                },
                "bd_currency_values": {
                    "id": "3ff776c4-b80a-44fd-bd41-50de2eaa69e6",
                    "code": "AED",
                    "name": "United Arab Emirates Dirham",
                    "conversion_rate": 3.67,
                    "currency_icon": "د.إ",
                    "prefix": true,
                    "created_at": "2024-04-10T10:58:36.442Z",
                    "updated_at": "2024-04-10T10:58:36.442Z"
                },
                "creator": {
                    "name": "Namrata Mehta",
                    "id": "34db6aeb-73c1-4046-a013-d0dfd2d9433c",
                    "cognito_id": "nmehta@kingsleygate.com",
                    "first_name": "Namrata",
                    "last_name": "Mehta",
                    "email": "nmehta@kingsleygate.com",
                    "tenant_id": null,
                    "active": null,
                    "type": null,
                    "created_at": "2024-04-16T10:36:11.750Z",
                    "updated_at": "2024-04-16T10:36:11.750Z",
                    "created_by": null,
                    "updated_by": null
                },
                "updater": null,
                "partners": [
                    
                ],
                "researchers": [
                    
                ],
                "recruiters": [
                    
                ],
                "project_admin": [
                    
                ],
                "bd_project": null
            }
        ],
        "paging": {
            "totalCount": 16,
            "page": 1,
            "limit": 50
        },
        "counts": [
            {
                "stage": "Open",
                "count": "16"
            },
            {
                "stage": "On Hold",
                "count": 0
            },
            {
                "stage": "Closed",
                "count": "1"
            },
            {
                "stage": "None",
                "count": 0
            },
            {
                "stage": "Draft",
                "count": "35"
            }
        ]
    },
    "counts": [
        {
            "stage": "Open",
            "count": "16"
        },
        {
            "stage": "On Hold",
            "count": 0
        },
        {
            "stage": "Closed",
            "count": "1"
        },
        {
            "stage": "None",
            "count": 0
        },
        {
            "stage": "Draft",
            "count": "35"
        }
    ]
}
Response body is : {"data":{"data":[{"name":"301 - Director (MG)","id":"d0f8db7e-85ed-48e8-a826-bb3162b57c23","job_title":"Director","helia_title":"Director","job_number":301,"company_id":"5adb320e-0c07-4a56-a739-3e3313c12a78","service_offering":"ignyte","industry_id":null,"industries":["Manufacturing"],"job_functions":["Administrative"],"job_type":"full_time","location":"Bengaluru, Karnataka, India","by_product_fee":89,"location_place_id":"ChIJbU60yXAWrjsR4E9-UejD3_g","country_id":"0e68471f-17b4-43d9-9cee-77bf6690d115","state_id":"d47b0d2f-76d7-4dc1-a51b-138149f164f6","min_experience":10,"location_city":"Bengaluru","max_experience":25,"min_compensation":"600000","max_compensation":"800000","additional_info":"","updated_by":"34db6aeb-73c1-4046-a013-d0dfd2d9433c","created_by":"34db6aeb-73c1-4046-a013-d0dfd2d9433c","created_at":"2025-02-20T06:54:47.183Z","updated_at":"2025-02-24T08:10:05.986Z","deleted_at":null,"pay_frequency":"quarterly","target_compensation_bonus":null,"target_compensation_equity":null,"work_experience_min_years_experience":null,"work_experience_max_years_current_company":null,"experience_mandatory":true,"max_experience_mandatory":true,"stage":"Open","loe_date":"2025-02-01","billing_address":"Address","fee_type":null,"fee_amount":null,"fee_percentage":33.33,"is_fee_cap":true,"fee_cap_amount":"899","billing_notes":"Notessss","is_po_direct":true,"po_number":"PO","invoice_delivery_type":null,"projected_start_date":"2025-02-01","start_date":"2025-02-01","offhold_date":"2025-02-07","onhold_date":"2025-02-06","end_date":"2025-02-28","probability":"50%","competition":"88888","billable":true,"billing_region":"Asia","milestones":null,"estimated_fee_amount":null,"term_type":"milestone","intervals":"START","intervals_other":"","vendor_portal":"teredata","billing_status":null,"estimated_percentage_base":111111,"actual_percentage_base":0,"estimated_indirect_total_fee":10000,"actual_indirect_total_fee":0,"estimated_revenue":121111,"actual_revenue":0,"actual_overridden_revenue":null,"total_invoice_amt":8999,"total_collected_amt":900,"collected_percentage":0,"is_invoice_approved":null,"email_invoice_to":"e.a@gmail.com","invoice_terms":"net_60","approval_requested_date":null,"approval_requested_by":null,"total_invoice_expense":0,"bd_reject_reason":null,"revenue_changed":false,"market":"23545b69-2b77-45e9-8622-0afc09646164","bd_status":"target_identified","bd_project_id":null,"record_type":"Project","horizontal_practice":"legal","vertical_practice":"services","project_type":"retained","result":"active","is_nda":false,"is_confidential":null,"vc_pe":["Things Ally private limited"],"encore_number":null,"framework_type":"helia","external_id":"99999","bd_currency":"b3d86c51-46df-4ecf-bf65-9a037edd2a56","candidate_count":"7","pending_review_count":"0","project_tags":[],"ign_companies":{"id":"5adb320e-0c07-4a56-a739-3e3313c12a78","name":"MG","created_by":"34db6aeb-73c1-4046-a013-d0dfd2d9433c","updated_by":"34db6aeb-73c1-4046-a013-d0dfd2d9433c","created_at":"2025-02-20T05:47:22.332Z","updated_at":"2025-02-20T05:49:36.682Z","deleted_at":null,"website_url":"https://www.mgmotor.co.in/","linkedin_url":"https://www.linkedin.com/company/mg-motors/","employee_range_from":10000,"employee_range_to":2000000,"revenue_range_to":2000000,"revenue_range_from":10000,"comments":"<p>New comment added</p>","currency_code":"USD","currency_unit":"billion","location_id":"ChIJbU60yXAWrjsR4E9-UejD3_g","location_description":"Bengaluru, Karnataka, India","image_id":null,"company_status":"active","capital_structure":"private","investor_information":null,"ticker_symbol":"Tickler 1","industries":["manufacturing"],"employee_range":"10001+","revenue_range":"$10B+","external_id":"56734"},"ign_industries":null,"service_offering_value":{"field_value":"ignyte","short_desc":"Ignyte"},"bd_status_value":{"field_value":"target_identified","short_desc":"Target Identified"},"job_type_value":{"field_value":"full_time","short_desc":"Full Time"},"pay_frequency_value":{"field_value":"quarterly","short_desc":"Quarterly"},"bd_currency_values":{"id":"b3d86c51-46df-4ecf-bf65-9a037edd2a56","code":"INR","name":"Indian Rupee","conversion_rate":71.3275,"currency_icon":"₹","prefix":true,"created_at":"2024-04-10T10:58:36.442Z","updated_at":"2024-04-10T10:58:36.442Z"},"creator":{"name":"Namrata Mehta","id":"34db6aeb-73c1-4046-a013-d0dfd2d9433c","cognito_id":"nmehta@kingsleygate.com","first_name":"Namrata","last_name":"Mehta","email":"nmehta@kingsleygate.com","tenant_id":null,"active":null,"type":null,"created_at":"2024-04-16T10:36:11.750Z","updated_at":"2024-04-16T10:36:11.750Z","created_by":null,"updated_by":null},"updater":{"name":"Namrata Mehta","id":"34db6aeb-73c1-4046-a013-d0dfd2d9433c","cognito_id":"nmehta@kingsleygate.com","first_name":"Namrata","last_name":"Mehta","email":"nmehta@kingsleygate.com","tenant_id":null,"active":null,"type":null,"created_at":"2024-04-16T10:36:11.750Z","updated_at":"2024-04-16T10:36:11.750Z","created_by":null,"updated_by":null},"partners":[{"id":"39b7ed5f-7b32-489d-bb4e-2a6ed6e1e167","project_id":"d0f8db7e-85ed-48e8-a826-bb3162b57c23","origination_credit":10,"selling_credit":20,"execution_credit":30,"position":null,"is_lead":true,"user_id":"7f5c44cc-1a73-4a37-8276-4f5c2fe097c0","created_at":"2025-02-20T08:44:17.734Z","updated_at":"2025-02-20T08:44:17.789Z","user":{"name":"Marshal Arora","id":"7f5c44cc-1a73-4a37-8276-4f5c2fe097c0","cognito_id":"marora@kingsleygate.com","first_name":"Marshal","last_name":"Arora","email":"marora@kingsleygate.com","tenant_id":null,"active":null,"type":null,"created_at":"2024-04-16T10:16:27.590Z","updated_at":"2024-04-16T10:16:27.590Z","created_by":null,"updated_by":null}}],"researchers":[{"id":"8e4bddd0-b8b7-40b4-896a-44cec3c334ab","project_id":"d0f8db7e-85ed-48e8-a826-bb3162b57c23","execution_credit":50,"position":null,"user_id":"1e0a275d-1f76-4213-bdf4-6cbef812a908","created_at":"2025-02-20T07:22:27.118Z","updated_at":"2025-02-20T07:22:27.162Z","user":{"name":"JSW Manager","id":"1e0a275d-1f76-4213-bdf4-6cbef812a908","cognito_id":"j.m@gmail.com","first_name":"JSW","last_name":"Manager","email":"j.m@gmail.com","tenant_id":null,"active":null,"type":null,"created_at":"2024-07-05T10:39:40.700Z","updated_at":"2024-07-05T10:39:40.700Z","created_by":null,"updated_by":null}}],"recruiters":[{"id":"4ce54875-5192-4243-bf62-730ab93beba7","project_id":"d0f8db7e-85ed-48e8-a826-bb3162b57c23","execution_credit":40,"position":null,"user_id":"77d8cad6-99df-46a5-a6ca-08ef9559b028","created_at":"2025-02-20T07:22:27.060Z","updated_at":"2025-02-20T07:22:27.114Z","user":{"name":"Shreya Ghosal","id":"77d8cad6-99df-46a5-a6ca-08ef9559b028","cognito_id":"namratamehta1990@gmail.com","first_name":"Shreya","last_name":"Ghosal","email":"namratamehta1990@gmail.com","tenant_id":null,"active":null,"type":null,"created_at":"2024-07-24T12:35:33.428Z","updated_at":"2024-07-24T12:35:33.428Z","created_by":null,"updated_by":null}}],"project_admin":[{"id":"6b1cee93-0349-4488-b5dd-42ee602da817","project_id":"d0f8db7e-85ed-48e8-a826-bb3162b57c23","execution_credit":60,"position":null,"user_id":"77d8cad6-99df-46a5-a6ca-08ef9559b028","created_at":"2025-02-20T07:22:27.167Z","updated_at":"2025-02-20T07:22:27.227Z","user":{"name":"Shreya Ghosal","id":"77d8cad6-99df-46a5-a6ca-08ef9559b028","cognito_id":"namratamehta1990@gmail.com","first_name":"Shreya","last_name":"Ghosal","email":"namratamehta1990@gmail.com","tenant_id":null,"active":null,"type":null,"created_at":"2024-07-24T12:35:33.428Z","updated_at":"2024-07-24T12:35:33.428Z","created_by":null,"updated_by":null}}],"bd_project":null},{"name":"143 - CEO (Amadeus Fire Gmbh)","id":"146310ca-eee3-4b0d-b8e4-5085b3c56a50","job_title":"CEO","helia_title":"CEO","job_number":143,"company_id":"a76ea0ed-bd54-42ad-bc20-2d50955d84bf","service_offering":"ignyte","industry_id":"e4358660-2fb6-4a10-becf-0d77e0d0195c","industries":["AI Managed - IT-Software","customer"],"job_functions":["custom"],"job_type":"full_time","location":"Bengaluru, Karnataka, India","by_product_fee":67,"location_place_id":"ChIJbU60yXAWrjsR4E9-UejD3_g","country_id":"e085ee1f-1f66-45b6-bec2-b75ffd092c32","state_id":"93ae9317-85f3-490c-a2f1-44e6b4d0790f","min_experience":15,"location_city":"","max_experience":20,"min_compensation":"100009","max_compensation":"2000000","additional_info":"<p>New project on 16 Dec</p>","updated_by":"f642dcab-50db-4429-a2ef-b73a862c70fa","created_by":"34db6aeb-73c1-4046-a013-d0dfd2d9433c","created_at":"2024-12-16T09:15:20.158Z","updated_at":"2025-02-19T11:18:02.455Z","deleted_at":null,"pay_frequency":"quarterly","target_compensation_bonus":"900","target_compensation_equity":"90","work_experience_min_years_experience":9,"work_experience_max_years_current_company":20,"experience_mandatory":true,"max_experience_mandatory":true,"stage":"Open","loe_date":"2024-12-19","billing_address":"Address","fee_type":null,"fee_amount":null,"fee_percentage":33.33,"is_fee_cap":true,"fee_cap_amount":null,"billing_notes":"Notes","is_po_direct":true,"po_number":"PO","invoice_delivery_type":null,"projected_start_date":"2025-02-17","start_date":"2024-12-04","offhold_date":"2025-01-08","onhold_date":"2025-01-07","end_date":"2025-01-08","probability":"25%","competition":"88","billable":true,"billing_region":"Asia","milestones":null,"estimated_fee_amount":null,"term_type":"Milestone","intervals":"0 - 30 - Start Date","intervals_other":null,"vendor_portal":"remitra","billing_status":"PND_RHEAD","estimated_percentage_base":89,"actual_percentage_base":0,"estimated_indirect_total_fee":56,"actual_indirect_total_fee":0,"estimated_revenue":145,"actual_revenue":0,"actual_overridden_revenue":null,"total_invoice_amt":0,"total_collected_amt":0,"collected_percentage":0,"is_invoice_approved":null,"email_invoice_to":"nmehta@kingsleygate.com","invoice_terms":"net_10","approval_requested_date":null,"approval_requested_by":null,"total_invoice_expense":200,"bd_reject_reason":null,"revenue_changed":false,"market":"23545b69-2b77-45e9-8622-0afc09646164","bd_status":"target_identified","bd_project_id":null,"record_type":"Project","horizontal_practice":"ceo","vertical_practice":"financial_services","project_type":"retained","result":null,"is_nda":true,"is_confidential":true,"vc_pe":["100ms"],"encore_number":null,"framework_type":"helia","external_id":null,"bd_currency":"b3d86c51-46df-4ecf-bf65-9a037edd2a56","candidate_count":"18","pending_review_count":"0","project_tags":[{"id":"75bd8a5f-255c-43d1-a14c-d4cfcef2f748","project_id":"146310ca-eee3-4b0d-b8e4-5085b3c56a50","tag_id":"3724cf18-b65c-46e4-9eb1-228048c3d294","created_at":"2024-12-16T10:53:52.639Z","updated_at":"2024-12-16T10:53:52.639Z","updated_by":null,"created_by":"34db6aeb-73c1-4046-a013-d0dfd2d9433c","tag":{"id":"3724cf18-b65c-46e4-9eb1-228048c3d294","name":"Test Two","color":"#AA0A6C","status":true,"created_at":"2024-06-13T07:05:27.434Z","updated_at":"2024-06-13T07:05:27.434Z","created_by":"34db6aeb-73c1-4046-a013-d0dfd2d9433c","updated_by":"34db6aeb-73c1-4046-a013-d0dfd2d9433c","deleted_at":null}},{"id":"f0384440-0799-42d0-85f2-9ea5b5fe30e3","project_id":"146310ca-eee3-4b0d-b8e4-5085b3c56a50","tag_id":"41bc631d-98fc-4cb8-8b3f-516519612231","created_at":"2024-12-16T10:53:52.639Z","updated_at":"2024-12-16T10:53:52.639Z","updated_by":null,"created_by":"34db6aeb-73c1-4046-a013-d0dfd2d9433c","tag":{"id":"41bc631d-98fc-4cb8-8b3f-516519612231","name":"Test Three","color":"#333","status":true,"created_at":"2024-06-13T07:05:46.581Z","updated_at":"2024-06-13T07:05:46.581Z","created_by":"34db6aeb-73c1-4046-a013-d0dfd2d9433c","updated_by":"34db6aeb-73c1-4046-a013-d0dfd2d9433c","deleted_at":null}},{"id":"2b46a488-b1a5-4fb7-a789-49690df976fd","project_id":"146310ca-eee3-4b0d-b8e4-5085b3c56a50","tag_id":"a717557c-0303-4849-8635-faf2ae6036cd","created_at":"2024-12-16T10:53:52.639Z","updated_at":"2024-12-16T10:53:52.639Z","updated_by":null,"created_by":"34db6aeb-73c1-4046-a013-d0dfd2d9433c","tag":{"id":"a717557c-0303-4849-8635-faf2ae6036cd","name":"Test One","color":"#003C5B","status":true,"created_at":"2024-06-13T07:05:03.966Z","updated_at":"2024-06-13T07:05:03.966Z","created_by":"34db6aeb-73c1-4046-a013-d0dfd2d9433c","updated_by":"34db6aeb-73c1-4046-a013-d0dfd2d9433c","deleted_at":null}},{"id":"3ab69496-068d-47a4-80e2-c936a09ba18a","project_id":"146310ca-eee3-4b0d-b8e4-5085b3c56a50","tag_id":"1b02754a-0bf9-4d70-a993-7c743727a427","created_at":"2024-12-16T10:53:52.639Z","updated_at":"2024-12-16T10:53:52.639Z","updated_by":null,"created_by":"34db6aeb-73c1-4046-a013-d0dfd2d9433c","tag":{"id":"1b02754a-0bf9-4d70-a993-7c743727a427","name":"Tag Two","color":"#AA0A6C","status":true,"created_at":"2024-05-07T08:59:23.886Z","updated_at":"2024-05-07T08:59:23.886Z","created_by":"34db6aeb-73c1-4046-a013-d0dfd2d9433c","updated_by":"34db6aeb-73c1-4046-a013-d0dfd2d9433c","deleted_at":null}}],"ign_companies":{"id":"a76ea0ed-bd54-42ad-bc20-2d50955d84bf","name":"Amadeus Fire Gmbh","created_by":"34db6aeb-73c1-4046-a013-d0dfd2d9433c","updated_by":"34db6aeb-73c1-4046-a013-d0dfd2d9433c","created_at":"2024-12-16T07:24:44.752Z","updated_at":"2025-01-17T10:28:20.662Z","deleted_at":null,"website_url":"https://amadeus.com/en","linkedin_url":"https://www.linkedin.com/company/amadeus/","employee_range_from":20000,"employee_range_to":60000,"revenue_range_to":90000,"revenue_range_from":70000,"comments":"<p>New company added on 16 Dec</p><ol><li>abc</li><li>def</li><li>xyz</li></ol>","currency_code":"INR","currency_unit":"million","location_id":"ChIJbU60yXAWrjsR4E9-UejD3_g","location_description":"Bengaluru, Karnataka, India","image_id":"cfea5174-545e-4bd1-aa40-4186dcfefb46","company_status":"active","capital_structure":"private","investor_information":null,"ticker_symbol":"Ticker One","industries":["ai managed - it-software","ai managed - investment management"],"employee_range":"10001+","revenue_range":"$10B+","external_id":null},"ign_industries":{"id":"e4358660-2fb6-4a10-becf-0d77e0d0195c","name":"AI Managed - IT-Software","created_at":"2024-04-15T10:43:45.236Z","updated_at":"2024-04-15T10:43:45.236Z"},"service_offering_value":{"field_value":"ignyte","short_desc":"Ignyte"},"bd_status_value":{"field_value":"target_identified","short_desc":"Target Identified"},"job_type_value":{"field_value":"full_time","short_desc":"Full Time"},"pay_frequency_value":{"field_value":"quarterly","short_desc":"Quarterly"},"bd_currency_values":{"id":"b3d86c51-46df-4ecf-bf65-9a037edd2a56","code":"INR","name":"Indian Rupee","conversion_rate":71.3275,"currency_icon":"₹","prefix":true,"created_at":"2024-04-10T10:58:36.442Z","updated_at":"2024-04-10T10:58:36.442Z"},"creator":{"name":"Namrata Mehta","id":"34db6aeb-73c1-4046-a013-d0dfd2d9433c","cognito_id":"nmehta@kingsleygate.com","first_name":"Namrata","last_name":"Mehta","email":"nmehta@kingsleygate.com","tenant_id":null,"active":null,"type":null,"created_at":"2024-04-16T10:36:11.750Z","updated_at":"2024-04-16T10:36:11.750Z","created_by":null,"updated_by":null},"updater":{"name":"Asmit Shrivastava","id":"f642dcab-50db-4429-a2ef-b73a862c70fa","cognito_id":"ashrivastava@kingsleygate.com","first_name":"Asmit","last_name":"Shrivastava","email":"ashrivastava@kingsleygate.com","tenant_id":null,"active":null,"type":null,"created_at":"2024-07-18T05:52:35.714Z","updated_at":"2024-07-18T05:52:35.714Z","created_by":null,"updated_by":null},"partners":[{"id":"89452af3-bc70-4a1e-88a0-38dc57d924ec","project_id":"146310ca-eee3-4b0d-b8e4-5085b3c56a50","origination_credit":10,"selling_credit":20,"execution_credit":30,"position":null,"is_lead":true,"user_id":"4c151a73-0f4a-4b03-ab4f-d5bcde93aefb","created_at":"2024-12-16T09:19:17.414Z","updated_at":"2024-12-16T09:19:17.506Z","user":{"name":"Sushma Mehta","id":"4c151a73-0f4a-4b03-ab4f-d5bcde93aefb","cognito_id":"sushma.m@gmail.com","first_name":"Sushma","last_name":"Mehta","email":"sushma.m@gmail.com","tenant_id":null,"active":null,"type":null,"created_at":"2024-07-15T09:23:16.350Z","updated_at":"2024-07-15T09:23:16.350Z","created_by":null,"updated_by":null}}],"researchers":[{"id":"f64d75de-bfe7-4541-88f1-1d3588d0ac0d","project_id":"146310ca-eee3-4b0d-b8e4-5085b3c56a50","execution_credit":50,"position":null,"user_id":"77d8cad6-99df-46a5-a6ca-08ef9559b028","created_at":"2024-12-16T09:19:17.588Z","updated_at":"2024-12-16T09:19:17.655Z","user":{"name":"Shreya Ghosal","id":"77d8cad6-99df-46a5-a6ca-08ef9559b028","cognito_id":"namratamehta1990@gmail.com","first_name":"Shreya","last_name":"Ghosal","email":"namratamehta1990@gmail.com","tenant_id":null,"active":null,"type":null,"created_at":"2024-07-24T12:35:33.428Z","updated_at":"2024-07-24T12:35:33.428Z","created_by":null,"updated_by":null}}],"recruiters":[{"id":"80c75e1f-636e-4b9a-ae8d-2696f0a8e192","project_id":"146310ca-eee3-4b0d-b8e4-5085b3c56a50","execution_credit":40,"position":null,"user_id":"7f5c44cc-1a73-4a37-8276-4f5c2fe097c0","created_at":"2024-12-16T09:19:17.512Z","updated_at":"2024-12-16T09:19:17.582Z","user":{"name":"Marshal Arora","id":"7f5c44cc-1a73-4a37-8276-4f5c2fe097c0","cognito_id":"marora@kingsleygate.com","first_name":"Marshal","last_name":"Arora","email":"marora@kingsleygate.com","tenant_id":null,"active":null,"type":null,"created_at":"2024-04-16T10:16:27.590Z","updated_at":"2024-04-16T10:16:27.590Z","created_by":null,"updated_by":null}}],"project_admin":[{"id":"41105793-0806-4562-9bdc-d685e3e8e809","project_id":"146310ca-eee3-4b0d-b8e4-5085b3c56a50","execution_credit":60,"position":null,"user_id":"28bd9772-63eb-4def-8cc5-f99458ed4f9d","created_at":"2024-12-16T09:19:17.660Z","updated_at":"2024-12-16T09:19:17.724Z","user":{"name":"Ankita Sethi","id":"28bd9772-63eb-4def-8cc5-f99458ed4f9d","cognito_id":"ankita.sethi@kingsleygate.com","first_name":"Ankita","last_name":"Sethi","email":"ankita.sethi@kingsleygate.com","tenant_id":null,"active":null,"type":null,"created_at":"2024-04-16T10:04:17.027Z","updated_at":"2024-12-05T06:17:20.361Z","created_by":null,"updated_by":null}}],"bd_project":null},{"name":"77 - Senior Software Manager (Titan Lab)","id":"b3b03c4c-f7fd-4bb3-b1a2-c42c5b7f5abc","job_title":"Senior Software Manager","helia_title":"Senior Software Manage","job_number":77,"company_id":"4c404a2c-3206-4ae7-b471-bda6267664d1","service_offering":"Ignyte","industry_id":"eb6f9075-483a-4db9-b219-60790966902d","industries":["Technology - Cloud And Technology - Consumer Software"],"job_functions":[],"job_type":"full_time","location":"kundloo","by_product_fee":null,"location_place_id":"ChIJwe1EZjDG5zsRaYxkjY_tpF0","country_id":"e085ee1f-1f66-45b6-bec2-b75ffd092c32","state_id":"93ae9317-85f3-490c-a2f1-44e6b4d0790f","min_experience":1,"location_city":"","max_experience":20,"min_compensation":"100000","max_compensation":"1000000","additional_info":"<p>Created by Namrata</p>","updated_by":"34db6aeb-73c1-4046-a013-d0dfd2d9433c","created_by":"34db6aeb-73c1-4046-a013-d0dfd2d9433c","created_at":"2024-10-28T08:32:56.665Z","updated_at":"2025-02-12T12:15:28.609Z","deleted_at":null,"pay_frequency":"quarterly","target_compensation_bonus":null,"target_compensation_equity":null,"work_experience_min_years_experience":null,"work_experience_max_years_current_company":null,"experience_mandatory":true,"max_experience_mandatory":true,"stage":"Open","loe_date":"2029-10-16","billing_address":null,"fee_type":null,"fee_amount":null,"fee_percentage":null,"is_fee_cap":null,"fee_cap_amount":null,"billing_notes":null,"is_po_direct":null,"po_number":null,"invoice_delivery_type":null,"projected_start_date":"2025-02-11","start_date":null,"offhold_date":null,"onhold_date":null,"end_date":null,"probability":"50%","competition":"10","billable":false,"billing_region":null,"milestones":null,"estimated_fee_amount":null,"term_type":null,"intervals":null,"intervals_other":null,"vendor_portal":null,"billing_status":null,"estimated_percentage_base":null,"actual_percentage_base":null,"estimated_indirect_total_fee":null,"actual_indirect_total_fee":null,"estimated_revenue":null,"actual_revenue":null,"actual_overridden_revenue":null,"total_invoice_amt":null,"total_collected_amt":null,"collected_percentage":null,"is_invoice_approved":null,"email_invoice_to":null,"invoice_terms":null,"approval_requested_date":null,"approval_requested_by":null,"total_invoice_expense":null,"bd_reject_reason":null,"revenue_changed":false,"market":"9a7e4f5e-6d48-499f-a7f2-e52be45af0d6","bd_status":"target_identified","bd_project_id":"d47e4496-4d7d-4f2a-b1c4-9c11338684d5","record_type":"Project","horizontal_practice":"ceo","vertical_practice":"financial_services","project_type":"retained","result":"active","is_nda":false,"is_confidential":false,"vc_pe":["Titan Lab","Diligent","Tata Elxsi"],"encore_number":null,"framework_type":"helia","external_id":null,"bd_currency":"2f2f31e2-1c89-43c5-8eea-90ef41e9ab32","candidate_count":"1","pending_review_count":"0","project_tags":[],"ign_companies":{"id":"4c404a2c-3206-4ae7-b471-bda6267664d1","name":"Titan Lab","created_by":"34db6aeb-73c1-4046-a013-d0dfd2d9433c","updated_by":"34db6aeb-73c1-4046-a013-d0dfd2d9433c","created_at":"2024-10-23T10:11:19.344Z","updated_at":"2024-10-23T10:11:57.982Z","deleted_at":null,"website_url":"https://www.titan-lab.com/","linkedin_url":"https://linkedin.com/in/company/titanlabindia?trk=similar-pages/","employee_range_from":100000,"employee_range_to":2000000,"revenue_range_to":200000,"revenue_range_from":100000,"comments":"<p>Company created by Namrata</p>","currency_code":"INR","currency_unit":"million","location_id":"ChIJwe1EZjDG5zsRaYxkjY_tpF0","location_description":"Mumbai, Maharashtra, India","image_id":"c166574e-855f-41e9-9a81-6884cd3985b5","company_status":"active","capital_structure":"private","investor_information":null,"ticker_symbol":"Tickler Symbol 01","industries":["industrial - manufacturing","life sciences"],"employee_range":"10001+","revenue_range":"$10B+","external_id":null},"ign_industries":{"id":"eb6f9075-483a-4db9-b219-60790966902d","name":"Technology - Cloud And Technology - Consumer Software","created_at":"2024-05-07T13:00:45.868Z","updated_at":"2024-05-07T13:00:45.868Z"},"service_offering_value":null,"bd_status_value":{"field_value":"target_identified","short_desc":"Target Identified"},"job_type_value":{"field_value":"full_time","short_desc":"Full Time"},"pay_frequency_value":{"field_value":"quarterly","short_desc":"Quarterly"},"bd_currency_values":{"id":"2f2f31e2-1c89-43c5-8eea-90ef41e9ab32","code":"USD","name":"U.S. Dollar","conversion_rate":1,"currency_icon":"$","prefix":true,"created_at":"2024-04-10T10:58:36.442Z","updated_at":"2024-04-10T10:58:36.442Z"},"creator":{"name":"Namrata Mehta","id":"34db6aeb-73c1-4046-a013-d0dfd2d9433c","cognito_id":"nmehta@kingsleygate.com","first_name":"Namrata","last_name":"Mehta","email":"nmehta@kingsleygate.com","tenant_id":null,"active":null,"type":null,"created_at":"2024-04-16T10:36:11.750Z","updated_at":"2024-04-16T10:36:11.750Z","created_by":null,"updated_by":null},"updater":{"name":"Namrata Mehta","id":"34db6aeb-73c1-4046-a013-d0dfd2d9433c","cognito_id":"nmehta@kingsleygate.com","first_name":"Namrata","last_name":"Mehta","email":"nmehta@kingsleygate.com","tenant_id":null,"active":null,"type":null,"created_at":"2024-04-16T10:36:11.750Z","updated_at":"2024-04-16T10:36:11.750Z","created_by":null,"updated_by":null},"partners":[{"id":"56c7c040-4e3e-4d89-b3a4-83a953cc3a40","project_id":"b3b03c4c-f7fd-4bb3-b1a2-c42c5b7f5abc","origination_credit":10,"selling_credit":20,"execution_credit":30,"position":null,"is_lead":false,"user_id":"63b67aec-3da2-4acc-9542-18f5bf30514d","created_at":"2024-10-28T07:28:10.809Z","updated_at":"2024-10-28T07:28:10.879Z","user":{"name":"Prisha Gujar","id":"63b67aec-3da2-4acc-9542-18f5bf30514d","cognito_id":"prisha.gujar@email.com","first_name":"Prisha","last_name":"Gujar","email":"prisha.gujar@email.com","tenant_id":null,"active":null,"type":null,"created_at":"2024-10-23T06:35:15.671Z","updated_at":"2024-10-23T07:01:25.561Z","created_by":null,"updated_by":null}}],"researchers":[{"id":"8458e677-e7df-49db-9d48-fcc84cabab68","project_id":"b3b03c4c-f7fd-4bb3-b1a2-c42c5b7f5abc","execution_credit":50,"position":null,"user_id":"8bef8d75-46f0-4ba0-84dc-0170e49f8a0b","created_at":"2024-10-28T07:28:11.333Z","updated_at":"2024-10-28T07:28:11.381Z","user":{"name":"Srinvasa Prabhakara","id":"8bef8d75-46f0-4ba0-84dc-0170e49f8a0b","cognito_id":"sprabhakara@kingsleygate.com","first_name":"Srinvasa","last_name":"Prabhakara","email":"sprabhakara@kingsleygate.com","tenant_id":"qa-nonprod-01","active":true,"type":"tenant-admin","created_at":"2024-04-10T10:59:22.688Z","updated_at":"2024-05-01T12:27:50.029Z","created_by":null,"updated_by":null}}],"recruiters":[{"id":"20002090-4e6c-46c6-8562-2aae1159fef1","project_id":"b3b03c4c-f7fd-4bb3-b1a2-c42c5b7f5abc","execution_credit":40,"position":null,"user_id":"34db6aeb-73c1-4046-a013-d0dfd2d9433c","created_at":"2024-10-28T07:28:10.885Z","updated_at":"2024-10-28T07:28:11.327Z","user":{"name":"Namrata Mehta","id":"34db6aeb-73c1-4046-a013-d0dfd2d9433c","cognito_id":"nmehta@kingsleygate.com","first_name":"Namrata","last_name":"Mehta","email":"nmehta@kingsleygate.com","tenant_id":null,"active":null,"type":null,"created_at":"2024-04-16T10:36:11.750Z","updated_at":"2024-04-16T10:36:11.750Z","created_by":null,"updated_by":null}}],"project_admin":[{"id":"6f770f79-3972-46cc-a534-1e2d0ed83bf3","project_id":"b3b03c4c-f7fd-4bb3-b1a2-c42c5b7f5abc","execution_credit":60,"position":null,"user_id":"d2a9e25c-5b26-46a0-a96d-0f1a8ed70d08","created_at":"2024-10-28T07:28:11.386Z","updated_at":"2024-10-28T07:28:11.429Z","user":{"name":"Dipanshu Bhola","id":"d2a9e25c-5b26-46a0-a96d-0f1a8ed70d08","cognito_id":"dipanshu@kingsleygate.com","first_name":"Dipanshu","last_name":"Bhola","email":"dipanshu@kingsleygate.com","tenant_id":"qa-nonprod-01","active":true,"type":"tenant-admin","created_at":"2024-05-08T07:20:27.302Z","updated_at":"2024-05-08T07:20:27.302Z","created_by":null,"updated_by":null}}],"bd_project":{"job_title":"Senior Software Manager","id":"d47e4496-4d7d-4f2a-b1c4-9c11338684d5"}},{"name":"93 - Quality Assurance Manager (Titan Lab)","id":"6f50a069-cd27-420b-8745-e515a7502b8c","job_title":"Quality Assurance Manager","helia_title":null,"job_number":93,"company_id":"4c404a2c-3206-4ae7-b471-bda6267664d1","service_offering":"Ignyte","industry_id":"249e444d-dcfe-4f92-8451-69a6aa05208d","industries":["Technology - Consumer Software"],"job_functions":[],"job_type":"full_time","location":"Bengaluru, Karnataka, India","by_product_fee":null,"location_place_id":"ChIJbU60yXAWrjsR4E9-UejD3_g","country_id":"e085ee1f-1f66-45b6-bec2-b75ffd092c32","state_id":"93ae9317-85f3-490c-a2f1-44e6b4d0790f","min_experience":1,"location_city":"","max_experience":20,"min_compensation":"100000","max_compensation":"200000","additional_info":"","updated_by":"34db6aeb-73c1-4046-a013-d0dfd2d9433c","created_by":"34db6aeb-73c1-4046-a013-d0dfd2d9433c","created_at":"2024-11-08T07:05:56.544Z","updated_at":"2024-12-11T09:48:11.036Z","deleted_at":null,"pay_frequency":"quarterly","target_compensation_bonus":null,"target_compensation_equity":null,"work_experience_min_years_experience":null,"work_experience_max_years_current_company":null,"experience_mandatory":true,"max_experience_mandatory":true,"stage":"Open","loe_date":"2024-11-01","billing_address":"Address 208","fee_type":"Standard - 1/3","fee_amount":null,"fee_percentage":33.33,"is_fee_cap":true,"fee_cap_amount":"20","billing_notes":"Notes...!!!","is_po_direct":true,"po_number":null,"invoice_delivery_type":null,"projected_start_date":"2028-11-08","start_date":null,"offhold_date":null,"onhold_date":null,"end_date":null,"probability":"75%","competition":"10","billable":true,"billing_region":"Asia","milestones":null,"estimated_fee_amount":null,"term_type":"Milestone","intervals":"0 - Interview # candidates - Acceptance","intervals_other":null,"vendor_portal":"bill_com","billing_status":"NONE","estimated_percentage_base":33.33,"actual_percentage_base":33.33,"estimated_indirect_total_fee":70,"actual_indirect_total_fee":70,"estimated_revenue":103.33,"actual_revenue":103.33,"actual_overridden_revenue":null,"total_invoice_amt":null,"total_collected_amt":null,"collected_percentage":null,"is_invoice_approved":null,"email_invoice_to":"billing1@titanlab.com","invoice_terms":"net_0","approval_requested_date":null,"approval_requested_by":null,"total_invoice_expense":null,"bd_reject_reason":null,"revenue_changed":null,"market":"23545b69-2b77-45e9-8622-0afc09646164","bd_status":"target_identified","bd_project_id":"f1ef4bfa-a91e-4922-986a-dd3a01cd4078","record_type":"Project","horizontal_practice":"ceo","vertical_practice":"financial_services","project_type":"retained","result":"active","is_nda":true,"is_confidential":true,"vc_pe":["Titan Lab"],"encore_number":null,"framework_type":"helia","external_id":null,"bd_currency":"2f2f31e2-1c89-43c5-8eea-90ef41e9ab32","candidate_count":"4","pending_review_count":"0","project_tags":[],"ign_companies":{"id":"4c404a2c-3206-4ae7-b471-bda6267664d1","name":"Titan Lab","created_by":"34db6aeb-73c1-4046-a013-d0dfd2d9433c","updated_by":"34db6aeb-73c1-4046-a013-d0dfd2d9433c","created_at":"2024-10-23T10:11:19.344Z","updated_at":"2024-10-23T10:11:57.982Z","deleted_at":null,"website_url":"https://www.titan-lab.com/","linkedin_url":"https://linkedin.com/in/company/titanlabindia?trk=similar-pages/","employee_range_from":100000,"employee_range_to":2000000,"revenue_range_to":200000,"revenue_range_from":100000,"comments":"<p>Company created by Namrata</p>","currency_code":"INR","currency_unit":"million","location_id":"ChIJwe1EZjDG5zsRaYxkjY_tpF0","location_description":"Mumbai, Maharashtra, India","image_id":"c166574e-855f-41e9-9a81-6884cd3985b5","company_status":"active","capital_structure":"private","investor_information":null,"ticker_symbol":"Tickler Symbol 01","industries":["industrial - manufacturing","life sciences"],"employee_range":"10001+","revenue_range":"$10B+","external_id":null},"ign_industries":{"id":"249e444d-dcfe-4f92-8451-69a6aa05208d","name":"Technology - Consumer Software","created_at":"2024-05-09T09:00:16.635Z","updated_at":"2024-05-09T09:00:16.635Z"},"service_offering_value":null,"bd_status_value":{"field_value":"target_identified","short_desc":"Target Identified"},"job_type_value":{"field_value":"full_time","short_desc":"Full Time"},"pay_frequency_value":{"field_value":"quarterly","short_desc":"Quarterly"},"bd_currency_values":{"id":"2f2f31e2-1c89-43c5-8eea-90ef41e9ab32","code":"USD","name":"U.S. Dollar","conversion_rate":1,"currency_icon":"$","prefix":true,"created_at":"2024-04-10T10:58:36.442Z","updated_at":"2024-04-10T10:58:36.442Z"},"creator":{"name":"Namrata Mehta","id":"34db6aeb-73c1-4046-a013-d0dfd2d9433c","cognito_id":"nmehta@kingsleygate.com","first_name":"Namrata","last_name":"Mehta","email":"nmehta@kingsleygate.com","tenant_id":null,"active":null,"type":null,"created_at":"2024-04-16T10:36:11.750Z","updated_at":"2024-04-16T10:36:11.750Z","created_by":null,"updated_by":null},"updater":{"name":"Namrata Mehta","id":"34db6aeb-73c1-4046-a013-d0dfd2d9433c","cognito_id":"nmehta@kingsleygate.com","first_name":"Namrata","last_name":"Mehta","email":"nmehta@kingsleygate.com","tenant_id":null,"active":null,"type":null,"created_at":"2024-04-16T10:36:11.750Z","updated_at":"2024-04-16T10:36:11.750Z","created_by":null,"updated_by":null},"partners":[{"id":"03fdbe72-ab32-49cc-8246-94ee4c0e572f","project_id":"6f50a069-cd27-420b-8745-e515a7502b8c","origination_credit":10,"selling_credit":20,"execution_credit":30,"position":null,"is_lead":false,"user_id":"77d8cad6-99df-46a5-a6ca-08ef9559b028","created_at":"2024-11-08T06:48:10.842Z","updated_at":"2024-11-08T06:48:10.939Z","user":{"name":"Shreya Ghosal","id":"77d8cad6-99df-46a5-a6ca-08ef9559b028","cognito_id":"namratamehta1990@gmail.com","first_name":"Shreya","last_name":"Ghosal","email":"namratamehta1990@gmail.com","tenant_id":null,"active":null,"type":null,"created_at":"2024-07-24T12:35:33.428Z","updated_at":"2024-07-24T12:35:33.428Z","created_by":null,"updated_by":null}}],"researchers":[{"id":"1c1a2bb8-4c3e-415c-9f24-46d1eedd6b26","project_id":"6f50a069-cd27-420b-8745-e515a7502b8c","execution_credit":50,"position":null,"user_id":"2c4d8ca9-6572-4b2f-9f3a-74ddc6724efa","created_at":"2024-11-08T06:48:11.513Z","updated_at":"2024-11-08T06:48:11.562Z","user":{"name":"Sanam Mehta","id":"2c4d8ca9-6572-4b2f-9f3a-74ddc6724efa","cognito_id":"s.m@gmail.com","first_name":"Sanam","last_name":"Mehta","email":"s.m@gmail.com","tenant_id":null,"active":null,"type":null,"created_at":"2024-08-29T09:14:01.639Z","updated_at":"2024-08-29T09:14:01.639Z","created_by":null,"updated_by":null}}],"recruiters":[{"id":"9338d559-9bfe-41bb-bf17-f5e8c0a132f6","project_id":"6f50a069-cd27-420b-8745-e515a7502b8c","execution_credit":40,"position":null,"user_id":"4c151a73-0f4a-4b03-ab4f-d5bcde93aefb","created_at":"2024-11-08T06:48:10.945Z","updated_at":"2024-11-08T06:48:11.508Z","user":{"name":"Sushma Mehta","id":"4c151a73-0f4a-4b03-ab4f-d5bcde93aefb","cognito_id":"sushma.m@gmail.com","first_name":"Sushma","last_name":"Mehta","email":"sushma.m@gmail.com","tenant_id":null,"active":null,"type":null,"created_at":"2024-07-15T09:23:16.350Z","updated_at":"2024-07-15T09:23:16.350Z","created_by":null,"updated_by":null}}],"project_admin":[{"id":"ca2f4adb-8a25-47ae-be14-33b8334076a8","project_id":"6f50a069-cd27-420b-8745-e515a7502b8c","execution_credit":60,"position":null,"user_id":"7f5c44cc-1a73-4a37-8276-4f5c2fe097c9","created_at":"2024-11-08T06:48:11.567Z","updated_at":"2024-11-08T06:48:11.622Z","user":{"name":"Yash Kadam","id":"7f5c44cc-1a73-4a37-8276-4f5c2fe097c9","cognito_id":"ykadam@kingsleygate.com","first_name":"Yash","last_name":"Kadam","email":"ykadam@kingsleygate.com","tenant_id":null,"active":null,"type":null,"created_at":"2024-04-16T10:16:27.590Z","updated_at":"2024-04-16T10:16:27.590Z","created_by":null,"updated_by":null}}],"bd_project":{"job_title":"CFO","id":"f1ef4bfa-a91e-4922-986a-dd3a01cd4078"}},{"name":"66 - Full Stack Developer (Google AU)","id":"61431ec7-fa07-46eb-98e3-1aa531f240d8","job_title":"Full Stack Developer","helia_title":"Full Stack Developer","job_number":66,"company_id":"50f2f72e-691e-4862-a5fc-e726673bd757","service_offering":null,"industry_id":"88f00045-b3a8-4b22-8434-02492779295e","industries":["AI Managed - Information Technology"],"job_functions":[],"job_type":"","location":"Bengaluru, Karnataka, India","by_product_fee":null,"location_place_id":"ChIJbU60yXAWrjsR4E9-UejD3_g","country_id":"e085ee1f-1f66-45b6-bec2-b75ffd092c32","state_id":"93ae9317-85f3-490c-a2f1-44e6b4d0790f","min_experience":null,"location_city":"","max_experience":null,"min_compensation":"100000","max_compensation":"200000","additional_info":"","updated_by":"28bd9772-63eb-4def-8cc5-f99458ed4f9d","created_by":"34db6aeb-73c1-4046-a013-d0dfd2d9433c","created_at":"2024-09-23T07:20:17.287Z","updated_at":"2024-10-23T13:02:40.982Z","deleted_at":null,"pay_frequency":"","target_compensation_bonus":"100","target_compensation_equity":"10","work_experience_min_years_experience":1,"work_experience_max_years_current_company":25,"experience_mandatory":true,"max_experience_mandatory":true,"stage":"Open","loe_date":null,"billing_address":null,"fee_type":null,"fee_amount":null,"fee_percentage":33.33,"is_fee_cap":null,"fee_cap_amount":null,"billing_notes":null,"is_po_direct":false,"po_number":null,"invoice_delivery_type":null,"projected_start_date":null,"start_date":null,"offhold_date":null,"onhold_date":null,"end_date":null,"probability":null,"competition":null,"billable":true,"billing_region":"Asia","milestones":null,"estimated_fee_amount":null,"term_type":null,"intervals":null,"intervals_other":null,"vendor_portal":null,"billing_status":"NONE","estimated_percentage_base":333300,"actual_percentage_base":0,"estimated_indirect_total_fee":0,"actual_indirect_total_fee":0,"estimated_revenue":333300,"actual_revenue":0,"actual_overridden_revenue":null,"total_invoice_amt":null,"total_collected_amt":null,"collected_percentage":null,"is_invoice_approved":null,"email_invoice_to":null,"invoice_terms":null,"approval_requested_date":null,"approval_requested_by":null,"total_invoice_expense":null,"bd_reject_reason":null,"revenue_changed":null,"market":"23545b69-2b77-45e9-8622-0afc09646164","bd_status":null,"bd_project_id":null,"record_type":"Project","horizontal_practice":null,"vertical_practice":null,"project_type":null,"result":null,"is_nda":false,"is_confidential":null,"vc_pe":null,"encore_number":null,"framework_type":"helia","external_id":null,"bd_currency":"2f2f31e2-1c89-43c5-8eea-90ef41e9ab32","candidate_count":"14","pending_review_count":"0","project_tags":[{"id":"0d97962b-7417-4269-bb68-35df04f0147a","project_id":"61431ec7-fa07-46eb-98e3-1aa531f240d8","tag_id":"1b02754a-0bf9-4d70-a993-7c743727a427","created_at":"2024-10-18T04:03:17.962Z","updated_at":"2024-10-18T04:03:17.962Z","updated_by":null,"created_by":"28bd9772-63eb-4def-8cc5-f99458ed4f9d","tag":{"id":"1b02754a-0bf9-4d70-a993-7c743727a427","name":"Tag Two","color":"#AA0A6C","status":true,"created_at":"2024-05-07T08:59:23.886Z","updated_at":"2024-05-07T08:59:23.886Z","created_by":"34db6aeb-73c1-4046-a013-d0dfd2d9433c","updated_by":"34db6aeb-73c1-4046-a013-d0dfd2d9433c","deleted_at":null}},{"id":"4c508f13-01f1-4186-aa2f-9c7a36a9649a","project_id":"61431ec7-fa07-46eb-98e3-1aa531f240d8","tag_id":"a717557c-0303-4849-8635-faf2ae6036cd","created_at":"2024-10-18T04:03:17.962Z","updated_at":"2024-10-18T04:03:17.962Z","updated_by":null,"created_by":"28bd9772-63eb-4def-8cc5-f99458ed4f9d","tag":{"id":"a717557c-0303-4849-8635-faf2ae6036cd","name":"Test One","color":"#003C5B","status":true,"created_at":"2024-06-13T07:05:03.966Z","updated_at":"2024-06-13T07:05:03.966Z","created_by":"34db6aeb-73c1-4046-a013-d0dfd2d9433c","updated_by":"34db6aeb-73c1-4046-a013-d0dfd2d9433c","deleted_at":null}}],"ign_companies":{"id":"50f2f72e-691e-4862-a5fc-e726673bd757","name":"Google AU","created_by":"28bd9772-63eb-4def-8cc5-f99458ed4f9d","updated_by":"28bd9772-63eb-4def-8cc5-f99458ed4f9d","created_at":"2024-09-12T02:34:29.210Z","updated_at":"2024-09-12T02:34:29.978Z","deleted_at":null,"website_url":"https://about.google/intl/ALL_au/google-in-australia/","linkedin_url":null,"employee_range_from":null,"employee_range_to":null,"revenue_range_to":null,"revenue_range_from":null,"comments":"","currency_code":null,"currency_unit":null,"location_id":null,"location_description":null,"image_id":"a2433366-b2e0-412a-85e6-3f038c2b7f56","company_status":null,"capital_structure":null,"investor_information":null,"ticker_symbol":null,"industries":["ai managed - information technology","ai managed - digital marketing"],"employee_range":null,"revenue_range":null,"external_id":null},"ign_industries":{"id":"88f00045-b3a8-4b22-8434-02492779295e","name":"AI Managed - Information Technology","created_at":"2024-04-15T10:43:45.236Z","updated_at":"2024-04-15T10:43:45.236Z"},"service_offering_value":null,"bd_status_value":null,"job_type_value":null,"pay_frequency_value":null,"bd_currency_values":{"id":"2f2f31e2-1c89-43c5-8eea-90ef41e9ab32","code":"USD","name":"U.S. Dollar","conversion_rate":1,"currency_icon":"$","prefix":true,"created_at":"2024-04-10T10:58:36.442Z","updated_at":"2024-04-10T10:58:36.442Z"},"creator":{"name":"Namrata Mehta","id":"34db6aeb-73c1-4046-a013-d0dfd2d9433c","cognito_id":"nmehta@kingsleygate.com","first_name":"Namrata","last_name":"Mehta","email":"nmehta@kingsleygate.com","tenant_id":null,"active":null,"type":null,"created_at":"2024-04-16T10:36:11.750Z","updated_at":"2024-04-16T10:36:11.750Z","created_by":null,"updated_by":null},"updater":{"name":"Ankita Sethi","id":"28bd9772-63eb-4def-8cc5-f99458ed4f9d","cognito_id":"ankita.sethi@kingsleygate.com","first_name":"Ankita","last_name":"Sethi","email":"ankita.sethi@kingsleygate.com","tenant_id":null,"active":null,"type":null,"created_at":"2024-04-16T10:04:17.027Z","updated_at":"2024-12-05T06:17:20.361Z","created_by":null,"updated_by":null},"partners":[],"researchers":[],"recruiters":[],"project_admin":[],"bd_project":null},{"name":"48 - SDET 2 (Tata Elxsi)","id":"6ae1dd3f-ab2f-409e-a079-53f779a8c121","job_title":"SDET 2","helia_title":"SDET 2","job_number":48,"company_id":"d8f520c6-119b-429f-ade4-d0f956b18ad9","service_offering":"ignyte","industry_id":"c389afab-5f39-4007-8c2e-98e72a07732a","industries":["AI Managed - Computer Software"],"job_functions":[],"job_type":"full_time","location":"Bangalore, Karnataka, India","by_product_fee":null,"location_place_id":"ChIJbU60yXAWrjsR4E9-UejD3_g","country_id":"e085ee1f-1f66-45b6-bec2-b75ffd092c32","state_id":"93ae9317-85f3-490c-a2f1-44e6b4d0790f","min_experience":1,"location_city":"","max_experience":20,"min_compensation":"100000","max_compensation":"4000000","additional_info":"","updated_by":"34db6aeb-73c1-4046-a013-d0dfd2d9433c","created_by":"34db6aeb-73c1-4046-a013-d0dfd2d9433c","created_at":"2024-09-02T14:10:42.546Z","updated_at":"2024-10-08T09:48:14.965Z","deleted_at":null,"pay_frequency":"quarterly","target_compensation_bonus":null,"target_compensation_equity":null,"work_experience_min_years_experience":1,"work_experience_max_years_current_company":20,"experience_mandatory":true,"max_experience_mandatory":true,"stage":"Open","loe_date":null,"billing_address":null,"fee_type":null,"fee_amount":null,"fee_percentage":33.33,"is_fee_cap":null,"fee_cap_amount":null,"billing_notes":null,"is_po_direct":null,"po_number":null,"invoice_delivery_type":null,"projected_start_date":null,"start_date":null,"offhold_date":null,"onhold_date":null,"end_date":null,"probability":null,"competition":null,"billable":false,"billing_region":null,"milestones":null,"estimated_fee_amount":null,"term_type":null,"intervals":null,"intervals_other":null,"vendor_portal":null,"billing_status":null,"estimated_percentage_base":0,"actual_percentage_base":0,"estimated_indirect_total_fee":0,"actual_indirect_total_fee":0,"estimated_revenue":0,"actual_revenue":0,"actual_overridden_revenue":null,"total_invoice_amt":null,"total_collected_amt":null,"collected_percentage":null,"is_invoice_approved":null,"email_invoice_to":null,"invoice_terms":null,"approval_requested_date":null,"approval_requested_by":null,"total_invoice_expense":null,"bd_reject_reason":null,"revenue_changed":false,"market":null,"bd_status":"target_identified","bd_project_id":null,"record_type":"Project","horizontal_practice":null,"vertical_practice":null,"project_type":null,"result":null,"is_nda":false,"is_confidential":null,"vc_pe":null,"encore_number":null,"framework_type":"helia","external_id":null,"bd_currency":"b3d86c51-46df-4ecf-bf65-9a037edd2a56","candidate_count":"39","pending_review_count":"2","project_tags":[{"id":"f3c9dba2-0d65-425e-bc6d-69f2dca654c0","project_id":"6ae1dd3f-ab2f-409e-a079-53f779a8c121","tag_id":"a717557c-0303-4849-8635-faf2ae6036cd","created_at":"2024-09-05T12:35:58.591Z","updated_at":"2024-09-05T12:35:58.591Z","updated_by":null,"created_by":"7f5c44cc-1a73-4a37-8276-4f5c2fe097c9","tag":{"id":"a717557c-0303-4849-8635-faf2ae6036cd","name":"Test One","color":"#003C5B","status":true,"created_at":"2024-06-13T07:05:03.966Z","updated_at":"2024-06-13T07:05:03.966Z","created_by":"34db6aeb-73c1-4046-a013-d0dfd2d9433c","updated_by":"34db6aeb-73c1-4046-a013-d0dfd2d9433c","deleted_at":null}},{"id":"9550381a-0e15-48a9-99e4-18edde5156c4","project_id":"6ae1dd3f-ab2f-409e-a079-53f779a8c121","tag_id":"1b02754a-0bf9-4d70-a993-7c743727a427","created_at":"2024-09-03T05:29:25.343Z","updated_at":"2024-09-03T05:29:25.343Z","updated_by":null,"created_by":"34db6aeb-73c1-4046-a013-d0dfd2d9433c","tag":{"id":"1b02754a-0bf9-4d70-a993-7c743727a427","name":"Tag Two","color":"#AA0A6C","status":true,"created_at":"2024-05-07T08:59:23.886Z","updated_at":"2024-05-07T08:59:23.886Z","created_by":"34db6aeb-73c1-4046-a013-d0dfd2d9433c","updated_by":"34db6aeb-73c1-4046-a013-d0dfd2d9433c","deleted_at":null}}],"ign_companies":{"id":"d8f520c6-119b-429f-ade4-d0f956b18ad9","name":"Tata Elxsi","created_by":"34db6aeb-73c1-4046-a013-d0dfd2d9433c","updated_by":"34db6aeb-73c1-4046-a013-d0dfd2d9433c","created_at":"2024-09-02T12:51:51.975Z","updated_at":"2024-09-02T12:51:52.198Z","deleted_at":null,"website_url":"https://www.tataelxsi.com/#","linkedin_url":"https://www.linkedin.com/company/tataelxsi/","employee_range_from":1000,"employee_range_to":300000,"revenue_range_to":10000000,"revenue_range_from":10000,"comments":"<p>Company added on 02-Sep</p>","currency_code":"INR","currency_unit":"million","location_id":"ChIJbU60yXAWrjsR4E9-UejD3_g","location_description":"Bangalore, Karnataka, India","image_id":"172dc300-67e9-470a-998e-5d239db89ddc","company_status":"active","capital_structure":"private","investor_information":null,"ticker_symbol":"Tickler TATAE","industries":["ai managed - computer software"],"employee_range":"10000plus","revenue_range":"Over $5 bil.","external_id":null},"ign_industries":{"id":"c389afab-5f39-4007-8c2e-98e72a07732a","name":"AI Managed - Computer Software","created_at":"2024-04-24T10:00:14.445Z","updated_at":"2024-04-24T10:00:14.445Z"},"service_offering_value":{"field_value":"ignyte","short_desc":"Ignyte"},"bd_status_value":{"field_value":"target_identified","short_desc":"Target Identified"},"job_type_value":{"field_value":"full_time","short_desc":"Full Time"},"pay_frequency_value":{"field_value":"quarterly","short_desc":"Quarterly"},"bd_currency_values":{"id":"b3d86c51-46df-4ecf-bf65-9a037edd2a56","code":"INR","name":"Indian Rupee","conversion_rate":71.3275,"currency_icon":"₹","prefix":true,"created_at":"2024-04-10T10:58:36.442Z","updated_at":"2024-04-10T10:58:36.442Z"},"creator":{"name":"Namrata Mehta","id":"34db6aeb-73c1-4046-a013-d0dfd2d9433c","cognito_id":"nmehta@kingsleygate.com","first_name":"Namrata","last_name":"Mehta","email":"nmehta@kingsleygate.com","tenant_id":null,"active":null,"type":null,"created_at":"2024-04-16T10:36:11.750Z","updated_at":"2024-04-16T10:36:11.750Z","created_by":null,"updated_by":null},"updater":{"name":"Namrata Mehta","id":"34db6aeb-73c1-4046-a013-d0dfd2d9433c","cognito_id":"nmehta@kingsleygate.com","first_name":"Namrata","last_name":"Mehta","email":"nmehta@kingsleygate.com","tenant_id":null,"active":null,"type":null,"created_at":"2024-04-16T10:36:11.750Z","updated_at":"2024-04-16T10:36:11.750Z","created_by":null,"updated_by":null},"partners":[{"id":"b6b308f9-1a4a-4dda-8362-81c19d82ae38","project_id":"6ae1dd3f-ab2f-409e-a079-53f779a8c121","origination_credit":null,"selling_credit":null,"execution_credit":null,"position":null,"is_lead":false,"user_id":null,"created_at":"2024-09-03T10:51:42.081Z","updated_at":"2024-09-03T10:51:42.188Z","user":null}],"researchers":[{"id":"2f31f4f5-7194-426c-b2f0-e39cbaf7c9a4","project_id":"6ae1dd3f-ab2f-409e-a079-53f779a8c121","execution_credit":null,"position":null,"user_id":null,"created_at":"2024-09-03T10:51:42.256Z","updated_at":"2024-09-03T10:51:42.363Z","user":null}],"recruiters":[{"id":"7f1c8ab0-070e-473f-94a7-11edadb59311","project_id":"6ae1dd3f-ab2f-409e-a079-53f779a8c121","execution_credit":null,"position":null,"user_id":null,"created_at":"2024-09-03T10:51:42.198Z","updated_at":"2024-09-03T10:51:42.251Z","user":null}],"project_admin":[{"id":"f21c384b-d970-43ea-9907-4be7248bc0d1","project_id":"6ae1dd3f-ab2f-409e-a079-53f779a8c121","execution_credit":null,"position":null,"user_id":null,"created_at":"2024-09-03T10:51:42.368Z","updated_at":"2024-09-03T10:51:42.412Z","user":null}],"bd_project":null},{"name":"49 - Network Engineer (Tata Elxsi)","id":"725daf1e-5327-4e7f-9de9-d839d04c3e9b","job_title":"Network Engineer","helia_title":"Network Engineer","job_number":49,"company_id":"d8f520c6-119b-429f-ade4-d0f956b18ad9","service_offering":"ignyte","industry_id":"c389afab-5f39-4007-8c2e-98e72a07732a","industries":["AI Managed - Computer Software"],"job_functions":[],"job_type":"full_time","location":"Bangalore, Karnataka, India","by_product_fee":null,"location_place_id":"ChIJbU60yXAWrjsR4E9-UejD3_g","country_id":"e085ee1f-1f66-45b6-bec2-b75ffd092c32","state_id":"93ae9317-85f3-490c-a2f1-44e6b4d0790f","min_experience":1,"location_city":"","max_experience":20,"min_compensation":"10000","max_compensation":"300000","additional_info":"","updated_by":"34db6aeb-73c1-4046-a013-d0dfd2d9433c","created_by":"34db6aeb-73c1-4046-a013-d0dfd2d9433c","created_at":"2024-09-04T07:40:27.134Z","updated_at":"2024-09-10T09:59:01.573Z","deleted_at":null,"pay_frequency":"quarterly","target_compensation_bonus":null,"target_compensation_equity":null,"work_experience_min_years_experience":1,"work_experience_max_years_current_company":20,"experience_mandatory":true,"max_experience_mandatory":true,"stage":"Open","loe_date":null,"billing_address":null,"fee_type":null,"fee_amount":null,"fee_percentage":null,"is_fee_cap":null,"fee_cap_amount":null,"billing_notes":null,"is_po_direct":null,"po_number":null,"invoice_delivery_type":null,"projected_start_date":"2024-09-03","start_date":null,"offhold_date":null,"onhold_date":null,"end_date":null,"probability":"25%","competition":null,"billable":false,"billing_region":null,"milestones":null,"estimated_fee_amount":null,"term_type":null,"intervals":null,"intervals_other":null,"vendor_portal":null,"billing_status":null,"estimated_percentage_base":null,"actual_percentage_base":null,"estimated_indirect_total_fee":null,"actual_indirect_total_fee":null,"estimated_revenue":null,"actual_revenue":null,"actual_overridden_revenue":null,"total_invoice_amt":null,"total_collected_amt":null,"collected_percentage":null,"is_invoice_approved":null,"email_invoice_to":null,"invoice_terms":null,"approval_requested_date":null,"approval_requested_by":null,"total_invoice_expense":null,"bd_reject_reason":null,"revenue_changed":false,"market":"23545b69-2b77-45e9-8622-0afc09646164","bd_status":"target_identified","bd_project_id":null,"record_type":"Project","horizontal_practice":null,"vertical_practice":null,"project_type":null,"result":"active","is_nda":false,"is_confidential":null,"vc_pe":null,"encore_number":null,"framework_type":"helia","external_id":null,"bd_currency":"b3d86c51-46df-4ecf-bf65-9a037edd2a56","candidate_count":"20","pending_review_count":"0","project_tags":[{"id":"23145835-570f-4b4c-a701-b2506b98b276","project_id":"725daf1e-5327-4e7f-9de9-d839d04c3e9b","tag_id":"3724cf18-b65c-46e4-9eb1-228048c3d294","created_at":"2024-09-06T10:07:41.647Z","updated_at":"2024-09-06T10:07:41.647Z","updated_by":null,"created_by":"34db6aeb-73c1-4046-a013-d0dfd2d9433c","tag":{"id":"3724cf18-b65c-46e4-9eb1-228048c3d294","name":"Test Two","color":"#AA0A6C","status":true,"created_at":"2024-06-13T07:05:27.434Z","updated_at":"2024-06-13T07:05:27.434Z","created_by":"34db6aeb-73c1-4046-a013-d0dfd2d9433c","updated_by":"34db6aeb-73c1-4046-a013-d0dfd2d9433c","deleted_at":null}}],"ign_companies":{"id":"d8f520c6-119b-429f-ade4-d0f956b18ad9","name":"Tata Elxsi","created_by":"34db6aeb-73c1-4046-a013-d0dfd2d9433c","updated_by":"34db6aeb-73c1-4046-a013-d0dfd2d9433c","created_at":"2024-09-02T12:51:51.975Z","updated_at":"2024-09-02T12:51:52.198Z","deleted_at":null,"website_url":"https://www.tataelxsi.com/#","linkedin_url":"https://www.linkedin.com/company/tataelxsi/","employee_range_from":1000,"employee_range_to":300000,"revenue_range_to":10000000,"revenue_range_from":10000,"comments":"<p>Company added on 02-Sep</p>","currency_code":"INR","currency_unit":"million","location_id":"ChIJbU60yXAWrjsR4E9-UejD3_g","location_description":"Bangalore, Karnataka, India","image_id":"172dc300-67e9-470a-998e-5d239db89ddc","company_status":"active","capital_structure":"private","investor_information":null,"ticker_symbol":"Tickler TATAE","industries":["ai managed - computer software"],"employee_range":"10000plus","revenue_range":"Over $5 bil.","external_id":null},"ign_industries":{"id":"c389afab-5f39-4007-8c2e-98e72a07732a","name":"AI Managed - Computer Software","created_at":"2024-04-24T10:00:14.445Z","updated_at":"2024-04-24T10:00:14.445Z"},"service_offering_value":{"field_value":"ignyte","short_desc":"Ignyte"},"bd_status_value":{"field_value":"target_identified","short_desc":"Target Identified"},"job_type_value":{"field_value":"full_time","short_desc":"Full Time"},"pay_frequency_value":{"field_value":"quarterly","short_desc":"Quarterly"},"bd_currency_values":{"id":"b3d86c51-46df-4ecf-bf65-9a037edd2a56","code":"INR","name":"Indian Rupee","conversion_rate":71.3275,"currency_icon":"₹","prefix":true,"created_at":"2024-04-10T10:58:36.442Z","updated_at":"2024-04-10T10:58:36.442Z"},"creator":{"name":"Namrata Mehta","id":"34db6aeb-73c1-4046-a013-d0dfd2d9433c","cognito_id":"nmehta@kingsleygate.com","first_name":"Namrata","last_name":"Mehta","email":"nmehta@kingsleygate.com","tenant_id":null,"active":null,"type":null,"created_at":"2024-04-16T10:36:11.750Z","updated_at":"2024-04-16T10:36:11.750Z","created_by":null,"updated_by":null},"updater":{"name":"Namrata Mehta","id":"34db6aeb-73c1-4046-a013-d0dfd2d9433c","cognito_id":"nmehta@kingsleygate.com","first_name":"Namrata","last_name":"Mehta","email":"nmehta@kingsleygate.com","tenant_id":null,"active":null,"type":null,"created_at":"2024-04-16T10:36:11.750Z","updated_at":"2024-04-16T10:36:11.750Z","created_by":null,"updated_by":null},"partners":[{"id":"301a2957-4c4d-495b-ae95-1573f492a289","project_id":"725daf1e-5327-4e7f-9de9-d839d04c3e9b","origination_credit":null,"selling_credit":null,"execution_credit":null,"position":null,"is_lead":false,"user_id":null,"created_at":"2024-09-06T10:12:36.201Z","updated_at":"2024-09-06T10:12:36.768Z","user":null}],"researchers":[{"id":"4272e94c-0626-4095-bfe5-35ab3fc7c5b3","project_id":"725daf1e-5327-4e7f-9de9-d839d04c3e9b","execution_credit":null,"position":null,"user_id":null,"created_at":"2024-09-06T10:12:37.316Z","updated_at":"2024-09-06T10:12:37.363Z","user":null}],"recruiters":[{"id":"2d770e0b-5d32-4bdf-8e55-412a6f386344","project_id":"725daf1e-5327-4e7f-9de9-d839d04c3e9b","execution_credit":null,"position":null,"user_id":null,"created_at":"2024-09-06T10:12:36.773Z","updated_at":"2024-09-06T10:12:37.311Z","user":null}],"project_admin":[{"id":"996b6c0f-cb6d-46c0-8b3a-2f97b90d8d4c","project_id":"725daf1e-5327-4e7f-9de9-d839d04c3e9b","execution_credit":null,"position":null,"user_id":null,"created_at":"2024-09-06T10:12:37.367Z","updated_at":"2024-09-06T10:12:37.410Z","user":null}],"bd_project":null},{"name":"18 - Tester (FIS Global)","id":"c98895e3-3550-48a5-8963-f5489c233ac8","job_title":"Tester","helia_title":null,"job_number":18,"company_id":"067d13e2-e2c5-4e05-b2ab-2259b1b27ce3","service_offering":"ignyte","industry_id":"c389afab-5f39-4007-8c2e-98e72a07732a","industries":["AI Managed - Computer Software"],"job_functions":[],"job_type":"full_time","location":"Mumbai, Maharashtra, India","by_product_fee":null,"location_place_id":"ChIJwe1EZjDG5zsRaYxkjY_tpF0","country_id":"e085ee1f-1f66-45b6-bec2-b75ffd092c32","state_id":"93ae9317-85f3-490c-a2f1-44e6b4d0790f","min_experience":1,"location_city":"","max_experience":10,"min_compensation":"1","max_compensation":"10","additional_info":"","updated_by":"7f5c44cc-1a73-4a37-8276-4f5c2fe097c9","created_by":"34db6aeb-73c1-4046-a013-d0dfd2d9433c","created_at":"2024-05-13T11:18:19.446Z","updated_at":"2024-09-06T08:18:05.071Z","deleted_at":null,"pay_frequency":"quarterly","target_compensation_bonus":null,"target_compensation_equity":null,"work_experience_min_years_experience":1,"work_experience_max_years_current_company":15,"experience_mandatory":true,"max_experience_mandatory":true,"stage":"Open","loe_date":null,"billing_address":null,"fee_type":null,"fee_amount":null,"fee_percentage":null,"is_fee_cap":null,"fee_cap_amount":null,"billing_notes":null,"is_po_direct":null,"po_number":null,"invoice_delivery_type":null,"projected_start_date":null,"start_date":null,"offhold_date":null,"onhold_date":null,"end_date":null,"probability":null,"competition":null,"billable":false,"billing_region":null,"milestones":null,"estimated_fee_amount":null,"term_type":null,"intervals":null,"intervals_other":null,"vendor_portal":null,"billing_status":null,"estimated_percentage_base":null,"actual_percentage_base":null,"estimated_indirect_total_fee":null,"actual_indirect_total_fee":null,"estimated_revenue":null,"actual_revenue":null,"actual_overridden_revenue":null,"total_invoice_amt":null,"total_collected_amt":null,"collected_percentage":null,"is_invoice_approved":null,"email_invoice_to":null,"invoice_terms":null,"approval_requested_date":null,"approval_requested_by":null,"total_invoice_expense":null,"bd_reject_reason":null,"revenue_changed":null,"market":null,"bd_status":null,"bd_project_id":null,"record_type":"Project","horizontal_practice":null,"vertical_practice":null,"project_type":null,"result":null,"is_nda":false,"is_confidential":null,"vc_pe":null,"encore_number":null,"framework_type":"helia","external_id":null,"bd_currency":"b3d86c51-46df-4ecf-bf65-9a037edd2a56","candidate_count":"0","pending_review_count":"0","project_tags":[],"ign_companies":{"id":"067d13e2-e2c5-4e05-b2ab-2259b1b27ce3","name":"FIS Global","created_by":"34db6aeb-73c1-4046-a013-d0dfd2d9433c","updated_by":"34db6aeb-73c1-4046-a013-d0dfd2d9433c","created_at":"2024-05-07T08:58:49.765Z","updated_at":"2024-05-07T09:02:03.870Z","deleted_at":null,"website_url":"www.fisglobal.com","linkedin_url":null,"employee_range_from":50000,"employee_range_to":55000,"revenue_range_to":2000000,"revenue_range_from":1000000,"comments":"<p>Test.........!!!!!!!!!!!!!!!!!!!!!!!!!!!!!!!!!!!11</p>","currency_code":"INR","currency_unit":"billion","location_id":"ChIJeZLjNx6wNi4R6qaQ53a1eaA","location_description":"Bengkulu, Bengkulu City, Bengkulu, Indonesia","image_id":null,"company_status":"active","capital_structure":"private","investor_information":null,"ticker_symbol":"Ok","industries":["ai managed - it-software","ai managed - software testing","ai managed - computer software"],"employee_range":"10000plus","revenue_range":"Over $5 bil.","external_id":null},"ign_industries":{"id":"c389afab-5f39-4007-8c2e-98e72a07732a","name":"AI Managed - Computer Software","created_at":"2024-04-24T10:00:14.445Z","updated_at":"2024-04-24T10:00:14.445Z"},"service_offering_value":{"field_value":"ignyte","short_desc":"Ignyte"},"bd_status_value":null,"job_type_value":{"field_value":"full_time","short_desc":"Full Time"},"pay_frequency_value":{"field_value":"quarterly","short_desc":"Quarterly"},"bd_currency_values":{"id":"b3d86c51-46df-4ecf-bf65-9a037edd2a56","code":"INR","name":"Indian Rupee","conversion_rate":71.3275,"currency_icon":"₹","prefix":true,"created_at":"2024-04-10T10:58:36.442Z","updated_at":"2024-04-10T10:58:36.442Z"},"creator":{"name":"Namrata Mehta","id":"34db6aeb-73c1-4046-a013-d0dfd2d9433c","cognito_id":"nmehta@kingsleygate.com","first_name":"Namrata","last_name":"Mehta","email":"nmehta@kingsleygate.com","tenant_id":null,"active":null,"type":null,"created_at":"2024-04-16T10:36:11.750Z","updated_at":"2024-04-16T10:36:11.750Z","created_by":null,"updated_by":null},"updater":{"name":"Yash Kadam","id":"7f5c44cc-1a73-4a37-8276-4f5c2fe097c9","cognito_id":"ykadam@kingsleygate.com","first_name":"Yash","last_name":"Kadam","email":"ykadam@kingsleygate.com","tenant_id":null,"active":null,"type":null,"created_at":"2024-04-16T10:16:27.590Z","updated_at":"2024-04-16T10:16:27.590Z","created_by":null,"updated_by":null},"partners":[],"researchers":[],"recruiters":[],"project_admin":[],"bd_project":null},{"name":"45 - Quality Assurance (Diligent)","id":"9e24b76f-1063-4d70-892c-1de23ea5df38","job_title":"Quality Assurance","helia_title":"Quality Assurance","job_number":45,"company_id":"6de0cb31-d384-4e0d-b16a-b0a8bf725994","service_offering":"ignyte","industry_id":"c389afab-5f39-4007-8c2e-98e72a07732a","industries":["AI Managed - Computer Software"],"job_functions":[],"job_type":"full_time","location":"Mumbai, Maharashtra, India","by_product_fee":null,"location_place_id":"ChIJwe1EZjDG5zsRaYxkjY_tpF0","country_id":"e085ee1f-1f66-45b6-bec2-b75ffd092c32","state_id":"93ae9317-85f3-490c-a2f1-44e6b4d0790f","min_experience":1,"location_city":"","max_experience":20,"min_compensation":"100000","max_compensation":"300000","additional_info":"<p>Additional Info 22 Aug</p>","updated_by":"34db6aeb-73c1-4046-a013-d0dfd2d9433c","created_by":"34db6aeb-73c1-4046-a013-d0dfd2d9433c","created_at":"2024-08-21T06:51:08.870Z","updated_at":"2024-09-06T07:18:23.299Z","deleted_at":null,"pay_frequency":"quarterly","target_compensation_bonus":null,"target_compensation_equity":null,"work_experience_min_years_experience":1,"work_experience_max_years_current_company":20,"experience_mandatory":true,"max_experience_mandatory":true,"stage":"Open","loe_date":"2024-08-15","billing_address":"A 209","fee_type":null,"fee_amount":null,"fee_percentage":33.33,"is_fee_cap":null,"fee_cap_amount":null,"billing_notes":"Notes","is_po_direct":true,"po_number":"Test PO","invoice_delivery_type":null,"projected_start_date":"2024-08-01","start_date":null,"offhold_date":null,"onhold_date":null,"end_date":null,"probability":"75%","competition":"10000","billable":true,"billing_region":"North America","milestones":null,"estimated_fee_amount":null,"term_type":null,"intervals":null,"intervals_other":null,"vendor_portal":"open_invoice","billing_status":"PND_ACK","estimated_percentage_base":0,"actual_percentage_base":0,"estimated_indirect_total_fee":0,"actual_indirect_total_fee":0,"estimated_revenue":0,"actual_revenue":0,"actual_overridden_revenue":null,"total_invoice_amt":null,"total_collected_amt":null,"collected_percentage":null,"is_invoice_approved":null,"email_invoice_to":"billing@gmail.com","invoice_terms":null,"approval_requested_date":null,"approval_requested_by":null,"total_invoice_expense":null,"bd_reject_reason":null,"revenue_changed":false,"market":"34bb34ca-14a3-4b1c-90bf-8b47a0368224","bd_status":"target_identified","bd_project_id":null,"record_type":"Project","horizontal_practice":"marketing","vertical_practice":"financial_services","project_type":"retained","result":"active","is_nda":true,"is_confidential":true,"vc_pe":["100ms"],"encore_number":null,"framework_type":"helia","external_id":null,"bd_currency":"d718b127-0bf3-446e-8ada-253dcb17b838","candidate_count":"3","pending_review_count":"0","project_tags":[],"ign_companies":{"id":"6de0cb31-d384-4e0d-b16a-b0a8bf725994","name":"Diligent","created_by":"34db6aeb-73c1-4046-a013-d0dfd2d9433c","updated_by":"34db6aeb-73c1-4046-a013-d0dfd2d9433c","created_at":"2024-07-08T07:39:33.599Z","updated_at":"2024-07-08T07:44:30.712Z","deleted_at":null,"website_url":"www.Diligent.com","linkedin_url":"https://www.linkedin.com/company/diligent-board-member-services/","employee_range_from":10000,"employee_range_to":50000,"revenue_range_to":100000,"revenue_range_from":1000,"comments":"<p>This is new company generated on 08-Jul</p>","currency_code":"INR","currency_unit":"billion","location_id":"ChIJbU60yXAWrjsR4E9-UejD3_g","location_description":"Bengaluru, Karnataka, India","image_id":"485da4f1-0440-4a4e-96df-1a2563fae297","company_status":"active","capital_structure":"private","investor_information":null,"ticker_symbol":"Sym 01","industries":["ai managed - computer software"],"employee_range":"10000plus","revenue_range":"Over $5 bil.","external_id":null},"ign_industries":{"id":"c389afab-5f39-4007-8c2e-98e72a07732a","name":"AI Managed - Computer Software","created_at":"2024-04-24T10:00:14.445Z","updated_at":"2024-04-24T10:00:14.445Z"},"service_offering_value":{"field_value":"ignyte","short_desc":"Ignyte"},"bd_status_value":{"field_value":"target_identified","short_desc":"Target Identified"},"job_type_value":{"field_value":"full_time","short_desc":"Full Time"},"pay_frequency_value":{"field_value":"quarterly","short_desc":"Quarterly"},"bd_currency_values":{"id":"d718b127-0bf3-446e-8ada-253dcb17b838","code":"EUR","name":"Euro","conversion_rate":0.90709,"currency_icon":"€","prefix":true,"created_at":"2024-04-10T10:58:36.442Z","updated_at":"2024-04-10T10:58:36.442Z"},"creator":{"name":"Namrata Mehta","id":"34db6aeb-73c1-4046-a013-d0dfd2d9433c","cognito_id":"nmehta@kingsleygate.com","first_name":"Namrata","last_name":"Mehta","email":"nmehta@kingsleygate.com","tenant_id":null,"active":null,"type":null,"created_at":"2024-04-16T10:36:11.750Z","updated_at":"2024-04-16T10:36:11.750Z","created_by":null,"updated_by":null},"updater":{"name":"Namrata Mehta","id":"34db6aeb-73c1-4046-a013-d0dfd2d9433c","cognito_id":"nmehta@kingsleygate.com","first_name":"Namrata","last_name":"Mehta","email":"nmehta@kingsleygate.com","tenant_id":null,"active":null,"type":null,"created_at":"2024-04-16T10:36:11.750Z","updated_at":"2024-04-16T10:36:11.750Z","created_by":null,"updated_by":null},"partners":[{"id":"a891c267-32ed-4629-a53f-619df57c15e3","project_id":"9e24b76f-1063-4d70-892c-1de23ea5df38","origination_credit":1,"selling_credit":2,"execution_credit":2,"position":null,"is_lead":true,"user_id":"13d662cf-8425-43af-9cbe-f2d53b65edce","created_at":"2024-08-21T10:46:12.147Z","updated_at":"2024-08-21T10:46:12.213Z","user":{"name":"Namrata Mehta","id":"13d662cf-8425-43af-9cbe-f2d53b65edce","cognito_id":"namratamehta2918@gmail.com","first_name":"Namrata","last_name":"Mehta","email":"namratamehta2918@gmail.com","tenant_id":null,"active":null,"type":null,"created_at":"2024-07-18T09:37:23.564Z","updated_at":"2024-07-18T09:37:23.564Z","created_by":null,"updated_by":null}}],"researchers":[{"id":"32ee3f74-301e-4328-9111-a1173aead304","project_id":"9e24b76f-1063-4d70-892c-1de23ea5df38","execution_credit":null,"position":null,"user_id":null,"created_at":"2024-08-21T10:46:12.285Z","updated_at":"2024-08-21T10:46:12.349Z","user":null}],"recruiters":[{"id":"bd2fd1aa-7c5c-4e8b-9049-b5b8065269a7","project_id":"9e24b76f-1063-4d70-892c-1de23ea5df38","execution_credit":null,"position":null,"user_id":null,"created_at":"2024-08-21T10:46:12.220Z","updated_at":"2024-08-21T10:46:12.280Z","user":null}],"project_admin":[{"id":"ec127e10-1e3c-4447-bf17-ca9e69405ea3","project_id":"9e24b76f-1063-4d70-892c-1de23ea5df38","execution_credit":null,"position":null,"user_id":null,"created_at":"2024-08-21T10:46:12.354Z","updated_at":"2024-08-21T10:46:12.417Z","user":null}],"bd_project":null},{"name":"28 - .net developer9 (Genpact1)","id":"abc4b124-df4b-4d05-b3af-08fbbcab3949","job_title":".net developer9","helia_title":".net developer","job_number":28,"company_id":"c57f016c-1032-4149-a3f0-a0ca8472597a","service_offering":"Ignyte","industry_id":"c389afab-5f39-4007-8c2e-98e72a07732a","industries":["AI Managed - Computer Software"],"job_functions":[],"job_type":"Full Time","location":"Bangalore, Karnataka, India","by_product_fee":null,"location_place_id":"ChIJbU60yXAWrjsR4E9-UejD3_g","country_id":"e085ee1f-1f66-45b6-bec2-b75ffd092c32","state_id":"93ae9317-85f3-490c-a2f1-44e6b4d0790f","min_experience":10,"location_city":"","max_experience":20,"min_compensation":"-9","max_compensation":"-78","additional_info":"<p>Additional Information..!!!!!!!!!!!!!!!!!!!!!!!!!!!!!!!!1</p>","updated_by":"8bef8d75-46f0-4ba0-84dc-0170e49f8a0b","created_by":"34db6aeb-73c1-4046-a013-d0dfd2d9433c","created_at":"2024-06-24T07:37:14.024Z","updated_at":"2024-07-24T14:31:11.393Z","deleted_at":null,"pay_frequency":"quarterly","target_compensation_bonus":null,"target_compensation_equity":null,"work_experience_min_years_experience":null,"work_experience_max_years_current_company":null,"experience_mandatory":true,"max_experience_mandatory":true,"stage":"Open","loe_date":null,"billing_address":null,"fee_type":null,"fee_amount":null,"fee_percentage":null,"is_fee_cap":null,"fee_cap_amount":null,"billing_notes":null,"is_po_direct":null,"po_number":null,"invoice_delivery_type":null,"projected_start_date":"2024-06-11","start_date":null,"offhold_date":null,"onhold_date":null,"end_date":null,"probability":"25%","competition":null,"billable":false,"billing_region":null,"milestones":null,"estimated_fee_amount":null,"term_type":null,"intervals":null,"intervals_other":null,"vendor_portal":null,"billing_status":null,"estimated_percentage_base":null,"actual_percentage_base":null,"estimated_indirect_total_fee":null,"actual_indirect_total_fee":null,"estimated_revenue":null,"actual_revenue":null,"actual_overridden_revenue":null,"total_invoice_amt":0,"total_collected_amt":0,"collected_percentage":0,"is_invoice_approved":null,"email_invoice_to":null,"invoice_terms":null,"approval_requested_date":null,"approval_requested_by":null,"total_invoice_expense":30000,"bd_reject_reason":null,"revenue_changed":false,"market":"23545b69-2b77-45e9-8622-0afc09646164","bd_status":"target_identified","bd_project_id":null,"record_type":"Project","horizontal_practice":null,"vertical_practice":null,"project_type":null,"result":null,"is_nda":false,"is_confidential":null,"vc_pe":null,"encore_number":null,"framework_type":"helia","external_id":null,"bd_currency":"b3d86c51-46df-4ecf-bf65-9a037edd2a56","candidate_count":"1","pending_review_count":"0","project_tags":[],"ign_companies":{"id":"c57f016c-1032-4149-a3f0-a0ca8472597a","name":"Genpact1","created_by":"34db6aeb-73c1-4046-a013-d0dfd2d9433c","updated_by":"34db6aeb-73c1-4046-a013-d0dfd2d9433c","created_at":"2024-06-24T07:00:20.095Z","updated_at":"2024-07-02T11:51:55.795Z","deleted_at":null,"website_url":"www.genpact.com","linkedin_url":"","employee_range_from":10000,"employee_range_to":50000,"revenue_range_to":10000,"revenue_range_from":100,"comments":"<p>Comments</p>","currency_code":"INR","currency_unit":"billion","location_id":"ChIJ82ENKDJgHTERIEjiXbIAAQE","location_description":"Bangkok, Thailand","image_id":"929714bd-7df8-44d4-8395-1dcef6381bf6","company_status":"active","capital_structure":"private","investor_information":null,"ticker_symbol":"Tickler One","industries":["ai managed - it-software"],"employee_range":"10000plus","revenue_range":"Over $5 bil.","external_id":null},"ign_industries":{"id":"c389afab-5f39-4007-8c2e-98e72a07732a","name":"AI Managed - Computer Software","created_at":"2024-04-24T10:00:14.445Z","updated_at":"2024-04-24T10:00:14.445Z"},"service_offering_value":null,"bd_status_value":{"field_value":"target_identified","short_desc":"Target Identified"},"job_type_value":null,"pay_frequency_value":{"field_value":"quarterly","short_desc":"Quarterly"},"bd_currency_values":{"id":"b3d86c51-46df-4ecf-bf65-9a037edd2a56","code":"INR","name":"Indian Rupee","conversion_rate":71.3275,"currency_icon":"₹","prefix":true,"created_at":"2024-04-10T10:58:36.442Z","updated_at":"2024-04-10T10:58:36.442Z"},"creator":{"name":"Namrata Mehta","id":"34db6aeb-73c1-4046-a013-d0dfd2d9433c","cognito_id":"nmehta@kingsleygate.com","first_name":"Namrata","last_name":"Mehta","email":"nmehta@kingsleygate.com","tenant_id":null,"active":null,"type":null,"created_at":"2024-04-16T10:36:11.750Z","updated_at":"2024-04-16T10:36:11.750Z","created_by":null,"updated_by":null},"updater":{"name":"Srinvasa Prabhakara","id":"8bef8d75-46f0-4ba0-84dc-0170e49f8a0b","cognito_id":"sprabhakara@kingsleygate.com","first_name":"Srinvasa","last_name":"Prabhakara","email":"sprabhakara@kingsleygate.com","tenant_id":"qa-nonprod-01","active":true,"type":"tenant-admin","created_at":"2024-04-10T10:59:22.688Z","updated_at":"2024-05-01T12:27:50.029Z","created_by":null,"updated_by":null},"partners":[{"id":"a9da60b3-df8e-46aa-bd2e-9635a3a9f06a","project_id":"abc4b124-df4b-4d05-b3af-08fbbcab3949","origination_credit":null,"selling_credit":null,"execution_credit":null,"position":null,"is_lead":false,"user_id":"34db6aeb-73c1-4046-a013-d0dfd2d9433c","created_at":"2024-06-24T07:42:16.697Z","updated_at":"2024-06-24T07:42:16.764Z","user":{"name":"Namrata Mehta","id":"34db6aeb-73c1-4046-a013-d0dfd2d9433c","cognito_id":"nmehta@kingsleygate.com","first_name":"Namrata","last_name":"Mehta","email":"nmehta@kingsleygate.com","tenant_id":null,"active":null,"type":null,"created_at":"2024-04-16T10:36:11.750Z","updated_at":"2024-04-16T10:36:11.750Z","created_by":null,"updated_by":null}}],"researchers":[{"id":"390eb374-e0a6-4356-bffb-1718da6a2c6b","project_id":"abc4b124-df4b-4d05-b3af-08fbbcab3949","execution_credit":null,"position":null,"user_id":null,"created_at":"2024-06-24T07:42:16.828Z","updated_at":"2024-06-24T07:42:16.864Z","user":null}],"recruiters":[{"id":"89b23c1a-6042-4714-b050-77228df9bd28","project_id":"abc4b124-df4b-4d05-b3af-08fbbcab3949","execution_credit":null,"position":null,"user_id":null,"created_at":"2024-06-24T07:42:16.770Z","updated_at":"2024-06-24T07:42:16.823Z","user":null}],"project_admin":[{"id":"8b8c50c6-4b8b-4769-b5ab-8f312e7b084f","project_id":"abc4b124-df4b-4d05-b3af-08fbbcab3949","execution_credit":null,"position":null,"user_id":null,"created_at":"2024-06-24T07:42:16.869Z","updated_at":"2024-06-24T07:42:16.907Z","user":null}],"bd_project":null},{"name":"27 - Maintenance Manager (JSW Steel)","id":"dfd28386-8148-42bd-bf00-226fb5da6740","job_title":"Maintenance Manager","helia_title":"Maintenance Manager","job_number":27,"company_id":"2e5848be-27a9-4117-88fa-ece5e4b0c5c2","service_offering":"ignyte","industry_id":"c389afab-5f39-4007-8c2e-98e72a07732a","industries":["AI Managed - Computer Software"],"job_functions":[],"job_type":"full_time","location":"Bangalore, Karnataka, India","by_product_fee":null,"location_place_id":"ChIJbU60yXAWrjsR4E9-UejD3_g","country_id":"e085ee1f-1f66-45b6-bec2-b75ffd092c32","state_id":"93ae9317-85f3-490c-a2f1-44e6b4d0790f","min_experience":10,"location_city":"","max_experience":15,"min_compensation":"9","max_compensation":"15","additional_info":"<p>Test77777777777777777777</p>","updated_by":"34db6aeb-73c1-4046-a013-d0dfd2d9433c","created_by":"34db6aeb-73c1-4046-a013-d0dfd2d9433c","created_at":"2024-06-12T05:15:01.882Z","updated_at":"2024-06-12T05:20:58.464Z","deleted_at":null,"pay_frequency":"quarterly","target_compensation_bonus":null,"target_compensation_equity":null,"work_experience_min_years_experience":9,"work_experience_max_years_current_company":20,"experience_mandatory":true,"max_experience_mandatory":true,"stage":"Open","loe_date":null,"billing_address":null,"fee_type":null,"fee_amount":null,"fee_percentage":null,"is_fee_cap":null,"fee_cap_amount":null,"billing_notes":null,"is_po_direct":null,"po_number":null,"invoice_delivery_type":null,"projected_start_date":null,"start_date":null,"offhold_date":null,"onhold_date":null,"end_date":null,"probability":null,"competition":null,"billable":false,"billing_region":null,"milestones":null,"estimated_fee_amount":null,"term_type":null,"intervals":null,"intervals_other":null,"vendor_portal":null,"billing_status":null,"estimated_percentage_base":null,"actual_percentage_base":null,"estimated_indirect_total_fee":null,"actual_indirect_total_fee":null,"estimated_revenue":null,"actual_revenue":null,"actual_overridden_revenue":null,"total_invoice_amt":null,"total_collected_amt":null,"collected_percentage":null,"is_invoice_approved":null,"email_invoice_to":null,"invoice_terms":null,"approval_requested_date":null,"approval_requested_by":null,"total_invoice_expense":null,"bd_reject_reason":null,"revenue_changed":null,"market":null,"bd_status":null,"bd_project_id":null,"record_type":"Project","horizontal_practice":null,"vertical_practice":null,"project_type":null,"result":null,"is_nda":false,"is_confidential":null,"vc_pe":null,"encore_number":null,"framework_type":"helia","external_id":null,"bd_currency":"b3d86c51-46df-4ecf-bf65-9a037edd2a56","candidate_count":"0","pending_review_count":"0","project_tags":[],"ign_companies":{"id":"2e5848be-27a9-4117-88fa-ece5e4b0c5c2","name":"JSW Steel","created_by":"34db6aeb-73c1-4046-a013-d0dfd2d9433c","updated_by":"34db6aeb-73c1-4046-a013-d0dfd2d9433c","created_at":"2024-06-12T04:10:16.331Z","updated_at":"2024-06-12T04:10:58.341Z","deleted_at":null,"website_url":"www.jsw.com","linkedin_url":null,"employee_range_from":1000,"employee_range_to":20000,"revenue_range_to":4000000,"revenue_range_from":3000000,"comments":"<p>Comment...!!!!</p>","currency_code":"INR","currency_unit":"billion","location_id":"ChIJbU60yXAWrjsR4E9-UejD3_g","location_description":"Bangalore, Karnataka, India","image_id":null,"company_status":"active","capital_structure":"private","investor_information":null,"ticker_symbol":"Tickler 1","industries":["distribution - equipmentparts"],"employee_range":"10000plus","revenue_range":"Over $5 bil.","external_id":null},"ign_industries":{"id":"c389afab-5f39-4007-8c2e-98e72a07732a","name":"AI Managed - Computer Software","created_at":"2024-04-24T10:00:14.445Z","updated_at":"2024-04-24T10:00:14.445Z"},"service_offering_value":{"field_value":"ignyte","short_desc":"Ignyte"},"bd_status_value":null,"job_type_value":{"field_value":"full_time","short_desc":"Full Time"},"pay_frequency_value":{"field_value":"quarterly","short_desc":"Quarterly"},"bd_currency_values":{"id":"b3d86c51-46df-4ecf-bf65-9a037edd2a56","code":"INR","name":"Indian Rupee","conversion_rate":71.3275,"currency_icon":"₹","prefix":true,"created_at":"2024-04-10T10:58:36.442Z","updated_at":"2024-04-10T10:58:36.442Z"},"creator":{"name":"Namrata Mehta","id":"34db6aeb-73c1-4046-a013-d0dfd2d9433c","cognito_id":"nmehta@kingsleygate.com","first_name":"Namrata","last_name":"Mehta","email":"nmehta@kingsleygate.com","tenant_id":null,"active":null,"type":null,"created_at":"2024-04-16T10:36:11.750Z","updated_at":"2024-04-16T10:36:11.750Z","created_by":null,"updated_by":null},"updater":{"name":"Namrata Mehta","id":"34db6aeb-73c1-4046-a013-d0dfd2d9433c","cognito_id":"nmehta@kingsleygate.com","first_name":"Namrata","last_name":"Mehta","email":"nmehta@kingsleygate.com","tenant_id":null,"active":null,"type":null,"created_at":"2024-04-16T10:36:11.750Z","updated_at":"2024-04-16T10:36:11.750Z","created_by":null,"updated_by":null},"partners":[],"researchers":[],"recruiters":[],"project_admin":[],"bd_project":null},{"name":"19 - Automation Tester (Hexaware)","id":"362cddb6-99fc-4714-a4df-1808bfc7b715","job_title":"Automation Tester","helia_title":null,"job_number":19,"company_id":"7000e62e-5fae-4daa-ac3a-17973b24b498","service_offering":"ignyte","industry_id":"c389afab-5f39-4007-8c2e-98e72a07732a","industries":["AI Managed - Computer Software"],"job_functions":[],"job_type":"full_time","location":"Pune, Maharashtra, India","by_product_fee":null,"location_place_id":"ChIJARFGZy6_wjsRQ-Oenb9DjYI","country_id":"e085ee1f-1f66-45b6-bec2-b75ffd092c32","state_id":"93ae9317-85f3-490c-a2f1-44e6b4d0790f","min_experience":1,"location_city":"","max_experience":10,"min_compensation":"10","max_compensation":"10000000","additional_info":"<p>This is a new project created on 14-May</p>","updated_by":"34db6aeb-73c1-4046-a013-d0dfd2d9433c","created_by":"34db6aeb-73c1-4046-a013-d0dfd2d9433c","created_at":"2024-05-14T04:10:19.018Z","updated_at":"2024-05-14T04:12:14.969Z","deleted_at":null,"pay_frequency":"quarterly","target_compensation_bonus":"1000000","target_compensation_equity":"10","work_experience_min_years_experience":1,"work_experience_max_years_current_company":10,"experience_mandatory":true,"max_experience_mandatory":true,"stage":"Open","loe_date":null,"billing_address":null,"fee_type":null,"fee_amount":null,"fee_percentage":null,"is_fee_cap":null,"fee_cap_amount":null,"billing_notes":null,"is_po_direct":null,"po_number":null,"invoice_delivery_type":null,"projected_start_date":null,"start_date":null,"offhold_date":null,"onhold_date":null,"end_date":null,"probability":null,"competition":null,"billable":false,"billing_region":null,"milestones":null,"estimated_fee_amount":null,"term_type":null,"intervals":null,"intervals_other":null,"vendor_portal":null,"billing_status":null,"estimated_percentage_base":null,"actual_percentage_base":null,"estimated_indirect_total_fee":null,"actual_indirect_total_fee":null,"estimated_revenue":null,"actual_revenue":null,"actual_overridden_revenue":null,"total_invoice_amt":null,"total_collected_amt":null,"collected_percentage":null,"is_invoice_approved":null,"email_invoice_to":null,"invoice_terms":null,"approval_requested_date":null,"approval_requested_by":null,"total_invoice_expense":null,"bd_reject_reason":null,"revenue_changed":null,"market":null,"bd_status":null,"bd_project_id":null,"record_type":"Project","horizontal_practice":null,"vertical_practice":null,"project_type":null,"result":null,"is_nda":false,"is_confidential":null,"vc_pe":null,"encore_number":null,"framework_type":"helia","external_id":null,"bd_currency":"b3d86c51-46df-4ecf-bf65-9a037edd2a56","candidate_count":"2","pending_review_count":"0","project_tags":[],"ign_companies":{"id":"7000e62e-5fae-4daa-ac3a-17973b24b498","name":"Hexaware","created_by":"34db6aeb-73c1-4046-a013-d0dfd2d9433c","updated_by":"34db6aeb-73c1-4046-a013-d0dfd2d9433c","created_at":"2024-05-14T04:07:21.682Z","updated_at":"2024-05-14T04:28:18.764Z","deleted_at":null,"website_url":"www.hexaware.com","linkedin_url":"https://www.linkedin.com/company/hexaware-technologies/","employee_range_from":1,"employee_range_to":100000,"revenue_range_to":10000,"revenue_range_from":10,"comments":"<p>Yeppiiiiiiiiiiiiiiiiiiiiiiiiiiiiiii</p>","currency_code":"INR","currency_unit":"billion","location_id":"ChIJARFGZy6_wjsRQ-Oenb9DjYI","location_description":"Pune, Maharashtra, India","image_id":null,"company_status":"active","capital_structure":"private","investor_information":null,"ticker_symbol":"Tickler1","industries":["ai managed - computer software"],"employee_range":"10000plus","revenue_range":"Over $5 bil.","external_id":null},"ign_industries":{"id":"c389afab-5f39-4007-8c2e-98e72a07732a","name":"AI Managed - Computer Software","created_at":"2024-04-24T10:00:14.445Z","updated_at":"2024-04-24T10:00:14.445Z"},"service_offering_value":{"field_value":"ignyte","short_desc":"Ignyte"},"bd_status_value":null,"job_type_value":{"field_value":"full_time","short_desc":"Full Time"},"pay_frequency_value":{"field_value":"quarterly","short_desc":"Quarterly"},"bd_currency_values":{"id":"b3d86c51-46df-4ecf-bf65-9a037edd2a56","code":"INR","name":"Indian Rupee","conversion_rate":71.3275,"currency_icon":"₹","prefix":true,"created_at":"2024-04-10T10:58:36.442Z","updated_at":"2024-04-10T10:58:36.442Z"},"creator":{"name":"Namrata Mehta","id":"34db6aeb-73c1-4046-a013-d0dfd2d9433c","cognito_id":"nmehta@kingsleygate.com","first_name":"Namrata","last_name":"Mehta","email":"nmehta@kingsleygate.com","tenant_id":null,"active":null,"type":null,"created_at":"2024-04-16T10:36:11.750Z","updated_at":"2024-04-16T10:36:11.750Z","created_by":null,"updated_by":null},"updater":{"name":"Namrata Mehta","id":"34db6aeb-73c1-4046-a013-d0dfd2d9433c","cognito_id":"nmehta@kingsleygate.com","first_name":"Namrata","last_name":"Mehta","email":"nmehta@kingsleygate.com","tenant_id":null,"active":null,"type":null,"created_at":"2024-04-16T10:36:11.750Z","updated_at":"2024-04-16T10:36:11.750Z","created_by":null,"updated_by":null},"partners":[],"researchers":[],"recruiters":[],"project_admin":[],"bd_project":null},{"name":"16 - Network Engineer (FIS Global)","id":"e103a4a1-da5d-4737-98f5-d7d7d31567ab","job_title":"Network Engineer","helia_title":null,"job_number":16,"company_id":"067d13e2-e2c5-4e05-b2ab-2259b1b27ce3","service_offering":"ignyte","industry_id":"e4358660-2fb6-4a10-becf-0d77e0d0195c","industries":["AI Managed - IT-Software"],"job_functions":[],"job_type":"full_time","location":"Bengaluru, Karnataka, India","by_product_fee":null,"location_place_id":"ChIJbU60yXAWrjsR4E9-UejD3_g","country_id":"e085ee1f-1f66-45b6-bec2-b75ffd092c32","state_id":"93ae9317-85f3-490c-a2f1-44e6b4d0790f","min_experience":0,"location_city":"","max_experience":10,"min_compensation":"10000","max_compensation":"20000","additional_info":"<p>Test</p>","updated_by":"8bef8d75-46f0-4ba0-84dc-0170e49f8a0b","created_by":"34db6aeb-73c1-4046-a013-d0dfd2d9433c","created_at":"2024-05-07T09:31:53.549Z","updated_at":"2024-05-13T03:53:34.918Z","deleted_at":null,"pay_frequency":"quarterly","target_compensation_bonus":null,"target_compensation_equity":null,"work_experience_min_years_experience":14,"work_experience_max_years_current_company":6,"experience_mandatory":true,"max_experience_mandatory":true,"stage":"Open","loe_date":null,"billing_address":null,"fee_type":null,"fee_amount":null,"fee_percentage":null,"is_fee_cap":null,"fee_cap_amount":null,"billing_notes":null,"is_po_direct":null,"po_number":null,"invoice_delivery_type":null,"projected_start_date":null,"start_date":null,"offhold_date":null,"onhold_date":null,"end_date":null,"probability":null,"competition":null,"billable":false,"billing_region":null,"milestones":null,"estimated_fee_amount":null,"term_type":null,"intervals":null,"intervals_other":null,"vendor_portal":null,"billing_status":null,"estimated_percentage_base":null,"actual_percentage_base":null,"estimated_indirect_total_fee":null,"actual_indirect_total_fee":null,"estimated_revenue":null,"actual_revenue":null,"actual_overridden_revenue":null,"total_invoice_amt":null,"total_collected_amt":null,"collected_percentage":null,"is_invoice_approved":null,"email_invoice_to":null,"invoice_terms":null,"approval_requested_date":null,"approval_requested_by":null,"total_invoice_expense":null,"bd_reject_reason":null,"revenue_changed":false,"market":null,"bd_status":"target_identified","bd_project_id":null,"record_type":"Project","horizontal_practice":null,"vertical_practice":null,"project_type":null,"result":null,"is_nda":false,"is_confidential":null,"vc_pe":null,"encore_number":null,"framework_type":"helia","external_id":null,"bd_currency":"b3d86c51-46df-4ecf-bf65-9a037edd2a56","candidate_count":"2","pending_review_count":"0","project_tags":[],"ign_companies":{"id":"067d13e2-e2c5-4e05-b2ab-2259b1b27ce3","name":"FIS Global","created_by":"34db6aeb-73c1-4046-a013-d0dfd2d9433c","updated_by":"34db6aeb-73c1-4046-a013-d0dfd2d9433c","created_at":"2024-05-07T08:58:49.765Z","updated_at":"2024-05-07T09:02:03.870Z","deleted_at":null,"website_url":"www.fisglobal.com","linkedin_url":null,"employee_range_from":50000,"employee_range_to":55000,"revenue_range_to":2000000,"revenue_range_from":1000000,"comments":"<p>Test.........!!!!!!!!!!!!!!!!!!!!!!!!!!!!!!!!!!!11</p>","currency_code":"INR","currency_unit":"billion","location_id":"ChIJeZLjNx6wNi4R6qaQ53a1eaA","location_description":"Bengkulu, Bengkulu City, Bengkulu, Indonesia","image_id":null,"company_status":"active","capital_structure":"private","investor_information":null,"ticker_symbol":"Ok","industries":["ai managed - it-software","ai managed - software testing","ai managed - computer software"],"employee_range":"10000plus","revenue_range":"Over $5 bil.","external_id":null},"ign_industries":{"id":"e4358660-2fb6-4a10-becf-0d77e0d0195c","name":"AI Managed - IT-Software","created_at":"2024-04-15T10:43:45.236Z","updated_at":"2024-04-15T10:43:45.236Z"},"service_offering_value":{"field_value":"ignyte","short_desc":"Ignyte"},"bd_status_value":{"field_value":"target_identified","short_desc":"Target Identified"},"job_type_value":{"field_value":"full_time","short_desc":"Full Time"},"pay_frequency_value":{"field_value":"quarterly","short_desc":"Quarterly"},"bd_currency_values":{"id":"b3d86c51-46df-4ecf-bf65-9a037edd2a56","code":"INR","name":"Indian Rupee","conversion_rate":71.3275,"currency_icon":"₹","prefix":true,"created_at":"2024-04-10T10:58:36.442Z","updated_at":"2024-04-10T10:58:36.442Z"},"creator":{"name":"Namrata Mehta","id":"34db6aeb-73c1-4046-a013-d0dfd2d9433c","cognito_id":"nmehta@kingsleygate.com","first_name":"Namrata","last_name":"Mehta","email":"nmehta@kingsleygate.com","tenant_id":null,"active":null,"type":null,"created_at":"2024-04-16T10:36:11.750Z","updated_at":"2024-04-16T10:36:11.750Z","created_by":null,"updated_by":null},"updater":{"name":"Srinvasa Prabhakara","id":"8bef8d75-46f0-4ba0-84dc-0170e49f8a0b","cognito_id":"sprabhakara@kingsleygate.com","first_name":"Srinvasa","last_name":"Prabhakara","email":"sprabhakara@kingsleygate.com","tenant_id":"qa-nonprod-01","active":true,"type":"tenant-admin","created_at":"2024-04-10T10:59:22.688Z","updated_at":"2024-05-01T12:27:50.029Z","created_by":null,"updated_by":null},"partners":[{"id":"dc6d23b2-e2d4-4a49-9b96-0f86c52d37d2","project_id":"e103a4a1-da5d-4737-98f5-d7d7d31567ab","origination_credit":0,"selling_credit":10,"execution_credit":10,"position":null,"is_lead":false,"user_id":"34db6aeb-73c1-4046-a013-d0dfd2d9433c","created_at":"2024-05-07T10:08:54.730Z","updated_at":"2024-05-07T10:08:54.761Z","user":{"name":"Namrata Mehta","id":"34db6aeb-73c1-4046-a013-d0dfd2d9433c","cognito_id":"nmehta@kingsleygate.com","first_name":"Namrata","last_name":"Mehta","email":"nmehta@kingsleygate.com","tenant_id":null,"active":null,"type":null,"created_at":"2024-04-16T10:36:11.750Z","updated_at":"2024-04-16T10:36:11.750Z","created_by":null,"updated_by":null}}],"researchers":[{"id":"c3c3e666-931b-47b9-bc02-0d0e1deddb77","project_id":"e103a4a1-da5d-4737-98f5-d7d7d31567ab","execution_credit":null,"position":null,"user_id":null,"created_at":"2024-05-07T10:08:54.790Z","updated_at":"2024-05-07T10:08:54.809Z","user":null}],"recruiters":[{"id":"33061ec6-fd16-4f4e-9509-1591dda57c02","project_id":"e103a4a1-da5d-4737-98f5-d7d7d31567ab","execution_credit":null,"position":null,"user_id":null,"created_at":"2024-05-07T10:08:54.765Z","updated_at":"2024-05-07T10:08:54.786Z","user":null}],"project_admin":[{"id":"9d4723e9-c2c8-4d27-a512-54f26560eaac","project_id":"e103a4a1-da5d-4737-98f5-d7d7d31567ab","execution_credit":null,"position":null,"user_id":null,"created_at":"2024-05-07T10:08:54.813Z","updated_at":"2024-05-07T10:08:54.830Z","user":null}],"bd_project":null},{"name":"17 - Software Engineer (FIS Global)","id":"b0519ab6-bb08-4aed-ac8a-c0f6ea18dd7c","job_title":"Software Engineer","helia_title":null,"job_number":17,"company_id":"067d13e2-e2c5-4e05-b2ab-2259b1b27ce3","service_offering":"ignyte","industry_id":"e4358660-2fb6-4a10-becf-0d77e0d0195c","industries":["AI Managed - IT-Software"],"job_functions":[],"job_type":"full_time","location":"Pune, Maharashtra, India","by_product_fee":null,"location_place_id":"ChIJARFGZy6_wjsRQ-Oenb9DjYI","country_id":"e085ee1f-1f66-45b6-bec2-b75ffd092c32","state_id":"93ae9317-85f3-490c-a2f1-44e6b4d0790f","min_experience":1,"location_city":"","max_experience":10,"min_compensation":"1000000","max_compensation":"100000000","additional_info":"<p>Test............!!!!!!!!!!!!!!!!!!!!!!!!!!!!!!!!!!!!!!!!!!!!!!!!!!!!!!!!1</p>","updated_by":"34db6aeb-73c1-4046-a013-d0dfd2d9433c","created_by":"34db6aeb-73c1-4046-a013-d0dfd2d9433c","created_at":"2024-05-09T07:04:22.932Z","updated_at":"2024-05-09T07:10:09.705Z","deleted_at":null,"pay_frequency":"quarterly","target_compensation_bonus":"100000","target_compensation_equity":"1000","work_experience_min_years_experience":1,"work_experience_max_years_current_company":15,"experience_mandatory":true,"max_experience_mandatory":true,"stage":"Open","loe_date":null,"billing_address":null,"fee_type":null,"fee_amount":null,"fee_percentage":null,"is_fee_cap":null,"fee_cap_amount":null,"billing_notes":null,"is_po_direct":null,"po_number":null,"invoice_delivery_type":null,"projected_start_date":null,"start_date":null,"offhold_date":null,"onhold_date":null,"end_date":null,"probability":null,"competition":null,"billable":false,"billing_region":null,"milestones":null,"estimated_fee_amount":null,"term_type":null,"intervals":null,"intervals_other":null,"vendor_portal":null,"billing_status":null,"estimated_percentage_base":null,"actual_percentage_base":null,"estimated_indirect_total_fee":null,"actual_indirect_total_fee":null,"estimated_revenue":null,"actual_revenue":null,"actual_overridden_revenue":null,"total_invoice_amt":null,"total_collected_amt":null,"collected_percentage":null,"is_invoice_approved":null,"email_invoice_to":null,"invoice_terms":null,"approval_requested_date":null,"approval_requested_by":null,"total_invoice_expense":null,"bd_reject_reason":null,"revenue_changed":null,"market":null,"bd_status":null,"bd_project_id":null,"record_type":"Project","horizontal_practice":null,"vertical_practice":null,"project_type":null,"result":null,"is_nda":false,"is_confidential":null,"vc_pe":null,"encore_number":null,"framework_type":"helia","external_id":null,"bd_currency":"b3d86c51-46df-4ecf-bf65-9a037edd2a56","candidate_count":"0","pending_review_count":"0","project_tags":[],"ign_companies":{"id":"067d13e2-e2c5-4e05-b2ab-2259b1b27ce3","name":"FIS Global","created_by":"34db6aeb-73c1-4046-a013-d0dfd2d9433c","updated_by":"34db6aeb-73c1-4046-a013-d0dfd2d9433c","created_at":"2024-05-07T08:58:49.765Z","updated_at":"2024-05-07T09:02:03.870Z","deleted_at":null,"website_url":"www.fisglobal.com","linkedin_url":null,"employee_range_from":50000,"employee_range_to":55000,"revenue_range_to":2000000,"revenue_range_from":1000000,"comments":"<p>Test.........!!!!!!!!!!!!!!!!!!!!!!!!!!!!!!!!!!!11</p>","currency_code":"INR","currency_unit":"billion","location_id":"ChIJeZLjNx6wNi4R6qaQ53a1eaA","location_description":"Bengkulu, Bengkulu City, Bengkulu, Indonesia","image_id":null,"company_status":"active","capital_structure":"private","investor_information":null,"ticker_symbol":"Ok","industries":["ai managed - it-software","ai managed - software testing","ai managed - computer software"],"employee_range":"10000plus","revenue_range":"Over $5 bil.","external_id":null},"ign_industries":{"id":"e4358660-2fb6-4a10-becf-0d77e0d0195c","name":"AI Managed - IT-Software","created_at":"2024-04-15T10:43:45.236Z","updated_at":"2024-04-15T10:43:45.236Z"},"service_offering_value":{"field_value":"ignyte","short_desc":"Ignyte"},"bd_status_value":null,"job_type_value":{"field_value":"full_time","short_desc":"Full Time"},"pay_frequency_value":{"field_value":"quarterly","short_desc":"Quarterly"},"bd_currency_values":{"id":"b3d86c51-46df-4ecf-bf65-9a037edd2a56","code":"INR","name":"Indian Rupee","conversion_rate":71.3275,"currency_icon":"₹","prefix":true,"created_at":"2024-04-10T10:58:36.442Z","updated_at":"2024-04-10T10:58:36.442Z"},"creator":{"name":"Namrata Mehta","id":"34db6aeb-73c1-4046-a013-d0dfd2d9433c","cognito_id":"nmehta@kingsleygate.com","first_name":"Namrata","last_name":"Mehta","email":"nmehta@kingsleygate.com","tenant_id":null,"active":null,"type":null,"created_at":"2024-04-16T10:36:11.750Z","updated_at":"2024-04-16T10:36:11.750Z","created_by":null,"updated_by":null},"updater":{"name":"Namrata Mehta","id":"34db6aeb-73c1-4046-a013-d0dfd2d9433c","cognito_id":"nmehta@kingsleygate.com","first_name":"Namrata","last_name":"Mehta","email":"nmehta@kingsleygate.com","tenant_id":null,"active":null,"type":null,"created_at":"2024-04-16T10:36:11.750Z","updated_at":"2024-04-16T10:36:11.750Z","created_by":null,"updated_by":null},"partners":[],"researchers":[],"recruiters":[],"project_admin":[],"bd_project":null},{"name":"15 - Project Manager (Synechron)","id":"7629382b-c929-4d96-a8a7-e1fa8f6c33d8","job_title":"Project Manager","helia_title":null,"job_number":15,"company_id":"e12ec1cf-559a-45d6-ab19-be2c524837fe","service_offering":"ignyte","industry_id":"e4358660-2fb6-4a10-becf-0d77e0d0195c","industries":["AI Managed - IT-Software"],"job_functions":[],"job_type":"full_time","location":"Bangor, MI, USA","by_product_fee":null,"location_place_id":"ChIJPRUWToZOF4gRIS6uZM13UuA","country_id":"e085ee1f-1f66-45b6-bec2-b75ffd092c32","state_id":"93ae9317-85f3-490c-a2f1-44e6b4d0790f","min_experience":9,"location_city":"","max_experience":16,"min_compensation":null,"max_compensation":null,"additional_info":"","updated_by":"34db6aeb-73c1-4046-a013-d0dfd2d9433c","created_by":"34db6aeb-73c1-4046-a013-d0dfd2d9433c","created_at":"2024-04-26T10:54:42.005Z","updated_at":"2024-04-26T10:56:22.623Z","deleted_at":null,"pay_frequency":"quarterly","target_compensation_bonus":null,"target_compensation_equity":null,"work_experience_min_years_experience":null,"work_experience_max_years_current_company":null,"experience_mandatory":true,"max_experience_mandatory":true,"stage":"Open","loe_date":null,"billing_address":null,"fee_type":null,"fee_amount":null,"fee_percentage":null,"is_fee_cap":null,"fee_cap_amount":null,"billing_notes":null,"is_po_direct":null,"po_number":null,"invoice_delivery_type":null,"projected_start_date":"2024-04-03","start_date":null,"offhold_date":null,"onhold_date":null,"end_date":null,"probability":"25%","competition":null,"billable":false,"billing_region":null,"milestones":null,"estimated_fee_amount":null,"term_type":null,"intervals":null,"intervals_other":null,"vendor_portal":null,"billing_status":null,"estimated_percentage_base":null,"actual_percentage_base":null,"estimated_indirect_total_fee":null,"actual_indirect_total_fee":null,"estimated_revenue":null,"actual_revenue":null,"actual_overridden_revenue":null,"total_invoice_amt":null,"total_collected_amt":null,"collected_percentage":null,"is_invoice_approved":null,"email_invoice_to":null,"invoice_terms":null,"approval_requested_date":null,"approval_requested_by":null,"total_invoice_expense":null,"bd_reject_reason":null,"revenue_changed":false,"market":"3aaaed9a-074a-46ca-8f91-36d7506d4c64","bd_status":"target_identified","bd_project_id":null,"record_type":"Project","horizontal_practice":null,"vertical_practice":null,"project_type":"retained","result":null,"is_nda":false,"is_confidential":null,"vc_pe":null,"encore_number":null,"framework_type":"helia","external_id":null,"bd_currency":"4e4b0281-8de8-4c82-b628-02f876364e1e","candidate_count":"1","pending_review_count":"0","project_tags":[],"ign_companies":{"id":"e12ec1cf-559a-45d6-ab19-be2c524837fe","name":"Synechron","created_by":"34db6aeb-73c1-4046-a013-d0dfd2d9433c","updated_by":null,"created_at":"2024-04-26T10:50:16.597Z","updated_at":"2024-04-26T10:50:16.597Z","deleted_at":null,"website_url":"www.synechro.com","linkedin_url":"https://www.linkedin.com/company/synechron/","employee_range_from":null,"employee_range_to":null,"revenue_range_to":null,"revenue_range_from":null,"comments":null,"currency_code":null,"currency_unit":null,"location_id":null,"location_description":null,"image_id":null,"company_status":"active","capital_structure":null,"investor_information":null,"ticker_symbol":null,"industries":["Security"],"employee_range":null,"revenue_range":null,"external_id":null},"ign_industries":{"id":"e4358660-2fb6-4a10-becf-0d77e0d0195c","name":"AI Managed - IT-Software","created_at":"2024-04-15T10:43:45.236Z","updated_at":"2024-04-15T10:43:45.236Z"},"service_offering_value":{"field_value":"ignyte","short_desc":"Ignyte"},"bd_status_value":{"field_value":"target_identified","short_desc":"Target Identified"},"job_type_value":{"field_value":"full_time","short_desc":"Full Time"},"pay_frequency_value":{"field_value":"quarterly","short_desc":"Quarterly"},"bd_currency_values":{"id":"4e4b0281-8de8-4c82-b628-02f876364e1e","code":"CLP","name":"Chilean Peso","conversion_rate":783.05,"currency_icon":"$","prefix":true,"created_at":"2024-04-10T10:58:36.442Z","updated_at":"2024-04-10T10:58:36.442Z"},"creator":{"name":"Namrata Mehta","id":"34db6aeb-73c1-4046-a013-d0dfd2d9433c","cognito_id":"nmehta@kingsleygate.com","first_name":"Namrata","last_name":"Mehta","email":"nmehta@kingsleygate.com","tenant_id":null,"active":null,"type":null,"created_at":"2024-04-16T10:36:11.750Z","updated_at":"2024-04-16T10:36:11.750Z","created_by":null,"updated_by":null},"updater":{"name":"Namrata Mehta","id":"34db6aeb-73c1-4046-a013-d0dfd2d9433c","cognito_id":"nmehta@kingsleygate.com","first_name":"Namrata","last_name":"Mehta","email":"nmehta@kingsleygate.com","tenant_id":null,"active":null,"type":null,"created_at":"2024-04-16T10:36:11.750Z","updated_at":"2024-04-16T10:36:11.750Z","created_by":null,"updated_by":null},"partners":[{"id":"551b7cf9-0f2f-4dd5-992b-5d3a9856be52","project_id":"7629382b-c929-4d96-a8a7-e1fa8f6c33d8","origination_credit":null,"selling_credit":null,"execution_credit":null,"position":null,"is_lead":false,"user_id":"28bd9772-63eb-4def-8cc5-f99458ed4f9d","created_at":"2024-04-26T10:57:19.076Z","updated_at":"2024-04-26T10:57:19.102Z","user":{"name":"Ankita Sethi","id":"28bd9772-63eb-4def-8cc5-f99458ed4f9d","cognito_id":"ankita.sethi@kingsleygate.com","first_name":"Ankita","last_name":"Sethi","email":"ankita.sethi@kingsleygate.com","tenant_id":null,"active":null,"type":null,"created_at":"2024-04-16T10:04:17.027Z","updated_at":"2024-12-05T06:17:20.361Z","created_by":null,"updated_by":null}}],"researchers":[{"id":"47525816-e5af-4865-8c97-9bb7136a8fe9","project_id":"7629382b-c929-4d96-a8a7-e1fa8f6c33d8","execution_credit":null,"position":null,"user_id":null,"created_at":"2024-04-26T10:57:19.138Z","updated_at":"2024-04-26T10:57:19.157Z","user":null}],"recruiters":[{"id":"636304f1-52fd-455d-9054-d12da592fe98","project_id":"7629382b-c929-4d96-a8a7-e1fa8f6c33d8","execution_credit":null,"position":null,"user_id":null,"created_at":"2024-04-26T10:57:19.111Z","updated_at":"2024-04-26T10:57:19.131Z","user":null}],"project_admin":[{"id":"81bcdbf3-96bd-4bb2-ade7-e89aa70a6c39","project_id":"7629382b-c929-4d96-a8a7-e1fa8f6c33d8","execution_credit":null,"position":null,"user_id":null,"created_at":"2024-04-26T10:57:19.164Z","updated_at":"2024-04-26T10:57:19.185Z","user":null}],"bd_project":null},{"name":"4 - Sr QA Engineer (Kroll)","id":"724af946-b9d7-4665-b5f8-eebab562940e","job_title":"Sr QA Engineer","helia_title":null,"job_number":4,"company_id":"680e298c-7844-461c-b222-dbb18f3b92db","service_offering":"ignyte","industry_id":"e4358660-2fb6-4a10-becf-0d77e0d0195c","industries":["AI Managed - IT-Software"],"job_functions":[],"job_type":"full_time","location":"Bengaluru, Karnataka, India","by_product_fee":null,"location_place_id":"ChIJbU60yXAWrjsR4E9-UejD3_g","country_id":"e085ee1f-1f66-45b6-bec2-b75ffd092c32","state_id":"93ae9317-85f3-490c-a2f1-44e6b4d0790f","min_experience":5,"location_city":"","max_experience":10,"min_compensation":"1000","max_compensation":"2000","additional_info":"","updated_by":null,"created_by":"34db6aeb-73c1-4046-a013-d0dfd2d9433c","created_at":"2024-04-23T14:06:14.750Z","updated_at":"2024-04-23T14:06:14.750Z","deleted_at":null,"pay_frequency":"quarterly","target_compensation_bonus":null,"target_compensation_equity":null,"work_experience_min_years_experience":null,"work_experience_max_years_current_company":null,"experience_mandatory":true,"max_experience_mandatory":true,"stage":"Open","loe_date":null,"billing_address":null,"fee_type":null,"fee_amount":null,"fee_percentage":null,"is_fee_cap":null,"fee_cap_amount":null,"billing_notes":null,"is_po_direct":null,"po_number":null,"invoice_delivery_type":null,"projected_start_date":null,"start_date":null,"offhold_date":null,"onhold_date":null,"end_date":null,"probability":null,"competition":null,"billable":false,"billing_region":null,"milestones":null,"estimated_fee_amount":null,"term_type":null,"intervals":null,"intervals_other":null,"vendor_portal":null,"billing_status":null,"estimated_percentage_base":null,"actual_percentage_base":null,"estimated_indirect_total_fee":null,"actual_indirect_total_fee":null,"estimated_revenue":null,"actual_revenue":null,"actual_overridden_revenue":null,"total_invoice_amt":null,"total_collected_amt":null,"collected_percentage":null,"is_invoice_approved":null,"email_invoice_to":null,"invoice_terms":null,"approval_requested_date":null,"approval_requested_by":null,"total_invoice_expense":null,"bd_reject_reason":null,"revenue_changed":null,"market":null,"bd_status":null,"bd_project_id":null,"record_type":"Project","horizontal_practice":null,"vertical_practice":null,"project_type":null,"result":null,"is_nda":false,"is_confidential":null,"vc_pe":null,"encore_number":null,"framework_type":"helia","external_id":null,"bd_currency":"3ff776c4-b80a-44fd-bd41-50de2eaa69e6","candidate_count":"0","pending_review_count":"0","project_tags":[],"ign_companies":{"id":"680e298c-7844-461c-b222-dbb18f3b92db","name":"Kroll","created_by":null,"updated_by":null,"created_at":"2024-04-16T12:06:48.663Z","updated_at":"2024-04-16T12:06:48.663Z","deleted_at":null,"website_url":null,"linkedin_url":null,"employee_range_from":null,"employee_range_to":null,"revenue_range_to":null,"revenue_range_from":null,"comments":null,"currency_code":null,"currency_unit":null,"location_id":null,"location_description":null,"image_id":null,"company_status":null,"capital_structure":null,"investor_information":null,"ticker_symbol":null,"industries":null,"employee_range":null,"revenue_range":null,"external_id":null},"ign_industries":{"id":"e4358660-2fb6-4a10-becf-0d77e0d0195c","name":"AI Managed - IT-Software","created_at":"2024-04-15T10:43:45.236Z","updated_at":"2024-04-15T10:43:45.236Z"},"service_offering_value":{"field_value":"ignyte","short_desc":"Ignyte"},"bd_status_value":null,"job_type_value":{"field_value":"full_time","short_desc":"Full Time"},"pay_frequency_value":{"field_value":"quarterly","short_desc":"Quarterly"},"bd_currency_values":{"id":"3ff776c4-b80a-44fd-bd41-50de2eaa69e6","code":"AED","name":"United Arab Emirates Dirham","conversion_rate":3.67,"currency_icon":"د.إ","prefix":true,"created_at":"2024-04-10T10:58:36.442Z","updated_at":"2024-04-10T10:58:36.442Z"},"creator":{"name":"Namrata Mehta","id":"34db6aeb-73c1-4046-a013-d0dfd2d9433c","cognito_id":"nmehta@kingsleygate.com","first_name":"Namrata","last_name":"Mehta","email":"nmehta@kingsleygate.com","tenant_id":null,"active":null,"type":null,"created_at":"2024-04-16T10:36:11.750Z","updated_at":"2024-04-16T10:36:11.750Z","created_by":null,"updated_by":null},"updater":null,"partners":[],"researchers":[],"recruiters":[],"project_admin":[],"bd_project":null}],"paging":{"totalCount":16,"page":1,"limit":50},"counts":[{"stage":"Open","count":"16"},{"stage":"On Hold","count":0},{"stage":"Closed","count":"1"},{"stage":"None","count":0},{"stage":"Draft","count":"35"}]},"counts":[{"stage":"Open","count":"16"},{"stage":"On Hold","count":0},{"stage":"Closed","count":"1"},{"stage":"None","count":0},{"stage":"Draft","count":"35"}]}
]]></system-out>
    <system-err><![CDATA[SLF4J(W): No SLF4J providers were found.
SLF4J(W): Defaulting to no-operation (NOP) logger implementation
SLF4J(W): See https://www.slf4j.org/codes.html#noProviders for further details.
SLF4J(W): Class path contains SLF4J bindings targeting slf4j-api versions 1.7.x or earlier.
SLF4J(W): Ignoring binding found at [jar:file:/C:/Users/NamrataMehta/.m2/repository/org/apache/logging/log4j/log4j-slf4j-impl/2.14.1/log4j-slf4j-impl-2.14.1.jar!/org/slf4j/impl/StaticLoggerBinder.class]
SLF4J(W): See https://www.slf4j.org/codes.html#ignoredBindings for an explanation.
log4j:WARN No appenders could be found for logger (org.apache.http.impl.conn.BasicClientConnectionManager).
log4j:WARN Please initialize the log4j system properly.
log4j:WARN See http://logging.apache.org/log4j/1.2/faq.html#noconfig for more info.
]]></system-err>
  </testcase>
</testsuite>