<?xml version="1.0" encoding="UTF-8"?>
<!-- Generated by org.testng.reporters.JUnitReportReporter -->
<testsuite hostname="KingsleyGate1" failures="0" tests="1" name="api.test.GetProjectsTest" time="3.581" errors="0" timestamp="2025-02-25T12:41:46 IST" skipped="0">
  <testcase classname="api.test.GetProjectsTest" name="getProjectsDetail" time="3.581"/>
</testsuite> <!-- api.test.GetProjectsTest -->
