<?xml version="1.0" encoding="UTF-8"?>
<!-- Generated by org.testng.reporters.JUnitReportReporter -->
<testsuite hostname="KingsleyGate1" failures="0" tests="1" name="api.test.GetContactsTest" time="2.631" errors="0" timestamp="2025-02-21T07:36:55 IST" skipped="0">
  <testcase classname="api.test.GetContactsTest" name="getContactsDetail" time="2.631"/>
</testsuite> <!-- api.test.GetContactsTest -->
