<?xml version="1.0" encoding="UTF-8"?>
<!-- Generated by org.testng.reporters.JUnitReportReporter -->
<testsuite hostname="KingsleyGate1" failures="0" tests="1" name="api.test.GetProjectsTest" time="3.117" errors="0" timestamp="2025-02-23T07:18:37 IST" skipped="0">
  <testcase classname="api.test.GetProjectsTest" name="getProjectsDetail" time="3.117"/>
</testsuite> <!-- api.test.GetProjectsTest -->
